{"level":"info","message":"[PlaylistEmitter] Initialized","timestamp":"2026-03-01T03:55:48.097Z"}
{"body":{"email":"admin@jewellery.com","password":"admin123"},"level":"debug","message":"Validation middleware - Starting","timestamp":"2026-03-01T03:58:27.235Z"}
{"email":"admin@jewellery.com","level":"debug","message":"AuthService.login - Starting","timestamp":"2026-03-01T03:58:27.295Z"}
{"email":"admin@jewellery.com","level":"debug","message":"AuthService.login - Success","timestamp":"2026-03-01T03:58:29.342Z","userId":1}
{"level":"debug","message":"DeviceService.getDeviceStatus - Starting","timestamp":"2026-03-01T03:58:33.247Z"}
{"level":"debug","message":"BranchService.getAllBranches - Starting","timestamp":"2026-03-01T03:58:33.309Z"}
{"level":"debug","message":"ScheduleService.getAllSchedules - Starting","timestamp":"2026-03-01T03:58:33.342Z"}
{"count":4,"level":"debug","message":"DeviceService.getDeviceStatus - Success","timestamp":"2026-03-01T03:58:34.208Z"}
{"count":3,"level":"debug","message":"ScheduleService.getAllSchedules - Success","timestamp":"2026-03-01T03:58:34.293Z"}
{"count":3,"level":"debug","message":"BranchService.getAllBranches - Success","timestamp":"2026-03-01T03:58:34.309Z"}
{"level":"debug","message":"ScheduleService.getAllSchedules - Starting","timestamp":"2026-03-01T03:58:34.334Z"}
{"level":"debug","message":"BranchService.getAllBranches - Starting","timestamp":"2026-03-01T03:58:34.343Z"}
{"count":3,"level":"debug","message":"ScheduleService.getAllSchedules - Success","timestamp":"2026-03-01T03:58:34.353Z"}
{"count":3,"level":"debug","message":"BranchService.getAllBranches - Success","timestamp":"2026-03-01T03:58:34.361Z"}
{"level":"debug","message":"DeviceService.getDeviceStatus - Starting","timestamp":"2026-03-01T03:58:34.535Z"}
{"count":4,"level":"debug","message":"DeviceService.getDeviceStatus - Success","timestamp":"2026-03-01T03:58:34.546Z"}
{"level":"debug","message":"BranchService.getAllBranches - Starting","timestamp":"2026-03-01T03:59:21.225Z"}
{"level":"debug","message":"ScheduleService.getAllSchedules - Starting","timestamp":"2026-03-01T03:59:21.236Z"}
{"level":"debug","message":"DeviceService.getDeviceStatus - Starting","timestamp":"2026-03-01T03:59:21.243Z"}
{"count":3,"level":"debug","message":"BranchService.getAllBranches - Success","timestamp":"2026-03-01T03:59:21.276Z"}
{"count":4,"level":"debug","message":"DeviceService.getDeviceStatus - Success","timestamp":"2026-03-01T03:59:21.285Z"}
{"count":3,"level":"debug","message":"ScheduleService.getAllSchedules - Success","timestamp":"2026-03-01T03:59:21.292Z"}
{"level":"debug","message":"DeviceService.getDeviceStatus - Starting","timestamp":"2026-03-01T03:59:21.360Z"}
{"count":4,"level":"debug","message":"DeviceService.getDeviceStatus - Success","timestamp":"2026-03-01T03:59:21.374Z"}
{"level":"debug","message":"BranchService.getAllBranches - Starting","timestamp":"2026-03-01T03:59:37.051Z"}
{"level":"debug","message":"AudioService.getAllAudios - Starting","timestamp":"2026-03-01T03:59:37.059Z"}
{"count":3,"level":"debug","message":"BranchService.getAllBranches - Success","timestamp":"2026-03-01T03:59:37.067Z"}
{"count":3,"level":"debug","message":"AudioService.getAllAudios - Success","timestamp":"2026-03-01T03:59:37.081Z"}
{"level":"debug","message":"BranchService.getAllBranches - Starting","timestamp":"2026-03-01T03:59:37.085Z"}
{"count":3,"level":"debug","message":"BranchService.getAllBranches - Success","timestamp":"2026-03-01T03:59:37.102Z"}
{"level":"debug","message":"AudioService.getAllAudios - Starting","timestamp":"2026-03-01T03:59:37.107Z"}
{"count":3,"level":"debug","message":"AudioService.getAllAudios - Success","timestamp":"2026-03-01T03:59:37.113Z"}
{"branchId":"1","level":"debug","message":"PlaylistService.getPlaylistForAdmin - Starting","timestamp":"2026-03-01T03:59:37.150Z"}
{"branchId":"1","count":3,"level":"debug","message":"PlaylistService.getPlaylistForAdmin - Success","timestamp":"2026-03-01T03:59:37.201Z"}
{"0":{"audio":{"audio_type":"DAILY","duration_seconds":152,"file_url":"uploads/audio/076c5ee7-b884-4c3d-85fc-36eb68425846.mp3","id":5,"is_active":true,"language":"Hindi","title":"audio-1"},"audio_id":5,"branch_id":1,"id":3,"is_active":true,"order_index":0},"1":{"audio":{"audio_type":"FESTIVAL","duration_seconds":120,"file_url":"uploads/audio/1ba0ff30-39ec-4d10-92ea-e185c0410abd.mp3","id":2,"is_active":true,"language":"Hindi","title":"Diwali Promo"},"audio_id":2,"branch_id":1,"id":2,"is_active":true,"order_index":1},"2":{"audio":{"audio_type":"PRAYER","duration_seconds":180,"file_url":"uploads/audio/8cd8e649-ef13-49d7-8de8-c6b4a6125fff.mp3","id":1,"is_active":true,"language":"Hindi","title":"Morning Prayer"},"audio_id":1,"branch_id":1,"id":1,"is_active":true,"order_index":2},"level":"debug","message":"playlist","timestamp":"2026-03-01T03:59:37.203Z"}
{"level":"debug","message":"DeviceService.getDeviceStatus - Starting","timestamp":"2026-03-01T04:00:56.581Z"}
{"level":"debug","message":"BranchService.getAllBranches - Starting","timestamp":"2026-03-01T04:00:56.593Z"}
{"level":"debug","message":"ScheduleService.getAllSchedules - Starting","timestamp":"2026-03-01T04:00:56.603Z"}
{"count":4,"level":"debug","message":"DeviceService.getDeviceStatus - Success","timestamp":"2026-03-01T04:00:56.614Z"}
{"count":3,"level":"debug","message":"BranchService.getAllBranches - Success","timestamp":"2026-03-01T04:00:56.623Z"}
{"count":3,"level":"debug","message":"ScheduleService.getAllSchedules - Success","timestamp":"2026-03-01T04:00:56.630Z"}
{"level":"debug","message":"ScheduleService.getAllSchedules - Starting","timestamp":"2026-03-01T04:00:56.651Z"}
{"level":"debug","message":"BranchService.getAllBranches - Starting","timestamp":"2026-03-01T04:00:56.660Z"}
{"count":3,"level":"debug","message":"ScheduleService.getAllSchedules - Success","timestamp":"2026-03-01T04:00:56.670Z"}
{"count":3,"level":"debug","message":"BranchService.getAllBranches - Success","timestamp":"2026-03-01T04:00:56.676Z"}
{"level":"debug","message":"DeviceService.getDeviceStatus - Starting","timestamp":"2026-03-01T04:00:56.702Z"}
{"count":4,"level":"debug","message":"DeviceService.getDeviceStatus - Success","timestamp":"2026-03-01T04:00:56.713Z"}
{"level":"info","message":"🔌 Device connected: DEV-000001-001 (branch: 1)","timestamp":"2026-03-01T04:03:30.062Z"}
{"deviceCode":"DEV-000001-001","level":"debug","message":"ScheduleService.getDeviceSchedule - Starting","timestamp":"2026-03-01T04:03:30.101Z"}
{"deviceCode":"DEV-000001-001","level":"debug","message":"ScheduleService.getDeviceSchedule - Fetching schedules","timestamp":"2026-03-01T04:03:30.370Z","todayStr":"2026-03-01"}
{"inputCount":3,"level":"debug","message":"ScheduleService._resolvePriorityConflicts - Starting","timestamp":"2026-03-01T04:03:30.591Z"}
{"level":"debug","message":"ScheduleService._resolvePriorityConflicts - Done","outputCount":3,"timestamp":"2026-03-01T04:03:30.593Z"}
{"deviceCode":"DEV-000001-001","level":"debug","message":"ScheduleService.getDeviceSchedule - Success","scheduleCount":3,"timestamp":"2026-03-01T04:03:30.594Z"}
{"branchId":1,"level":"debug","message":"PlaylistService.buildPlaylistPayload - Starting","timestamp":"2026-03-01T04:03:30.605Z"}
{"branchId":1,"count":3,"level":"debug","message":"PlaylistService.buildPlaylistPayload - Success","timestamp":"2026-03-01T04:03:30.650Z"}
{"level":"info","message":"📻 Sent playlist to DEV-000001-001 — 3 tracks","timestamp":"2026-03-01T04:03:30.652Z"}
{"audio_id":5,"current_audio":"audio-1","level":"info","message":"💓 Heartbeat from DEV-000001-001:","mode":"PLAYLIST","position_ms":-1,"status":"PLAYING","timestamp":"2026-03-01T04:03:30.661Z","volume":51}
{"audio_id":5,"current_audio":"audio-1","level":"info","message":"💓 Heartbeat from DEV-000001-001:","mode":"PLAYLIST","position_ms":0,"status":"PLAYING","timestamp":"2026-03-01T04:03:30.964Z","volume":51}
{"audio_id":5,"current_audio":"audio-1","level":"info","message":"💓 Heartbeat from DEV-000001-001:","mode":"PLAYLIST","position_ms":43700,"status":"PLAYING","timestamp":"2026-03-01T04:04:15.358Z","volume":51}
{"level":"debug","message":"DeviceService.getDeviceStatus - Starting","timestamp":"2026-03-01T04:04:35.234Z"}
{"level":"debug","message":"ScheduleService.getAllSchedules - Starting","timestamp":"2026-03-01T04:04:35.242Z"}
{"level":"debug","message":"BranchService.getAllBranches - Starting","timestamp":"2026-03-01T04:04:35.251Z"}
{"count":4,"level":"debug","message":"DeviceService.getDeviceStatus - Success","timestamp":"2026-03-01T04:04:35.336Z"}
{"count":3,"level":"debug","message":"BranchService.getAllBranches - Success","timestamp":"2026-03-01T04:04:35.342Z"}
{"count":3,"level":"debug","message":"ScheduleService.getAllSchedules - Success","timestamp":"2026-03-01T04:04:35.353Z"}
{"level":"debug","message":"DeviceService.getDeviceStatus - Starting","timestamp":"2026-03-01T04:04:35.462Z"}
{"count":4,"level":"debug","message":"DeviceService.getDeviceStatus - Success","timestamp":"2026-03-01T04:04:35.492Z"}
{"audio_id":5,"current_audio":"audio-1","level":"info","message":"💓 Heartbeat from DEV-000001-001:","mode":"PLAYLIST","position_ms":88763,"status":"PLAYING","timestamp":"2026-03-01T04:05:00.361Z","volume":51}
{"level":"debug","message":"Validation middleware - Starting","params":{"id":"1"},"timestamp":"2026-03-01T04:05:14.250Z"}
{"data":{"volume":0},"id":"1","level":"debug","message":"DeviceService.updateDeviceVolume - Starting","timestamp":"2026-03-01T04:05:14.258Z"}
{"id":"1","level":"debug","message":"DeviceService.updateDeviceVolume - Success","timestamp":"2026-03-01T04:05:14.271Z"}
{"level":"debug","message":"Validation middleware - Starting","params":{"id":"1"},"timestamp":"2026-03-01T04:05:16.298Z"}
{"data":{"volume":66},"id":"1","level":"debug","message":"DeviceService.updateDeviceVolume - Starting","timestamp":"2026-03-01T04:05:16.300Z"}
{"id":"1","level":"debug","message":"DeviceService.updateDeviceVolume - Success","timestamp":"2026-03-01T04:05:16.307Z"}
{"level":"debug","message":"Validation middleware - Starting","params":{"id":"1"},"timestamp":"2026-03-01T04:05:18.807Z"}
{"data":{"volume":12},"id":"1","level":"debug","message":"DeviceService.updateDeviceVolume - Starting","timestamp":"2026-03-01T04:05:18.808Z"}
{"id":"1","level":"debug","message":"DeviceService.updateDeviceVolume - Success","timestamp":"2026-03-01T04:05:18.815Z"}
{"level":"info","message":"[PlaylistEmitter] Initialized","timestamp":"2026-03-01T04:12:49.001Z"}
{"level":"info","message":"[PlaylistEmitter] Initialized","timestamp":"2026-03-01T04:14:08.245Z"}
{"body":{"email":"admin@jewellery.com","password":"admin123"},"level":"debug","message":"Validation middleware - Starting","timestamp":"2026-03-01T04:19:20.784Z"}
{"email":"admin@jewellery.com","level":"debug","message":"AuthService.login - Starting","timestamp":"2026-03-01T04:19:20.820Z"}
{"email":"admin@jewellery.com","level":"debug","message":"AuthService.login - Success","timestamp":"2026-03-01T04:19:21.474Z","userId":1}
{"level":"debug","message":"DeviceService.getDeviceStatus - Starting","timestamp":"2026-03-01T04:19:27.333Z"}
{"level":"debug","message":"BranchService.getAllBranches - Starting","timestamp":"2026-03-01T04:19:27.399Z"}
{"level":"debug","message":"ScheduleService.getAllSchedules - Starting","timestamp":"2026-03-01T04:19:27.426Z"}
{"count":3,"level":"debug","message":"BranchService.getAllBranches - Success","timestamp":"2026-03-01T04:19:27.795Z"}
{"level":"debug","message":"BranchService.getAllBranches - Starting","timestamp":"2026-03-01T04:19:27.868Z"}
{"count":3,"level":"debug","message":"BranchService.getAllBranches - Success","timestamp":"2026-03-01T04:19:27.882Z"}
{"count":4,"level":"debug","message":"DeviceService.getDeviceStatus - Success","timestamp":"2026-03-01T04:19:28.093Z"}
{"count":3,"level":"debug","message":"ScheduleService.getAllSchedules - Success","timestamp":"2026-03-01T04:19:28.276Z"}
{"level":"debug","message":"ScheduleService.getAllSchedules - Starting","timestamp":"2026-03-01T04:19:28.297Z"}
{"count":3,"level":"debug","message":"ScheduleService.getAllSchedules - Success","timestamp":"2026-03-01T04:19:28.315Z"}
{"level":"debug","message":"DeviceService.getDeviceStatus - Starting","timestamp":"2026-03-01T04:19:28.441Z"}
{"count":4,"level":"debug","message":"DeviceService.getDeviceStatus - Success","timestamp":"2026-03-01T04:19:28.456Z"}
{"level":"debug","message":"AudioService.getAllAudios - Starting","timestamp":"2026-03-01T04:21:10.525Z"}
{"level":"debug","message":"BranchService.getAllBranches - Starting","timestamp":"2026-03-01T04:21:10.534Z"}
{"count":3,"level":"debug","message":"AudioService.getAllAudios - Success","timestamp":"2026-03-01T04:21:10.558Z"}
{"count":3,"level":"debug","message":"BranchService.getAllBranches - Success","timestamp":"2026-03-01T04:21:10.568Z"}
{"level":"debug","message":"AudioService.getAllAudios - Starting","timestamp":"2026-03-01T04:21:10.588Z"}
{"level":"debug","message":"BranchService.getAllBranches - Starting","timestamp":"2026-03-01T04:21:10.593Z"}
{"count":3,"level":"debug","message":"AudioService.getAllAudios - Success","timestamp":"2026-03-01T04:21:10.598Z"}
{"count":3,"level":"debug","message":"BranchService.getAllBranches - Success","timestamp":"2026-03-01T04:21:10.604Z"}
{"branchId":"1","level":"debug","message":"PlaylistService.getPlaylistForAdmin - Starting","timestamp":"2026-03-01T04:21:10.651Z"}
{"branchId":"1","count":3,"level":"debug","message":"PlaylistService.getPlaylistForAdmin - Success","timestamp":"2026-03-01T04:21:10.742Z"}
{"0":{"audio":{"audio_type":"DAILY","duration_seconds":152,"file_url":"uploads/audio/076c5ee7-b884-4c3d-85fc-36eb68425846.mp3","id":5,"is_active":true,"language":"Hindi","title":"audio-1"},"audio_id":5,"branch_id":1,"id":3,"is_active":true,"order_index":0},"1":{"audio":{"audio_type":"FESTIVAL","duration_seconds":120,"file_url":"uploads/audio/1ba0ff30-39ec-4d10-92ea-e185c0410abd.mp3","id":2,"is_active":true,"language":"Hindi","title":"Diwali Promo"},"audio_id":2,"branch_id":1,"id":2,"is_active":true,"order_index":1},"2":{"audio":{"audio_type":"PRAYER","duration_seconds":180,"file_url":"uploads/audio/8cd8e649-ef13-49d7-8de8-c6b4a6125fff.mp3","id":1,"is_active":true,"language":"Hindi","title":"Morning Prayer"},"audio_id":1,"branch_id":1,"id":1,"is_active":true,"order_index":2},"level":"debug","message":"playlist","timestamp":"2026-03-01T04:21:10.743Z"}
{"branchId":"2","level":"debug","message":"PlaylistService.getPlaylistForAdmin - Starting","timestamp":"2026-03-01T04:21:16.361Z"}
{"branchId":"2","count":2,"level":"debug","message":"PlaylistService.getPlaylistForAdmin - Success","timestamp":"2026-03-01T04:21:16.375Z"}
{"0":{"audio":{"audio_type":"DAILY","duration_seconds":152,"file_url":"uploads/audio/076c5ee7-b884-4c3d-85fc-36eb68425846.mp3","id":5,"is_active":true,"language":"Hindi","title":"audio-1"},"audio_id":5,"branch_id":2,"id":4,"is_active":true,"order_index":0},"1":{"audio":{"audio_type":"FESTIVAL","duration_seconds":120,"file_url":"uploads/audio/1ba0ff30-39ec-4d10-92ea-e185c0410abd.mp3","id":2,"is_active":true,"language":"Hindi","title":"Diwali Promo"},"audio_id":2,"branch_id":2,"id":5,"is_active":true,"order_index":1},"level":"debug","message":"playlist","timestamp":"2026-03-01T04:21:16.377Z"}
{"level":"error","message":"togglePlaylistItem error: playlistService.toggleItem is not a function","stack":"TypeError: playlistService.toggleItem is not a function\n    at togglePlaylistItem (D:\\work\\bijoy\\cloud-audio-scheduler\\backend\\src\\controllers\\branchPlaylistController.js:111:46)\n    at Layer.handle [as handle_request] (D:\\work\\bijoy\\cloud-audio-scheduler\\backend\\node_modules\\.pnpm\\express@4.22.1\\node_modules\\express\\lib\\router\\layer.js:95:5)\n    at next (D:\\work\\bijoy\\cloud-audio-scheduler\\backend\\node_modules\\.pnpm\\express@4.22.1\\node_modules\\express\\lib\\router\\route.js:149:13)\n    at D:\\work\\bijoy\\cloud-audio-scheduler\\backend\\src\\middleware\\auth.js:71:5\n    at Layer.handle [as handle_request] (D:\\work\\bijoy\\cloud-audio-scheduler\\backend\\node_modules\\.pnpm\\express@4.22.1\\node_modules\\express\\lib\\router\\layer.js:95:5)\n    at next (D:\\work\\bijoy\\cloud-audio-scheduler\\backend\\node_modules\\.pnpm\\express@4.22.1\\node_modules\\express\\lib\\router\\route.js:149:13)\n    at authenticate (D:\\work\\bijoy\\cloud-audio-scheduler\\backend\\src\\middleware\\auth.js:33:5)\n    at process.processTicksAndRejections (node:internal/process/task_queues:95:5)","timestamp":"2026-03-01T04:21:24.574Z"}
{"branchId":"2","itemId":"5","level":"debug","message":"removeFromPlaylist start","timestamp":"2026-03-01T04:22:23.486Z"}
{"branchId":"2","itemId":"5","level":"info","message":"Playlist item removed","timestamp":"2026-03-01T04:22:23.664Z"}
{"branchId":"2","level":"debug","message":"PlaylistService.buildPlaylistPayload - Starting","timestamp":"2026-03-01T04:22:23.665Z"}
{"branchId":"2","count":1,"level":"debug","message":"PlaylistService.buildPlaylistPayload - Success","timestamp":"2026-03-01T04:22:23.749Z"}
{"level":"info","message":"[PlaylistEmitter] → branch_2 | 1 tracks","timestamp":"2026-03-01T04:22:23.754Z"}
{"branchId":"2","level":"debug","message":"PlaylistService.getPlaylistForAdmin - Starting","timestamp":"2026-03-01T04:22:23.801Z"}
{"branchId":"2","count":2,"level":"debug","message":"PlaylistService.getPlaylistForAdmin - Success","timestamp":"2026-03-01T04:22:23.821Z"}
{"0":{"audio":{"audio_type":"DAILY","duration_seconds":152,"file_url":"uploads/audio/076c5ee7-b884-4c3d-85fc-36eb68425846.mp3","id":5,"is_active":true,"language":"Hindi","title":"audio-1"},"audio_id":5,"branch_id":2,"id":4,"is_active":true,"order_index":0},"1":{"audio":{"audio_type":"FESTIVAL","duration_seconds":120,"file_url":"uploads/audio/1ba0ff30-39ec-4d10-92ea-e185c0410abd.mp3","id":2,"is_active":true,"language":"Hindi","title":"Diwali Promo"},"audio_id":2,"branch_id":2,"id":5,"is_active":true,"order_index":1},"level":"debug","message":"playlist","timestamp":"2026-03-01T04:22:23.822Z"}
{"body":{"audio_id":1},"level":"debug","message":"Validation middleware - Starting","timestamp":"2026-03-01T04:22:38.208Z"}
{"audioId":1,"branchId":"2","level":"debug","message":"PlaylistService.addToPlaylist - Starting","timestamp":"2026-03-01T04:22:38.211Z"}
{"audioId":1,"branchId":"2","level":"info","message":"Audio added to playlist","timestamp":"2026-03-01T04:22:38.356Z"}
{"level":"debug","message":"PlaylistService.addToPlaylist - Success","timestamp":"2026-03-01T04:22:38.373Z"}
{"branchId":"2","level":"debug","message":"PlaylistService.buildPlaylistPayload - Starting","timestamp":"2026-03-01T04:22:38.374Z"}
{"branchId":"2","count":2,"level":"debug","message":"PlaylistService.buildPlaylistPayload - Success","timestamp":"2026-03-01T04:22:38.384Z"}
{"level":"info","message":"[PlaylistEmitter] → branch_2 | 2 tracks","timestamp":"2026-03-01T04:22:38.385Z"}
{"branchId":"2","level":"debug","message":"PlaylistService.getPlaylistForAdmin - Starting","timestamp":"2026-03-01T04:22:38.417Z"}
{"branchId":"2","count":3,"level":"debug","message":"PlaylistService.getPlaylistForAdmin - Success","timestamp":"2026-03-01T04:22:38.429Z"}
{"0":{"audio":{"audio_type":"DAILY","duration_seconds":152,"file_url":"uploads/audio/076c5ee7-b884-4c3d-85fc-36eb68425846.mp3","id":5,"is_active":true,"language":"Hindi","title":"audio-1"},"audio_id":5,"branch_id":2,"id":4,"is_active":true,"order_index":0},"1":{"audio":{"audio_type":"FESTIVAL","duration_seconds":120,"file_url":"uploads/audio/1ba0ff30-39ec-4d10-92ea-e185c0410abd.mp3","id":2,"is_active":true,"language":"Hindi","title":"Diwali Promo"},"audio_id":2,"branch_id":2,"id":5,"is_active":true,"order_index":1},"2":{"audio":{"audio_type":"PRAYER","duration_seconds":180,"file_url":"uploads/audio/8cd8e649-ef13-49d7-8de8-c6b4a6125fff.mp3","id":1,"is_active":true,"language":"Hindi","title":"Morning Prayer"},"audio_id":1,"branch_id":2,"id":6,"is_active":true,"order_index":1},"level":"debug","message":"playlist","timestamp":"2026-03-01T04:22:38.431Z"}
{"branchId":"2","itemId":"6","level":"debug","message":"removeFromPlaylist start","timestamp":"2026-03-01T04:22:43.896Z"}
{"branchId":"2","itemId":"6","level":"info","message":"Playlist item removed","timestamp":"2026-03-01T04:22:43.927Z"}
{"branchId":"2","level":"debug","message":"PlaylistService.buildPlaylistPayload - Starting","timestamp":"2026-03-01T04:22:43.929Z"}
{"branchId":"2","count":1,"level":"debug","message":"PlaylistService.buildPlaylistPayload - Success","timestamp":"2026-03-01T04:22:43.942Z"}
{"level":"info","message":"[PlaylistEmitter] → branch_2 | 1 tracks","timestamp":"2026-03-01T04:22:43.949Z"}
{"branchId":"2","level":"debug","message":"PlaylistService.getPlaylistForAdmin - Starting","timestamp":"2026-03-01T04:22:44.004Z"}
{"branchId":"2","count":3,"level":"debug","message":"PlaylistService.getPlaylistForAdmin - Success","timestamp":"2026-03-01T04:22:44.022Z"}
{"0":{"audio":{"audio_type":"DAILY","duration_seconds":152,"file_url":"uploads/audio/076c5ee7-b884-4c3d-85fc-36eb68425846.mp3","id":5,"is_active":true,"language":"Hindi","title":"audio-1"},"audio_id":5,"branch_id":2,"id":4,"is_active":true,"order_index":0},"1":{"audio":{"audio_type":"FESTIVAL","duration_seconds":120,"file_url":"uploads/audio/1ba0ff30-39ec-4d10-92ea-e185c0410abd.mp3","id":2,"is_active":true,"language":"Hindi","title":"Diwali Promo"},"audio_id":2,"branch_id":2,"id":5,"is_active":true,"order_index":1},"2":{"audio":{"audio_type":"PRAYER","duration_seconds":180,"file_url":"uploads/audio/8cd8e649-ef13-49d7-8de8-c6b4a6125fff.mp3","id":1,"is_active":true,"language":"Hindi","title":"Morning Prayer"},"audio_id":1,"branch_id":2,"id":6,"is_active":true,"order_index":1},"level":"debug","message":"playlist","timestamp":"2026-03-01T04:22:44.023Z"}
{"level":"debug","message":"BranchService.getAllBranches - Starting","timestamp":"2026-03-01T04:22:48.952Z"}
{"level":"debug","message":"AudioService.getAllAudios - Starting","timestamp":"2026-03-01T04:22:48.967Z"}
{"count":3,"level":"debug","message":"BranchService.getAllBranches - Success","timestamp":"2026-03-01T04:22:48.983Z"}
{"count":3,"level":"debug","message":"AudioService.getAllAudios - Success","timestamp":"2026-03-01T04:22:48.992Z"}
{"branchId":"1","level":"debug","message":"PlaylistService.getPlaylistForAdmin - Starting","timestamp":"2026-03-01T04:22:49.101Z"}
{"branchId":"1","count":3,"level":"debug","message":"PlaylistService.getPlaylistForAdmin - Success","timestamp":"2026-03-01T04:22:49.119Z"}
{"0":{"audio":{"audio_type":"DAILY","duration_seconds":152,"file_url":"uploads/audio/076c5ee7-b884-4c3d-85fc-36eb68425846.mp3","id":5,"is_active":true,"language":"Hindi","title":"audio-1"},"audio_id":5,"branch_id":1,"id":3,"is_active":true,"order_index":0},"1":{"audio":{"audio_type":"FESTIVAL","duration_seconds":120,"file_url":"uploads/audio/1ba0ff30-39ec-4d10-92ea-e185c0410abd.mp3","id":2,"is_active":true,"language":"Hindi","title":"Diwali Promo"},"audio_id":2,"branch_id":1,"id":2,"is_active":true,"order_index":1},"2":{"audio":{"audio_type":"PRAYER","duration_seconds":180,"file_url":"uploads/audio/8cd8e649-ef13-49d7-8de8-c6b4a6125fff.mp3","id":1,"is_active":true,"language":"Hindi","title":"Morning Prayer"},"audio_id":1,"branch_id":1,"id":1,"is_active":true,"order_index":2},"level":"debug","message":"playlist","timestamp":"2026-03-01T04:22:49.121Z"}
{"level":"error","message":"togglePlaylistItem error: playlistService.toggleItem is not a function","stack":"TypeError: playlistService.toggleItem is not a function\n    at togglePlaylistItem (D:\\work\\bijoy\\cloud-audio-scheduler\\backend\\src\\controllers\\branchPlaylistController.js:111:46)\n    at Layer.handle [as handle_request] (D:\\work\\bijoy\\cloud-audio-scheduler\\backend\\node_modules\\.pnpm\\express@4.22.1\\node_modules\\express\\lib\\router\\layer.js:95:5)\n    at next (D:\\work\\bijoy\\cloud-audio-scheduler\\backend\\node_modules\\.pnpm\\express@4.22.1\\node_modules\\express\\lib\\router\\route.js:149:13)\n    at D:\\work\\bijoy\\cloud-audio-scheduler\\backend\\src\\middleware\\auth.js:71:5\n    at Layer.handle [as handle_request] (D:\\work\\bijoy\\cloud-audio-scheduler\\backend\\node_modules\\.pnpm\\express@4.22.1\\node_modules\\express\\lib\\router\\layer.js:95:5)\n    at next (D:\\work\\bijoy\\cloud-audio-scheduler\\backend\\node_modules\\.pnpm\\express@4.22.1\\node_modules\\express\\lib\\router\\route.js:149:13)\n    at authenticate (D:\\work\\bijoy\\cloud-audio-scheduler\\backend\\src\\middleware\\auth.js:33:5)\n    at process.processTicksAndRejections (node:internal/process/task_queues:95:5)","timestamp":"2026-03-01T04:24:16.050Z"}
{"branchId":"1","itemId":"3","level":"debug","message":"removeFromPlaylist start","timestamp":"2026-03-01T04:24:22.732Z"}
{"branchId":"1","itemId":"3","level":"info","message":"Playlist item removed","timestamp":"2026-03-01T04:24:22.840Z"}
{"branchId":"1","level":"debug","message":"PlaylistService.buildPlaylistPayload - Starting","timestamp":"2026-03-01T04:24:22.841Z"}
{"branchId":"1","count":2,"level":"debug","message":"PlaylistService.buildPlaylistPayload - Success","timestamp":"2026-03-01T04:24:22.899Z"}
{"level":"info","message":"[PlaylistEmitter] → branch_1 | 2 tracks","timestamp":"2026-03-01T04:24:22.901Z"}
{"branchId":"1","level":"debug","message":"PlaylistService.getPlaylistForAdmin - Starting","timestamp":"2026-03-01T04:24:22.991Z"}
{"branchId":"1","count":3,"level":"debug","message":"PlaylistService.getPlaylistForAdmin - Success","timestamp":"2026-03-01T04:24:23.013Z"}
{"0":{"audio":{"audio_type":"DAILY","duration_seconds":152,"file_url":"uploads/audio/076c5ee7-b884-4c3d-85fc-36eb68425846.mp3","id":5,"is_active":true,"language":"Hindi","title":"audio-1"},"audio_id":5,"branch_id":1,"id":3,"is_active":true,"order_index":0},"1":{"audio":{"audio_type":"FESTIVAL","duration_seconds":120,"file_url":"uploads/audio/1ba0ff30-39ec-4d10-92ea-e185c0410abd.mp3","id":2,"is_active":true,"language":"Hindi","title":"Diwali Promo"},"audio_id":2,"branch_id":1,"id":2,"is_active":true,"order_index":1},"2":{"audio":{"audio_type":"PRAYER","duration_seconds":180,"file_url":"uploads/audio/8cd8e649-ef13-49d7-8de8-c6b4a6125fff.mp3","id":1,"is_active":true,"language":"Hindi","title":"Morning Prayer"},"audio_id":1,"branch_id":1,"id":1,"is_active":true,"order_index":2},"level":"debug","message":"playlist","timestamp":"2026-03-01T04:24:23.014Z"}
{"level":"debug","message":"BranchService.getAllBranches - Starting","timestamp":"2026-03-01T04:30:34.333Z"}
{"level":"debug","message":"AudioService.getAllAudios - Starting","timestamp":"2026-03-01T04:30:34.356Z"}
{"count":3,"level":"debug","message":"AudioService.getAllAudios - Success","timestamp":"2026-03-01T04:30:34.436Z"}
{"count":3,"level":"debug","message":"BranchService.getAllBranches - Success","timestamp":"2026-03-01T04:30:34.447Z"}
{"branchId":"1","level":"debug","message":"PlaylistService.getPlaylistForAdmin - Starting","timestamp":"2026-03-01T04:30:34.534Z"}
{"branchId":"1","count":3,"level":"debug","message":"PlaylistService.getPlaylistForAdmin - Success","timestamp":"2026-03-01T04:30:34.584Z"}
{"0":{"audio":{"audio_type":"DAILY","duration_seconds":152,"file_url":"uploads/audio/076c5ee7-b884-4c3d-85fc-36eb68425846.mp3","id":5,"is_active":true,"language":"Hindi","title":"audio-1"},"audio_id":5,"branch_id":1,"id":3,"is_active":true,"order_index":0},"1":{"audio":{"audio_type":"FESTIVAL","duration_seconds":120,"file_url":"uploads/audio/1ba0ff30-39ec-4d10-92ea-e185c0410abd.mp3","id":2,"is_active":true,"language":"Hindi","title":"Diwali Promo"},"audio_id":2,"branch_id":1,"id":2,"is_active":true,"order_index":1},"2":{"audio":{"audio_type":"PRAYER","duration_seconds":180,"file_url":"uploads/audio/8cd8e649-ef13-49d7-8de8-c6b4a6125fff.mp3","id":1,"is_active":true,"language":"Hindi","title":"Morning Prayer"},"audio_id":1,"branch_id":1,"id":1,"is_active":true,"order_index":2},"level":"debug","message":"playlist","timestamp":"2026-03-01T04:30:34.585Z"}
{"branchId":"2","level":"debug","message":"PlaylistService.getPlaylistForAdmin - Starting","timestamp":"2026-03-01T04:30:37.470Z"}
{"branchId":"2","count":3,"level":"debug","message":"PlaylistService.getPlaylistForAdmin - Success","timestamp":"2026-03-01T04:30:37.482Z"}
{"0":{"audio":{"audio_type":"DAILY","duration_seconds":152,"file_url":"uploads/audio/076c5ee7-b884-4c3d-85fc-36eb68425846.mp3","id":5,"is_active":true,"language":"Hindi","title":"audio-1"},"audio_id":5,"branch_id":2,"id":4,"is_active":true,"order_index":0},"1":{"audio":{"audio_type":"FESTIVAL","duration_seconds":120,"file_url":"uploads/audio/1ba0ff30-39ec-4d10-92ea-e185c0410abd.mp3","id":2,"is_active":true,"language":"Hindi","title":"Diwali Promo"},"audio_id":2,"branch_id":2,"id":5,"is_active":true,"order_index":1},"2":{"audio":{"audio_type":"PRAYER","duration_seconds":180,"file_url":"uploads/audio/8cd8e649-ef13-49d7-8de8-c6b4a6125fff.mp3","id":1,"is_active":true,"language":"Hindi","title":"Morning Prayer"},"audio_id":1,"branch_id":2,"id":6,"is_active":true,"order_index":1},"level":"debug","message":"playlist","timestamp":"2026-03-01T04:30:37.483Z"}
{"level":"error","message":"togglePlaylistItem error: playlistService.toggleItem is not a function","stack":"TypeError: playlistService.toggleItem is not a function\n    at togglePlaylistItem (D:\\work\\bijoy\\cloud-audio-scheduler\\backend\\src\\controllers\\branchPlaylistController.js:111:46)\n    at Layer.handle [as handle_request] (D:\\work\\bijoy\\cloud-audio-scheduler\\backend\\node_modules\\.pnpm\\express@4.22.1\\node_modules\\express\\lib\\router\\layer.js:95:5)\n    at next (D:\\work\\bijoy\\cloud-audio-scheduler\\backend\\node_modules\\.pnpm\\express@4.22.1\\node_modules\\express\\lib\\router\\route.js:149:13)\n    at D:\\work\\bijoy\\cloud-audio-scheduler\\backend\\src\\middleware\\auth.js:71:5\n    at Layer.handle [as handle_request] (D:\\work\\bijoy\\cloud-audio-scheduler\\backend\\node_modules\\.pnpm\\express@4.22.1\\node_modules\\express\\lib\\router\\layer.js:95:5)\n    at next (D:\\work\\bijoy\\cloud-audio-scheduler\\backend\\node_modules\\.pnpm\\express@4.22.1\\node_modules\\express\\lib\\router\\route.js:149:13)\n    at authenticate (D:\\work\\bijoy\\cloud-audio-scheduler\\backend\\src\\middleware\\auth.js:33:5)\n    at process.processTicksAndRejections (node:internal/process/task_queues:95:5)","timestamp":"2026-03-01T04:30:41.347Z"}
{"branchId":"2","itemId":"6","level":"debug","message":"removeFromPlaylist start","timestamp":"2026-03-01T04:30:45.790Z"}
{"level":"error","message":"removeFromPlaylist error: Playlist item not found","stack":"Error: Playlist item not found\n    at PlaylistService.removeFromPlaylist (D:\\work\\bijoy\\cloud-audio-scheduler\\backend\\src\\services\\playlistService.js:436:19)\n    at process.processTicksAndRejections (node:internal/process/task_queues:95:5)\n    at async removeFromPlaylist (D:\\work\\bijoy\\cloud-audio-scheduler\\backend\\src\\controllers\\branchPlaylistController.js:89:24)","timestamp":"2026-03-01T04:30:45.803Z"}
{"level":"debug","message":"BranchService.getAllBranches - Starting","timestamp":"2026-03-01T04:30:55.710Z"}
{"level":"debug","message":"AudioService.getAllAudios - Starting","timestamp":"2026-03-01T04:30:55.726Z"}
{"count":3,"level":"debug","message":"BranchService.getAllBranches - Success","timestamp":"2026-03-01T04:30:55.742Z"}
{"count":3,"level":"debug","message":"AudioService.getAllAudios - Success","timestamp":"2026-03-01T04:30:55.750Z"}
{"branchId":"1","level":"debug","message":"PlaylistService.getPlaylistForAdmin - Starting","timestamp":"2026-03-01T04:30:55.845Z"}
{"branchId":"1","count":3,"level":"debug","message":"PlaylistService.getPlaylistForAdmin - Success","timestamp":"2026-03-01T04:30:55.869Z"}
{"0":{"audio":{"audio_type":"DAILY","duration_seconds":152,"file_url":"uploads/audio/076c5ee7-b884-4c3d-85fc-36eb68425846.mp3","id":5,"is_active":true,"language":"Hindi","title":"audio-1"},"audio_id":5,"branch_id":1,"id":3,"is_active":true,"order_index":0},"1":{"audio":{"audio_type":"FESTIVAL","duration_seconds":120,"file_url":"uploads/audio/1ba0ff30-39ec-4d10-92ea-e185c0410abd.mp3","id":2,"is_active":true,"language":"Hindi","title":"Diwali Promo"},"audio_id":2,"branch_id":1,"id":2,"is_active":true,"order_index":1},"2":{"audio":{"audio_type":"PRAYER","duration_seconds":180,"file_url":"uploads/audio/8cd8e649-ef13-49d7-8de8-c6b4a6125fff.mp3","id":1,"is_active":true,"language":"Hindi","title":"Morning Prayer"},"audio_id":1,"branch_id":1,"id":1,"is_active":true,"order_index":2},"level":"debug","message":"playlist","timestamp":"2026-03-01T04:30:55.870Z"}
{"level":"error","message":"togglePlaylistItem error: playlistService.toggleItem is not a function","stack":"TypeError: playlistService.toggleItem is not a function\n    at togglePlaylistItem (D:\\work\\bijoy\\cloud-audio-scheduler\\backend\\src\\controllers\\branchPlaylistController.js:111:46)\n    at Layer.handle [as handle_request] (D:\\work\\bijoy\\cloud-audio-scheduler\\backend\\node_modules\\.pnpm\\express@4.22.1\\node_modules\\express\\lib\\router\\layer.js:95:5)\n    at next (D:\\work\\bijoy\\cloud-audio-scheduler\\backend\\node_modules\\.pnpm\\express@4.22.1\\node_modules\\express\\lib\\router\\route.js:149:13)\n    at D:\\work\\bijoy\\cloud-audio-scheduler\\backend\\src\\middleware\\auth.js:71:5\n    at Layer.handle [as handle_request] (D:\\work\\bijoy\\cloud-audio-scheduler\\backend\\node_modules\\.pnpm\\express@4.22.1\\node_modules\\express\\lib\\router\\layer.js:95:5)\n    at next (D:\\work\\bijoy\\cloud-audio-scheduler\\backend\\node_modules\\.pnpm\\express@4.22.1\\node_modules\\express\\lib\\router\\route.js:149:13)\n    at authenticate (D:\\work\\bijoy\\cloud-audio-scheduler\\backend\\src\\middleware\\auth.js:33:5)\n    at process.processTicksAndRejections (node:internal/process/task_queues:95:5)","timestamp":"2026-03-01T04:31:07.468Z"}
{"level":"error","message":"togglePlaylistItem error: playlistService.toggleItem is not a function","stack":"TypeError: playlistService.toggleItem is not a function\n    at togglePlaylistItem (D:\\work\\bijoy\\cloud-audio-scheduler\\backend\\src\\controllers\\branchPlaylistController.js:111:46)\n    at Layer.handle [as handle_request] (D:\\work\\bijoy\\cloud-audio-scheduler\\backend\\node_modules\\.pnpm\\express@4.22.1\\node_modules\\express\\lib\\router\\layer.js:95:5)\n    at next (D:\\work\\bijoy\\cloud-audio-scheduler\\backend\\node_modules\\.pnpm\\express@4.22.1\\node_modules\\express\\lib\\router\\route.js:149:13)\n    at D:\\work\\bijoy\\cloud-audio-scheduler\\backend\\src\\middleware\\auth.js:71:5\n    at Layer.handle [as handle_request] (D:\\work\\bijoy\\cloud-audio-scheduler\\backend\\node_modules\\.pnpm\\express@4.22.1\\node_modules\\express\\lib\\router\\layer.js:95:5)\n    at next (D:\\work\\bijoy\\cloud-audio-scheduler\\backend\\node_modules\\.pnpm\\express@4.22.1\\node_modules\\express\\lib\\router\\route.js:149:13)\n    at authenticate (D:\\work\\bijoy\\cloud-audio-scheduler\\backend\\src\\middleware\\auth.js:33:5)\n    at process.processTicksAndRejections (node:internal/process/task_queues:95:5)","timestamp":"2026-03-01T04:31:11.415Z"}
{"level":"error","message":"togglePlaylistItem error: playlistService.toggleItem is not a function","stack":"TypeError: playlistService.toggleItem is not a function\n    at togglePlaylistItem (D:\\work\\bijoy\\cloud-audio-scheduler\\backend\\src\\controllers\\branchPlaylistController.js:111:46)\n    at Layer.handle [as handle_request] (D:\\work\\bijoy\\cloud-audio-scheduler\\backend\\node_modules\\.pnpm\\express@4.22.1\\node_modules\\express\\lib\\router\\layer.js:95:5)\n    at next (D:\\work\\bijoy\\cloud-audio-scheduler\\backend\\node_modules\\.pnpm\\express@4.22.1\\node_modules\\express\\lib\\router\\route.js:149:13)\n    at D:\\work\\bijoy\\cloud-audio-scheduler\\backend\\src\\middleware\\auth.js:71:5\n    at Layer.handle [as handle_request] (D:\\work\\bijoy\\cloud-audio-scheduler\\backend\\node_modules\\.pnpm\\express@4.22.1\\node_modules\\express\\lib\\router\\layer.js:95:5)\n    at next (D:\\work\\bijoy\\cloud-audio-scheduler\\backend\\node_modules\\.pnpm\\express@4.22.1\\node_modules\\express\\lib\\router\\route.js:149:13)\n    at authenticate (D:\\work\\bijoy\\cloud-audio-scheduler\\backend\\src\\middleware\\auth.js:33:5)\n    at process.processTicksAndRejections (node:internal/process/task_queues:95:5)","timestamp":"2026-03-01T04:31:13.656Z"}
{"branchId":"1","itemId":"2","level":"debug","message":"removeFromPlaylist start","timestamp":"2026-03-01T04:31:18.981Z"}
{"branchId":"1","itemId":"2","level":"info","message":"Playlist item removed","timestamp":"2026-03-01T04:31:19.125Z"}
{"branchId":"1","level":"debug","message":"PlaylistService.buildPlaylistPayload - Starting","timestamp":"2026-03-01T04:31:19.126Z"}
{"branchId":"1","count":1,"level":"debug","message":"PlaylistService.buildPlaylistPayload - Success","timestamp":"2026-03-01T04:31:19.142Z"}
{"level":"info","message":"[PlaylistEmitter] → branch_1 | 1 tracks","timestamp":"2026-03-01T04:31:19.145Z"}
{"branchId":"1","level":"debug","message":"PlaylistService.getPlaylistForAdmin - Starting","timestamp":"2026-03-01T04:31:19.174Z"}
{"branchId":"1","count":3,"level":"debug","message":"PlaylistService.getPlaylistForAdmin - Success","timestamp":"2026-03-01T04:31:19.189Z"}
{"0":{"audio":{"audio_type":"DAILY","duration_seconds":152,"file_url":"uploads/audio/076c5ee7-b884-4c3d-85fc-36eb68425846.mp3","id":5,"is_active":true,"language":"Hindi","title":"audio-1"},"audio_id":5,"branch_id":1,"id":3,"is_active":true,"order_index":0},"1":{"audio":{"audio_type":"FESTIVAL","duration_seconds":120,"file_url":"uploads/audio/1ba0ff30-39ec-4d10-92ea-e185c0410abd.mp3","id":2,"is_active":true,"language":"Hindi","title":"Diwali Promo"},"audio_id":2,"branch_id":1,"id":2,"is_active":true,"order_index":1},"2":{"audio":{"audio_type":"PRAYER","duration_seconds":180,"file_url":"uploads/audio/8cd8e649-ef13-49d7-8de8-c6b4a6125fff.mp3","id":1,"is_active":true,"language":"Hindi","title":"Morning Prayer"},"audio_id":1,"branch_id":1,"id":1,"is_active":true,"order_index":2},"level":"debug","message":"playlist","timestamp":"2026-03-01T04:31:19.190Z"}
{"branchId":"1","itemId":"2","level":"debug","message":"removeFromPlaylist start","timestamp":"2026-03-01T04:31:28.926Z"}
{"level":"error","message":"removeFromPlaylist error: Playlist item not found","stack":"Error: Playlist item not found\n    at PlaylistService.removeFromPlaylist (D:\\work\\bijoy\\cloud-audio-scheduler\\backend\\src\\services\\playlistService.js:436:19)\n    at process.processTicksAndRejections (node:internal/process/task_queues:95:5)\n    at async removeFromPlaylist (D:\\work\\bijoy\\cloud-audio-scheduler\\backend\\src\\controllers\\branchPlaylistController.js:89:24)","timestamp":"2026-03-01T04:31:28.930Z"}
{"branchId":"1","itemId":"1","level":"debug","message":"removeFromPlaylist start","timestamp":"2026-03-01T04:31:33.460Z"}
{"branchId":"1","itemId":"1","level":"info","message":"Playlist item removed","timestamp":"2026-03-01T04:31:33.485Z"}
{"branchId":"1","level":"debug","message":"PlaylistService.buildPlaylistPayload - Starting","timestamp":"2026-03-01T04:31:33.487Z"}
{"branchId":"1","count":0,"level":"debug","message":"PlaylistService.buildPlaylistPayload - Success","timestamp":"2026-03-01T04:31:33.499Z"}
{"level":"info","message":"[PlaylistEmitter] → branch_1 | 0 tracks","timestamp":"2026-03-01T04:31:33.501Z"}
{"branchId":"1","level":"debug","message":"PlaylistService.getPlaylistForAdmin - Starting","timestamp":"2026-03-01T04:31:33.537Z"}
{"branchId":"1","count":3,"level":"debug","message":"PlaylistService.getPlaylistForAdmin - Success","timestamp":"2026-03-01T04:31:33.550Z"}
{"0":{"audio":{"audio_type":"DAILY","duration_seconds":152,"file_url":"uploads/audio/076c5ee7-b884-4c3d-85fc-36eb68425846.mp3","id":5,"is_active":true,"language":"Hindi","title":"audio-1"},"audio_id":5,"branch_id":1,"id":3,"is_active":true,"order_index":0},"1":{"audio":{"audio_type":"FESTIVAL","duration_seconds":120,"file_url":"uploads/audio/1ba0ff30-39ec-4d10-92ea-e185c0410abd.mp3","id":2,"is_active":true,"language":"Hindi","title":"Diwali Promo"},"audio_id":2,"branch_id":1,"id":2,"is_active":true,"order_index":1},"2":{"audio":{"audio_type":"PRAYER","duration_seconds":180,"file_url":"uploads/audio/8cd8e649-ef13-49d7-8de8-c6b4a6125fff.mp3","id":1,"is_active":true,"language":"Hindi","title":"Morning Prayer"},"audio_id":1,"branch_id":1,"id":1,"is_active":true,"order_index":2},"level":"debug","message":"playlist","timestamp":"2026-03-01T04:31:33.551Z"}
{"branchId":"2","level":"debug","message":"PlaylistService.getPlaylistForAdmin - Starting","timestamp":"2026-03-01T04:31:39.356Z"}
{"branchId":"2","count":3,"level":"debug","message":"PlaylistService.getPlaylistForAdmin - Success","timestamp":"2026-03-01T04:31:39.365Z"}
{"0":{"audio":{"audio_type":"DAILY","duration_seconds":152,"file_url":"uploads/audio/076c5ee7-b884-4c3d-85fc-36eb68425846.mp3","id":5,"is_active":true,"language":"Hindi","title":"audio-1"},"audio_id":5,"branch_id":2,"id":4,"is_active":true,"order_index":0},"1":{"audio":{"audio_type":"FESTIVAL","duration_seconds":120,"file_url":"uploads/audio/1ba0ff30-39ec-4d10-92ea-e185c0410abd.mp3","id":2,"is_active":true,"language":"Hindi","title":"Diwali Promo"},"audio_id":2,"branch_id":2,"id":5,"is_active":true,"order_index":1},"2":{"audio":{"audio_type":"PRAYER","duration_seconds":180,"file_url":"uploads/audio/8cd8e649-ef13-49d7-8de8-c6b4a6125fff.mp3","id":1,"is_active":true,"language":"Hindi","title":"Morning Prayer"},"audio_id":1,"branch_id":2,"id":6,"is_active":true,"order_index":1},"level":"debug","message":"playlist","timestamp":"2026-03-01T04:31:39.366Z"}
{"branchId":"2","itemId":"6","level":"debug","message":"removeFromPlaylist start","timestamp":"2026-03-01T04:31:48.892Z"}
{"level":"error","message":"removeFromPlaylist error: Playlist item not found","stack":"Error: Playlist item not found\n    at PlaylistService.removeFromPlaylist (D:\\work\\bijoy\\cloud-audio-scheduler\\backend\\src\\services\\playlistService.js:436:19)\n    at process.processTicksAndRejections (node:internal/process/task_queues:95:5)\n    at async removeFromPlaylist (D:\\work\\bijoy\\cloud-audio-scheduler\\backend\\src\\controllers\\branchPlaylistController.js:89:24)","timestamp":"2026-03-01T04:31:48.905Z"}
{"branchId":"2","itemId":"5","level":"debug","message":"removeFromPlaylist start","timestamp":"2026-03-01T04:31:55.621Z"}
{"level":"error","message":"removeFromPlaylist error: Playlist item not found","stack":"Error: Playlist item not found\n    at PlaylistService.removeFromPlaylist (D:\\work\\bijoy\\cloud-audio-scheduler\\backend\\src\\services\\playlistService.js:436:19)\n    at process.processTicksAndRejections (node:internal/process/task_queues:95:5)\n    at async removeFromPlaylist (D:\\work\\bijoy\\cloud-audio-scheduler\\backend\\src\\controllers\\branchPlaylistController.js:89:24)","timestamp":"2026-03-01T04:31:55.625Z"}
{"level":"error","message":"togglePlaylistItem error: playlistService.toggleItem is not a function","stack":"TypeError: playlistService.toggleItem is not a function\n    at togglePlaylistItem (D:\\work\\bijoy\\cloud-audio-scheduler\\backend\\src\\controllers\\branchPlaylistController.js:111:46)\n    at Layer.handle [as handle_request] (D:\\work\\bijoy\\cloud-audio-scheduler\\backend\\node_modules\\.pnpm\\express@4.22.1\\node_modules\\express\\lib\\router\\layer.js:95:5)\n    at next (D:\\work\\bijoy\\cloud-audio-scheduler\\backend\\node_modules\\.pnpm\\express@4.22.1\\node_modules\\express\\lib\\router\\route.js:149:13)\n    at D:\\work\\bijoy\\cloud-audio-scheduler\\backend\\src\\middleware\\auth.js:71:5\n    at Layer.handle [as handle_request] (D:\\work\\bijoy\\cloud-audio-scheduler\\backend\\node_modules\\.pnpm\\express@4.22.1\\node_modules\\express\\lib\\router\\layer.js:95:5)\n    at next (D:\\work\\bijoy\\cloud-audio-scheduler\\backend\\node_modules\\.pnpm\\express@4.22.1\\node_modules\\express\\lib\\router\\route.js:149:13)\n    at authenticate (D:\\work\\bijoy\\cloud-audio-scheduler\\backend\\src\\middleware\\auth.js:33:5)\n    at process.processTicksAndRejections (node:internal/process/task_queues:95:5)","timestamp":"2026-03-01T04:32:23.194Z"}
{"level":"debug","message":"BranchService.getAllBranches - Starting","timestamp":"2026-03-01T04:32:27.396Z"}
{"level":"debug","message":"AudioService.getAllAudios - Starting","timestamp":"2026-03-01T04:32:27.411Z"}
{"count":3,"level":"debug","message":"BranchService.getAllBranches - Success","timestamp":"2026-03-01T04:32:27.427Z"}
{"count":3,"level":"debug","message":"AudioService.getAllAudios - Success","timestamp":"2026-03-01T04:32:27.437Z"}
{"branchId":"1","level":"debug","message":"PlaylistService.getPlaylistForAdmin - Starting","timestamp":"2026-03-01T04:32:27.512Z"}
{"branchId":"1","count":3,"level":"debug","message":"PlaylistService.getPlaylistForAdmin - Success","timestamp":"2026-03-01T04:32:27.533Z"}
{"0":{"audio":{"audio_type":"DAILY","duration_seconds":152,"file_url":"uploads/audio/076c5ee7-b884-4c3d-85fc-36eb68425846.mp3","id":5,"is_active":true,"language":"Hindi","title":"audio-1"},"audio_id":5,"branch_id":1,"id":3,"is_active":true,"order_index":0},"1":{"audio":{"audio_type":"FESTIVAL","duration_seconds":120,"file_url":"uploads/audio/1ba0ff30-39ec-4d10-92ea-e185c0410abd.mp3","id":2,"is_active":true,"language":"Hindi","title":"Diwali Promo"},"audio_id":2,"branch_id":1,"id":2,"is_active":true,"order_index":1},"2":{"audio":{"audio_type":"PRAYER","duration_seconds":180,"file_url":"uploads/audio/8cd8e649-ef13-49d7-8de8-c6b4a6125fff.mp3","id":1,"is_active":true,"language":"Hindi","title":"Morning Prayer"},"audio_id":1,"branch_id":1,"id":1,"is_active":true,"order_index":2},"level":"debug","message":"playlist","timestamp":"2026-03-01T04:32:27.534Z"}
{"level":"info","message":"[PlaylistEmitter] Initialized","timestamp":"2026-03-01T12:27:18.722Z"}
{"level":"info","message":"[PlaylistEmitter] Initialized","timestamp":"2026-03-01T12:27:56.001Z"}
{"level":"info","message":"[PlaylistEmitter] Initialized","timestamp":"2026-03-01T12:31:29.394Z"}
{"level":"info","message":"🔌 Device connected: DEV-000001-001 (branch: 1)","timestamp":"2026-03-01T12:31:59.987Z"}
{"deviceCode":"DEV-000001-001","level":"debug","message":"ScheduleService.getDeviceSchedule - Starting","timestamp":"2026-03-01T12:31:59.993Z"}
{"deviceCode":"DEV-000001-001","level":"debug","message":"ScheduleService.getDeviceSchedule - Fetching schedules","timestamp":"2026-03-01T12:32:00.079Z","todayStr":"2026-03-01"}
{"inputCount":3,"level":"debug","message":"ScheduleService._resolvePriorityConflicts - Starting","timestamp":"2026-03-01T12:32:00.176Z"}
{"level":"debug","message":"ScheduleService._resolvePriorityConflicts - Done","outputCount":3,"timestamp":"2026-03-01T12:32:00.183Z"}
{"deviceCode":"DEV-000001-001","level":"debug","message":"ScheduleService.getDeviceSchedule - Success","scheduleCount":3,"timestamp":"2026-03-01T12:32:00.184Z"}
{"branchId":1,"level":"debug","message":"PlaylistService.buildPlaylistPayload - Starting","timestamp":"2026-03-01T12:32:00.188Z"}
{"branchId":1,"count":0,"level":"debug","message":"PlaylistService.buildPlaylistPayload - Success","timestamp":"2026-03-01T12:32:00.207Z"}
{"level":"info","message":"📻 Sent playlist to DEV-000001-001 — 0 tracks","timestamp":"2026-03-01T12:32:00.211Z"}
{"audio_id":null,"current_audio":null,"level":"info","message":"💓 Heartbeat from DEV-000001-001:","mode":"IDLE","position_ms":0,"status":"IDLE","timestamp":"2026-03-01T12:32:39.500Z","volume":12}
{"audio_id":null,"current_audio":null,"level":"info","message":"💓 Heartbeat from DEV-000001-001:","mode":"IDLE","position_ms":0,"status":"IDLE","timestamp":"2026-03-01T12:33:24.624Z","volume":12}
{"audio_id":null,"current_audio":null,"level":"info","message":"💓 Heartbeat from DEV-000001-001:","mode":"IDLE","position_ms":0,"status":"IDLE","timestamp":"2026-03-01T12:34:09.612Z","volume":12}
{"audio_id":null,"current_audio":null,"level":"info","message":"💓 Heartbeat from DEV-000001-001:","mode":"IDLE","position_ms":0,"status":"IDLE","timestamp":"2026-03-01T12:34:54.586Z","volume":12}
{"audio_id":null,"current_audio":null,"level":"info","message":"💓 Heartbeat from DEV-000001-001:","mode":"IDLE","position_ms":0,"status":"IDLE","timestamp":"2026-03-01T12:35:39.574Z","volume":12}
{"audio_id":null,"current_audio":null,"level":"info","message":"💓 Heartbeat from DEV-000001-001:","mode":"IDLE","position_ms":0,"status":"IDLE","timestamp":"2026-03-01T12:36:24.575Z","volume":12}
{"audio_id":null,"current_audio":null,"level":"info","message":"💓 Heartbeat from DEV-000001-001:","mode":"IDLE","position_ms":0,"status":"IDLE","timestamp":"2026-03-01T12:37:09.580Z","volume":12}
{"audio_id":null,"current_audio":null,"level":"info","message":"💓 Heartbeat from DEV-000001-001:","mode":"IDLE","position_ms":0,"status":"IDLE","timestamp":"2026-03-01T12:37:54.586Z","volume":12}
{"audio_id":null,"current_audio":null,"level":"info","message":"💓 Heartbeat from DEV-000001-001:","mode":"IDLE","position_ms":0,"status":"IDLE","timestamp":"2026-03-01T12:38:39.591Z","volume":12}
{"audio_id":null,"current_audio":null,"level":"info","message":"💓 Heartbeat from DEV-000001-001:","mode":"IDLE","position_ms":0,"status":"IDLE","timestamp":"2026-03-01T12:39:24.601Z","volume":12}
{"audio_id":null,"current_audio":null,"level":"info","message":"💓 Heartbeat from DEV-000001-001:","mode":"IDLE","position_ms":0,"status":"IDLE","timestamp":"2026-03-01T12:40:09.600Z","volume":12}
{"audio_id":null,"current_audio":null,"level":"info","message":"💓 Heartbeat from DEV-000001-001:","mode":"IDLE","position_ms":0,"status":"IDLE","timestamp":"2026-03-01T12:40:54.603Z","volume":12}
{"audio_id":null,"current_audio":null,"level":"info","message":"💓 Heartbeat from DEV-000001-001:","mode":"IDLE","position_ms":0,"status":"IDLE","timestamp":"2026-03-01T12:41:39.615Z","volume":12}
{"audio_id":null,"current_audio":null,"level":"info","message":"💓 Heartbeat from DEV-000001-001:","mode":"IDLE","position_ms":0,"status":"IDLE","timestamp":"2026-03-01T12:42:24.621Z","volume":12}
{"level":"debug","message":"BranchService.getAllBranches - Starting","timestamp":"2026-03-01T12:43:02.466Z"}
{"level":"debug","message":"DeviceService.getDeviceStatus - Starting","timestamp":"2026-03-01T12:43:02.477Z"}
{"level":"debug","message":"ScheduleService.getAllSchedules - Starting","timestamp":"2026-03-01T12:43:02.482Z"}
{"count":4,"level":"debug","message":"DeviceService.getDeviceStatus - Success","timestamp":"2026-03-01T12:43:02.553Z"}
{"count":3,"level":"debug","message":"ScheduleService.getAllSchedules - Success","timestamp":"2026-03-01T12:43:02.567Z"}
{"count":3,"level":"debug","message":"BranchService.getAllBranches - Success","timestamp":"2026-03-01T12:43:02.579Z"}
{"level":"debug","message":"DeviceService.getDeviceStatus - Starting","timestamp":"2026-03-01T12:43:02.715Z"}
{"count":4,"level":"debug","message":"DeviceService.getDeviceStatus - Success","timestamp":"2026-03-01T12:43:02.736Z"}
{"audio_id":null,"current_audio":null,"level":"info","message":"💓 Heartbeat from DEV-000001-001:","mode":"IDLE","position_ms":0,"status":"IDLE","timestamp":"2026-03-01T12:43:09.635Z","volume":12}
{"level":"debug","message":"BranchService.getAllBranches - Starting","timestamp":"2026-03-01T12:43:12.684Z"}
{"level":"debug","message":"AudioService.getAllAudios - Starting","timestamp":"2026-03-01T12:43:12.694Z"}
{"count":3,"level":"debug","message":"BranchService.getAllBranches - Success","timestamp":"2026-03-01T12:43:12.700Z"}
{"count":3,"level":"debug","message":"AudioService.getAllAudios - Success","timestamp":"2026-03-01T12:43:12.716Z"}
{"level":"debug","message":"BranchService.getAllBranches - Starting","timestamp":"2026-03-01T12:43:12.722Z"}
{"count":3,"level":"debug","message":"BranchService.getAllBranches - Success","timestamp":"2026-03-01T12:43:12.739Z"}
{"level":"debug","message":"AudioService.getAllAudios - Starting","timestamp":"2026-03-01T12:43:12.744Z"}
{"count":3,"level":"debug","message":"AudioService.getAllAudios - Success","timestamp":"2026-03-01T12:43:12.751Z"}
{"branchId":"1","level":"debug","message":"PlaylistService.getPlaylistForAdmin - Starting","timestamp":"2026-03-01T12:43:12.804Z"}
{"branchId":"1","count":3,"level":"debug","message":"PlaylistService.getPlaylistForAdmin - Success","timestamp":"2026-03-01T12:43:12.848Z"}
{"0":{"audio":{"audio_type":"DAILY","duration_seconds":152,"file_url":"uploads/audio/076c5ee7-b884-4c3d-85fc-36eb68425846.mp3","id":5,"is_active":true,"language":"Hindi","title":"audio-1"},"audio_id":5,"branch_id":1,"id":3,"is_active":true,"order_index":0},"1":{"audio":{"audio_type":"FESTIVAL","duration_seconds":120,"file_url":"uploads/audio/1ba0ff30-39ec-4d10-92ea-e185c0410abd.mp3","id":2,"is_active":true,"language":"Hindi","title":"Diwali Promo"},"audio_id":2,"branch_id":1,"id":2,"is_active":true,"order_index":1},"2":{"audio":{"audio_type":"PRAYER","duration_seconds":180,"file_url":"uploads/audio/8cd8e649-ef13-49d7-8de8-c6b4a6125fff.mp3","id":1,"is_active":true,"language":"Hindi","title":"Morning Prayer"},"audio_id":1,"branch_id":1,"id":1,"is_active":true,"order_index":2},"level":"debug","message":"playlist","timestamp":"2026-03-01T12:43:12.850Z"}
{"branchId":"1","itemId":"3","level":"debug","message":"removeFromPlaylist start","timestamp":"2026-03-01T12:43:24.811Z"}
{"level":"error","message":"removeFromPlaylist error: Playlist item not found","stack":"Error: Playlist item not found\n    at PlaylistService.removeFromPlaylist (D:\\work\\bijoy\\cloud-audio-scheduler\\backend\\src\\services\\playlistService.js:436:19)\n    at process.processTicksAndRejections (node:internal/process/task_queues:95:5)\n    at async removeFromPlaylist (D:\\work\\bijoy\\cloud-audio-scheduler\\backend\\src\\controllers\\branchPlaylistController.js:89:24)","timestamp":"2026-03-01T12:43:24.832Z"}
{"audio_id":null,"current_audio":null,"level":"info","message":"💓 Heartbeat from DEV-000001-001:","mode":"IDLE","position_ms":0,"status":"IDLE","timestamp":"2026-03-01T12:43:54.676Z","volume":12}
{"audio_id":null,"current_audio":null,"level":"info","message":"💓 Heartbeat from DEV-000001-001:","mode":"IDLE","position_ms":0,"status":"IDLE","timestamp":"2026-03-01T12:44:39.702Z","volume":12}
{"audio_id":null,"current_audio":null,"level":"info","message":"💓 Heartbeat from DEV-000001-001:","mode":"IDLE","position_ms":0,"status":"IDLE","timestamp":"2026-03-01T12:45:24.663Z","volume":12}
{"audio_id":null,"current_audio":null,"level":"info","message":"💓 Heartbeat from DEV-000001-001:","mode":"IDLE","position_ms":0,"status":"IDLE","timestamp":"2026-03-01T12:46:09.672Z","volume":12}
{"audio_id":null,"current_audio":null,"level":"info","message":"💓 Heartbeat from DEV-000001-001:","mode":"IDLE","position_ms":0,"status":"IDLE","timestamp":"2026-03-01T12:46:54.672Z","volume":12}
{"audio_id":null,"current_audio":null,"level":"info","message":"💓 Heartbeat from DEV-000001-001:","mode":"IDLE","position_ms":0,"status":"IDLE","timestamp":"2026-03-01T12:47:39.677Z","volume":12}
{"audio_id":null,"current_audio":null,"level":"info","message":"💓 Heartbeat from DEV-000001-001:","mode":"IDLE","position_ms":0,"status":"IDLE","timestamp":"2026-03-01T12:48:24.751Z","volume":12}
{"audio_id":null,"current_audio":null,"level":"info","message":"💓 Heartbeat from DEV-000001-001:","mode":"IDLE","position_ms":0,"status":"IDLE","timestamp":"2026-03-01T12:49:09.740Z","volume":12}
{"audio_id":null,"current_audio":null,"level":"info","message":"💓 Heartbeat from DEV-000001-001:","mode":"IDLE","position_ms":0,"status":"IDLE","timestamp":"2026-03-01T12:49:54.808Z","volume":12}
{"audio_id":null,"current_audio":null,"level":"info","message":"💓 Heartbeat from DEV-000001-001:","mode":"IDLE","position_ms":0,"status":"IDLE","timestamp":"2026-03-01T12:50:40.285Z","volume":12}
{"audio_id":null,"current_audio":null,"level":"info","message":"💓 Heartbeat from DEV-000001-001:","mode":"IDLE","position_ms":0,"status":"IDLE","timestamp":"2026-03-01T12:51:24.900Z","volume":12}
{"audio_id":null,"current_audio":null,"level":"info","message":"💓 Heartbeat from DEV-000001-001:","mode":"IDLE","position_ms":0,"status":"IDLE","timestamp":"2026-03-01T12:52:09.974Z","volume":12}
{"audio_id":null,"current_audio":null,"level":"info","message":"💓 Heartbeat from DEV-000001-001:","mode":"IDLE","position_ms":0,"status":"IDLE","timestamp":"2026-03-01T12:52:54.933Z","volume":12}
{"audio_id":null,"current_audio":null,"level":"info","message":"💓 Heartbeat from DEV-000001-001:","mode":"IDLE","position_ms":0,"status":"IDLE","timestamp":"2026-03-01T12:53:39.935Z","volume":12}
{"audio_id":null,"current_audio":null,"level":"info","message":"💓 Heartbeat from DEV-000001-001:","mode":"IDLE","position_ms":0,"status":"IDLE","timestamp":"2026-03-01T12:54:24.947Z","volume":12}
{"audio_id":null,"current_audio":null,"level":"info","message":"💓 Heartbeat from DEV-000001-001:","mode":"IDLE","position_ms":0,"status":"IDLE","timestamp":"2026-03-01T12:55:09.941Z","volume":12}
{"audio_id":null,"current_audio":null,"level":"info","message":"💓 Heartbeat from DEV-000001-001:","mode":"IDLE","position_ms":0,"status":"IDLE","timestamp":"2026-03-01T12:55:54.944Z","volume":12}
{"audio_id":null,"current_audio":null,"level":"info","message":"💓 Heartbeat from DEV-000001-001:","mode":"IDLE","position_ms":0,"status":"IDLE","timestamp":"2026-03-01T12:56:39.947Z","volume":12}
{"audio_id":null,"current_audio":null,"level":"info","message":"💓 Heartbeat from DEV-000001-001:","mode":"IDLE","position_ms":0,"status":"IDLE","timestamp":"2026-03-01T12:57:24.951Z","volume":12}
{"audio_id":null,"current_audio":null,"level":"info","message":"💓 Heartbeat from DEV-000001-001:","mode":"IDLE","position_ms":0,"status":"IDLE","timestamp":"2026-03-01T12:58:09.968Z","volume":12}
{"audio_id":null,"current_audio":null,"level":"info","message":"💓 Heartbeat from DEV-000001-001:","mode":"IDLE","position_ms":0,"status":"IDLE","timestamp":"2026-03-01T12:58:54.958Z","volume":12}
{"audio_id":null,"current_audio":null,"level":"info","message":"💓 Heartbeat from DEV-000001-001:","mode":"IDLE","position_ms":0,"status":"IDLE","timestamp":"2026-03-01T12:59:39.962Z","volume":12}
{"audio_id":null,"current_audio":null,"level":"info","message":"💓 Heartbeat from DEV-000001-001:","mode":"IDLE","position_ms":0,"status":"IDLE","timestamp":"2026-03-01T13:00:24.977Z","volume":12}
{"audio_id":null,"current_audio":null,"level":"info","message":"💓 Heartbeat from DEV-000001-001:","mode":"IDLE","position_ms":0,"status":"IDLE","timestamp":"2026-03-01T13:01:09.983Z","volume":12}
{"audio_id":null,"current_audio":null,"level":"info","message":"💓 Heartbeat from DEV-000001-001:","mode":"IDLE","position_ms":0,"status":"IDLE","timestamp":"2026-03-01T13:01:54.975Z","volume":12}
{"audio_id":null,"current_audio":null,"level":"info","message":"💓 Heartbeat from DEV-000001-001:","mode":"IDLE","position_ms":0,"status":"IDLE","timestamp":"2026-03-01T13:02:39.983Z","volume":12}
