{"level":"info","message":"[PlaylistEmitter] Initialized","timestamp":"2026-03-13T18:30:28.681Z"}
{"level":"info","message":"[PlaylistEmitter] Initialized","timestamp":"2026-03-13T18:41:35.312Z"}
{"body":{"email":"admin@jewellery.com","password":"admin123"},"level":"debug","message":"Validation middleware - Starting","timestamp":"2026-03-13T18:47:29.848Z"}
{"email":"admin@jewellery.com","level":"debug","message":"AuthService.login - Starting","timestamp":"2026-03-13T18:47:29.867Z"}
{"email":"admin@jewellery.com","level":"debug","message":"AuthService.login - Success","timestamp":"2026-03-13T18:47:30.467Z","userId":1}
{"level":"debug","message":"DeviceService.getDeviceStatus - Starting","timestamp":"2026-03-13T18:47:37.702Z"}
{"level":"debug","message":"BranchService.getAllBranches - Starting","timestamp":"2026-03-13T18:47:37.807Z"}
{"level":"debug","message":"ScheduleService.getAllSchedules - Starting","timestamp":"2026-03-13T18:47:37.869Z"}
{"count":3,"level":"debug","message":"BranchService.getAllBranches - Success","timestamp":"2026-03-13T18:47:38.445Z"}
{"count":4,"level":"debug","message":"DeviceService.getDeviceStatus - Success","timestamp":"2026-03-13T18:47:38.458Z"}
{"level":"debug","message":"BranchService.getAllBranches - Starting","timestamp":"2026-03-13T18:47:38.474Z"}
{"count":3,"level":"debug","message":"BranchService.getAllBranches - Success","timestamp":"2026-03-13T18:47:38.488Z"}
{"count":3,"level":"debug","message":"ScheduleService.getAllSchedules - Success","timestamp":"2026-03-13T18:47:38.647Z"}
{"level":"debug","message":"ScheduleService.getAllSchedules - Starting","timestamp":"2026-03-13T18:47:38.664Z"}
{"count":3,"level":"debug","message":"ScheduleService.getAllSchedules - Success","timestamp":"2026-03-13T18:47:38.681Z"}
{"level":"debug","message":"UserService.getAllUsers - Starting","timestamp":"2026-03-13T18:54:55.007Z"}
{"count":2,"level":"debug","message":"UserService.getAllUsers - Success","timestamp":"2026-03-13T18:54:55.048Z"}
{"level":"debug","message":"UserService.getAllUsers - Starting","timestamp":"2026-03-13T18:54:55.073Z"}
{"count":2,"level":"debug","message":"UserService.getAllUsers - Success","timestamp":"2026-03-13T18:54:55.078Z"}
{"level":"debug","message":"BranchService.getAllBranches - Starting","timestamp":"2026-03-13T18:59:53.546Z"}
{"count":3,"level":"debug","message":"BranchService.getAllBranches - Success","timestamp":"2026-03-13T18:59:53.589Z"}
{"level":"debug","message":"BranchService.getAllBranches - Starting","timestamp":"2026-03-13T18:59:53.616Z"}
{"count":3,"level":"debug","message":"BranchService.getAllBranches - Success","timestamp":"2026-03-13T18:59:53.636Z"}
{"level":"debug","message":"BranchService.getAllBranches - Starting","timestamp":"2026-03-13T18:59:57.832Z"}
{"count":3,"level":"debug","message":"BranchService.getAllBranches - Success","timestamp":"2026-03-13T18:59:57.851Z"}
{"level":"debug","message":"BranchService.getAllBranches - Starting","timestamp":"2026-03-13T18:59:57.883Z"}
{"count":3,"level":"debug","message":"BranchService.getAllBranches - Success","timestamp":"2026-03-13T18:59:57.913Z"}
{"level":"debug","message":"AudioService.getAllAudios - Starting","timestamp":"2026-03-13T18:59:57.929Z"}
{"count":3,"level":"debug","message":"AudioService.getAllAudios - Success","timestamp":"2026-03-13T18:59:58.034Z"}
{"level":"debug","message":"AudioService.getAllAudios - Starting","timestamp":"2026-03-13T18:59:58.049Z"}
{"count":3,"level":"debug","message":"AudioService.getAllAudios - Success","timestamp":"2026-03-13T18:59:58.056Z"}
{"0":{"audio":{"audio_type":"DAILY","duration_seconds":152,"file_url":"uploads/audio/076c5ee7-b884-4c3d-85fc-36eb68425846.mp3","id":5,"is_active":true,"language":"Hindi","title":"audio-1"},"audio_id":5,"branch_id":1,"created_at":"2026-02-27T04:31:43.000Z","id":3,"is_active":false,"order_index":0,"updated_at":"2026-03-02T07:55:10.000Z"},"1":{"audio":{"audio_type":"FESTIVAL","duration_seconds":120,"file_url":"uploads/audio/1ba0ff30-39ec-4d10-92ea-e185c0410abd.mp3","id":2,"is_active":true,"language":"Hindi","title":"Diwali Promo"},"audio_id":2,"branch_id":1,"created_at":"2026-02-27T04:18:09.000Z","id":2,"is_active":true,"order_index":1,"updated_at":"2026-03-02T07:55:39.000Z"},"2":{"audio":{"audio_type":"PRAYER","duration_seconds":180,"file_url":"uploads/audio/8cd8e649-ef13-49d7-8de8-c6b4a6125fff.mp3","id":1,"is_active":true,"language":"Hindi","title":"Morning Prayer"},"audio_id":1,"branch_id":1,"created_at":"2026-02-27T04:18:01.000Z","id":1,"is_active":true,"order_index":2,"updated_at":"2026-03-02T07:42:39.000Z"},"level":"debug","message":"playlist","timestamp":"2026-03-13T18:59:58.262Z"}
{"level":"debug","message":"AudioService.getAllAudios - Starting","timestamp":"2026-03-13T19:00:01.523Z"}
{"count":3,"level":"debug","message":"AudioService.getAllAudios - Success","timestamp":"2026-03-13T19:00:01.532Z"}
{"level":"debug","message":"AudioService.getAllAudios - Starting","timestamp":"2026-03-13T19:00:01.549Z"}
{"count":3,"level":"debug","message":"AudioService.getAllAudios - Success","timestamp":"2026-03-13T19:00:01.558Z"}
{"level":"debug","message":"ScheduleService.getAllSchedules - Starting","timestamp":"2026-03-13T19:22:10.928Z"}
{"level":"debug","message":"AudioService.getAllAudios - Starting","timestamp":"2026-03-13T19:22:10.950Z"}
{"level":"debug","message":"BranchService.getAllBranches - Starting","timestamp":"2026-03-13T19:22:10.954Z"}
{"count":3,"level":"debug","message":"AudioService.getAllAudios - Success","timestamp":"2026-03-13T19:22:11.019Z"}
{"count":3,"level":"debug","message":"BranchService.getAllBranches - Success","timestamp":"2026-03-13T19:22:11.032Z"}
{"count":3,"level":"debug","message":"ScheduleService.getAllSchedules - Success","timestamp":"2026-03-13T19:22:11.052Z"}
{"level":"debug","message":"AudioService.getAllAudios - Starting","timestamp":"2026-03-13T19:22:11.073Z"}
{"level":"debug","message":"BranchService.getAllBranches - Starting","timestamp":"2026-03-13T19:22:11.076Z"}
{"level":"debug","message":"ScheduleService.getAllSchedules - Starting","timestamp":"2026-03-13T19:22:11.081Z"}
{"count":3,"level":"debug","message":"AudioService.getAllAudios - Success","timestamp":"2026-03-13T19:22:11.088Z"}
{"count":3,"level":"debug","message":"BranchService.getAllBranches - Success","timestamp":"2026-03-13T19:22:11.097Z"}
{"count":3,"level":"debug","message":"ScheduleService.getAllSchedules - Success","timestamp":"2026-03-13T19:22:11.103Z"}
{"level":"debug","message":"BranchService.getAllBranches - Starting","timestamp":"2026-03-13T19:40:19.480Z"}
{"level":"debug","message":"ScheduleService.getAllSchedules - Starting","timestamp":"2026-03-13T19:40:19.496Z"}
{"level":"debug","message":"AudioService.getAllAudios - Starting","timestamp":"2026-03-13T19:40:19.563Z"}
{"count":3,"level":"debug","message":"BranchService.getAllBranches - Success","timestamp":"2026-03-13T19:40:19.675Z"}
{"count":3,"level":"debug","message":"ScheduleService.getAllSchedules - Success","timestamp":"2026-03-13T19:40:19.683Z"}
{"count":3,"level":"debug","message":"AudioService.getAllAudios - Success","timestamp":"2026-03-13T19:40:19.687Z"}
{"level":"debug","message":"Validation middleware - Starting","params":{"id":"4"},"timestamp":"2026-03-13T19:43:32.159Z"}
{"body":{"audio_id":"5","end_date":null,"is_active":false,"play_count":1,"play_time":"13:40:00","priority":3,"schedule_mode":"DAILY","start_date":null,"targets":[{"target_type":"ALL","target_value":null}],"title":"testing"},"level":"debug","message":"Validation middleware - Starting","timestamp":"2026-03-13T19:43:32.180Z"}
{"id":"4","level":"debug","message":"ScheduleService.updateSchedule - Starting","timestamp":"2026-03-13T19:43:32.196Z"}
{"id":"4","level":"debug","message":"ScheduleService.updateSchedule - Success","timestamp":"2026-03-13T19:43:32.645Z"}
{"id":"4","level":"debug","message":"ScheduleService.getScheduleById - Starting","timestamp":"2026-03-13T19:43:32.648Z"}
{"level":"info","message":"System has 4 total devices. 0 are ONLINE.","timestamp":"2026-03-13T19:43:32.737Z"}
{"level":"warn","message":"Debug: First device status is [OFFLINE]","timestamp":"2026-03-13T19:43:32.738Z"}
{"id":"4","level":"debug","message":"ScheduleService.getScheduleById - Success","timestamp":"2026-03-13T19:43:32.742Z"}
{"level":"debug","message":"ScheduleService.getAllSchedules - Starting","timestamp":"2026-03-13T19:43:32.825Z"}
{"level":"debug","message":"AudioService.getAllAudios - Starting","timestamp":"2026-03-13T19:43:32.838Z"}
{"level":"debug","message":"BranchService.getAllBranches - Starting","timestamp":"2026-03-13T19:43:32.847Z"}
{"count":3,"level":"debug","message":"ScheduleService.getAllSchedules - Success","timestamp":"2026-03-13T19:43:32.855Z"}
{"count":3,"level":"debug","message":"AudioService.getAllAudios - Success","timestamp":"2026-03-13T19:43:32.924Z"}
{"count":3,"level":"debug","message":"BranchService.getAllBranches - Success","timestamp":"2026-03-13T19:43:33.025Z"}
{"level":"debug","message":"Validation middleware - Starting","params":{"id":"4"},"timestamp":"2026-03-13T19:44:41.473Z"}
{"body":{"audio_id":"5","end_date":null,"is_active":false,"play_count":1,"play_time":"13:40:00","priority":3,"schedule_mode":"DAILY","start_date":null,"targets":[{"target_type":"REGION","target_value":"North"}],"title":"testing"},"level":"debug","message":"Validation middleware - Starting","timestamp":"2026-03-13T19:44:41.474Z"}
{"id":"4","level":"debug","message":"ScheduleService.updateSchedule - Starting","timestamp":"2026-03-13T19:44:41.477Z"}
{"id":"4","level":"debug","message":"ScheduleService.updateSchedule - Success","timestamp":"2026-03-13T19:44:41.528Z"}
{"id":"4","level":"debug","message":"ScheduleService.getScheduleById - Starting","timestamp":"2026-03-13T19:44:41.529Z"}
{"level":"info","message":"System has 4 total devices. 0 are ONLINE.","timestamp":"2026-03-13T19:44:41.545Z"}
{"level":"warn","message":"Debug: First device status is [OFFLINE]","timestamp":"2026-03-13T19:44:41.547Z"}
{"id":"4","level":"debug","message":"ScheduleService.getScheduleById - Success","timestamp":"2026-03-13T19:44:41.551Z"}
{"level":"debug","message":"ScheduleService.getAllSchedules - Starting","timestamp":"2026-03-13T19:44:41.605Z"}
{"level":"debug","message":"BranchService.getAllBranches - Starting","timestamp":"2026-03-13T19:44:41.614Z"}
{"count":3,"level":"debug","message":"ScheduleService.getAllSchedules - Success","timestamp":"2026-03-13T19:44:41.624Z"}
{"level":"debug","message":"AudioService.getAllAudios - Starting","timestamp":"2026-03-13T19:44:41.628Z"}
{"count":3,"level":"debug","message":"BranchService.getAllBranches - Success","timestamp":"2026-03-13T19:44:41.639Z"}
{"count":3,"level":"debug","message":"AudioService.getAllAudios - Success","timestamp":"2026-03-13T19:44:41.644Z"}
{"level":"debug","message":"Validation middleware - Starting","params":{"id":"4"},"timestamp":"2026-03-13T19:56:24.876Z"}
{"body":{"audio_id":"5","end_date":null,"is_active":false,"play_count":1,"play_time":"13:40:00","priority":3,"schedule_mode":"DAILY","start_date":null,"targets":[{"target_type":"REGION","target_value":"South"}],"title":"testing"},"level":"debug","message":"Validation middleware - Starting","timestamp":"2026-03-13T19:56:24.886Z"}
{"id":"4","level":"debug","message":"ScheduleService.updateSchedule - Starting","timestamp":"2026-03-13T19:56:24.892Z"}
{"id":"4","level":"debug","message":"ScheduleService.updateSchedule - Success","timestamp":"2026-03-13T19:56:25.017Z"}
{"id":"4","level":"debug","message":"ScheduleService.getScheduleById - Starting","timestamp":"2026-03-13T19:56:25.018Z"}
{"level":"info","message":"System has 4 total devices. 0 are ONLINE.","timestamp":"2026-03-13T19:56:25.041Z"}
{"level":"warn","message":"Debug: First device status is [OFFLINE]","timestamp":"2026-03-13T19:56:25.043Z"}
{"id":"4","level":"debug","message":"ScheduleService.getScheduleById - Success","timestamp":"2026-03-13T19:56:25.048Z"}
{"level":"debug","message":"ScheduleService.getAllSchedules - Starting","timestamp":"2026-03-13T19:56:25.094Z"}
{"level":"debug","message":"AudioService.getAllAudios - Starting","timestamp":"2026-03-13T19:56:25.103Z"}
{"level":"debug","message":"BranchService.getAllBranches - Starting","timestamp":"2026-03-13T19:56:25.115Z"}
{"count":3,"level":"debug","message":"ScheduleService.getAllSchedules - Success","timestamp":"2026-03-13T19:56:25.125Z"}
{"count":3,"level":"debug","message":"BranchService.getAllBranches - Success","timestamp":"2026-03-13T19:56:25.136Z"}
{"count":3,"level":"debug","message":"AudioService.getAllAudios - Success","timestamp":"2026-03-13T19:56:25.143Z"}
{"level":"debug","message":"ScheduleService.getAllSchedules - Starting","timestamp":"2026-03-13T19:56:31.916Z"}
{"level":"debug","message":"AudioService.getAllAudios - Starting","timestamp":"2026-03-13T19:56:31.924Z"}
{"level":"debug","message":"BranchService.getAllBranches - Starting","timestamp":"2026-03-13T19:56:31.928Z"}
{"count":3,"level":"debug","message":"ScheduleService.getAllSchedules - Success","timestamp":"2026-03-13T19:56:31.935Z"}
{"count":3,"level":"debug","message":"AudioService.getAllAudios - Success","timestamp":"2026-03-13T19:56:31.943Z"}
{"count":3,"level":"debug","message":"BranchService.getAllBranches - Success","timestamp":"2026-03-13T19:56:31.948Z"}
{"level":"debug","message":"Validation middleware - Starting","params":{"id":"2"},"timestamp":"2026-03-13T19:56:47.975Z"}
{"body":{"audio_id":"2","end_date":"2026-11-05","is_active":true,"play_count":1,"play_time":"16:04:00","priority":10,"schedule_mode":"DATE_RANGE","start_date":"2026-10-20","targets":[{"target_type":"BRANCH","target_value":"3"},{"target_type":"BRANCH","target_value":"2"}],"title":"Diwali Festival Promo"},"level":"debug","message":"Validation middleware - Starting","timestamp":"2026-03-13T19:56:47.978Z"}
{"id":"2","level":"debug","message":"ScheduleService.updateSchedule - Starting","timestamp":"2026-03-13T19:56:47.993Z"}
{"id":"2","level":"debug","message":"ScheduleService.updateSchedule - Success","timestamp":"2026-03-13T19:56:48.060Z"}
{"id":"2","level":"debug","message":"ScheduleService.getScheduleById - Starting","timestamp":"2026-03-13T19:56:48.061Z"}
{"level":"info","message":"System has 4 total devices. 0 are ONLINE.","timestamp":"2026-03-13T19:56:48.077Z"}
{"level":"warn","message":"Debug: First device status is [OFFLINE]","timestamp":"2026-03-13T19:56:48.078Z"}
{"id":"2","level":"debug","message":"ScheduleService.getScheduleById - Success","timestamp":"2026-03-13T19:56:48.081Z"}
{"level":"debug","message":"ScheduleService.getAllSchedules - Starting","timestamp":"2026-03-13T19:56:48.127Z"}
{"level":"debug","message":"AudioService.getAllAudios - Starting","timestamp":"2026-03-13T19:56:48.136Z"}
{"level":"debug","message":"BranchService.getAllBranches - Starting","timestamp":"2026-03-13T19:56:48.143Z"}
{"count":3,"level":"debug","message":"ScheduleService.getAllSchedules - Success","timestamp":"2026-03-13T19:56:48.158Z"}
{"count":3,"level":"debug","message":"AudioService.getAllAudios - Success","timestamp":"2026-03-13T19:56:48.162Z"}
{"count":3,"level":"debug","message":"BranchService.getAllBranches - Success","timestamp":"2026-03-13T19:56:48.166Z"}
{"level":"debug","message":"Validation middleware - Starting","params":{"id":"2"},"timestamp":"2026-03-13T19:57:13.869Z"}
{"body":{"audio_id":"2","end_date":"2026-11-05","is_active":true,"play_count":1,"play_time":"16:04:00","priority":10,"schedule_mode":"DATE_RANGE","start_date":"2026-10-20","targets":[{"target_type":"BRANCH","target_value":"1"},{"target_type":"BRANCH","target_value":"2"}],"title":"Diwali Festival Promo"},"level":"debug","message":"Validation middleware - Starting","timestamp":"2026-03-13T19:57:13.871Z"}
{"id":"2","level":"debug","message":"ScheduleService.updateSchedule - Starting","timestamp":"2026-03-13T19:57:13.874Z"}
{"id":"2","level":"debug","message":"ScheduleService.updateSchedule - Success","timestamp":"2026-03-13T19:57:13.913Z"}
{"id":"2","level":"debug","message":"ScheduleService.getScheduleById - Starting","timestamp":"2026-03-13T19:57:13.914Z"}
{"level":"info","message":"System has 4 total devices. 0 are ONLINE.","timestamp":"2026-03-13T19:57:13.931Z"}
{"level":"warn","message":"Debug: First device status is [OFFLINE]","timestamp":"2026-03-13T19:57:13.933Z"}
{"id":"2","level":"debug","message":"ScheduleService.getScheduleById - Success","timestamp":"2026-03-13T19:57:13.936Z"}
{"level":"debug","message":"ScheduleService.getAllSchedules - Starting","timestamp":"2026-03-13T19:57:13.982Z"}
{"level":"debug","message":"AudioService.getAllAudios - Starting","timestamp":"2026-03-13T19:57:13.992Z"}
{"level":"debug","message":"BranchService.getAllBranches - Starting","timestamp":"2026-03-13T19:57:14.001Z"}
{"count":3,"level":"debug","message":"ScheduleService.getAllSchedules - Success","timestamp":"2026-03-13T19:57:14.022Z"}
{"count":3,"level":"debug","message":"AudioService.getAllAudios - Success","timestamp":"2026-03-13T19:57:14.028Z"}
{"count":3,"level":"debug","message":"BranchService.getAllBranches - Success","timestamp":"2026-03-13T19:57:14.033Z"}
{"level":"debug","message":"ScheduleService.getAllSchedules - Starting","timestamp":"2026-03-13T19:57:19.699Z"}
{"level":"debug","message":"AudioService.getAllAudios - Starting","timestamp":"2026-03-13T19:57:19.704Z"}
{"level":"debug","message":"BranchService.getAllBranches - Starting","timestamp":"2026-03-13T19:57:19.709Z"}
{"count":3,"level":"debug","message":"ScheduleService.getAllSchedules - Success","timestamp":"2026-03-13T19:57:19.717Z"}
{"count":3,"level":"debug","message":"AudioService.getAllAudios - Success","timestamp":"2026-03-13T19:57:19.720Z"}
{"count":3,"level":"debug","message":"BranchService.getAllBranches - Success","timestamp":"2026-03-13T19:57:19.725Z"}
{"level":"debug","message":"AudioService.getAllAudios - Starting","timestamp":"2026-03-13T20:01:17.401Z"}
{"level":"debug","message":"BranchService.getAllBranches - Starting","timestamp":"2026-03-13T20:01:17.411Z"}
{"level":"debug","message":"ScheduleService.getAllSchedules - Starting","timestamp":"2026-03-13T20:01:17.480Z"}
{"count":3,"level":"debug","message":"AudioService.getAllAudios - Success","timestamp":"2026-03-13T20:01:17.487Z"}
{"count":3,"level":"debug","message":"BranchService.getAllBranches - Success","timestamp":"2026-03-13T20:01:17.495Z"}
{"count":3,"level":"debug","message":"ScheduleService.getAllSchedules - Success","timestamp":"2026-03-13T20:01:17.501Z"}
{"level":"debug","message":"ScheduleService.getAllSchedules - Starting","timestamp":"2026-03-13T20:05:37.240Z"}
{"level":"debug","message":"AudioService.getAllAudios - Starting","timestamp":"2026-03-13T20:05:37.262Z"}
{"level":"debug","message":"BranchService.getAllBranches - Starting","timestamp":"2026-03-13T20:05:37.265Z"}
{"count":3,"level":"debug","message":"ScheduleService.getAllSchedules - Success","timestamp":"2026-03-13T20:05:37.272Z"}
{"count":3,"level":"debug","message":"AudioService.getAllAudios - Success","timestamp":"2026-03-13T20:05:37.276Z"}
{"count":3,"level":"debug","message":"BranchService.getAllBranches - Success","timestamp":"2026-03-13T20:05:37.279Z"}
{"level":"debug","message":"BranchService.getAllBranches - Starting","timestamp":"2026-03-13T20:05:50.845Z"}
{"level":"debug","message":"DeviceService.getAllDevices - Starting","timestamp":"2026-03-13T20:05:50.851Z"}
{"count":3,"level":"debug","message":"BranchService.getAllBranches - Success","timestamp":"2026-03-13T20:05:50.858Z"}
{"count":4,"level":"debug","message":"DeviceService.getAllDevices - Success","timestamp":"2026-03-13T20:05:50.873Z"}
{"level":"debug","message":"BranchService.getAllBranches - Starting","timestamp":"2026-03-13T20:05:50.876Z"}
{"count":3,"level":"debug","message":"BranchService.getAllBranches - Success","timestamp":"2026-03-13T20:05:50.892Z"}
{"level":"debug","message":"DeviceService.getAllDevices - Starting","timestamp":"2026-03-13T20:05:50.895Z"}
{"count":4,"level":"debug","message":"DeviceService.getAllDevices - Success","timestamp":"2026-03-13T20:05:50.902Z"}
{"level":"debug","message":"DeviceService.getAllDevices - Starting","timestamp":"2026-03-13T20:07:08.120Z"}
{"level":"debug","message":"BranchService.getAllBranches - Starting","timestamp":"2026-03-13T20:07:08.123Z"}
{"count":4,"level":"debug","message":"DeviceService.getAllDevices - Success","timestamp":"2026-03-13T20:07:08.136Z"}
{"count":3,"level":"debug","message":"BranchService.getAllBranches - Success","timestamp":"2026-03-13T20:07:08.153Z"}
{"level":"debug","message":"BranchService.getAllBranches - Starting","timestamp":"2026-03-13T20:07:16.215Z"}
{"count":3,"level":"debug","message":"BranchService.getAllBranches - Success","timestamp":"2026-03-13T20:07:16.225Z"}
{"level":"debug","message":"BranchService.getAllBranches - Starting","timestamp":"2026-03-13T20:07:16.235Z"}
{"count":3,"level":"debug","message":"BranchService.getAllBranches - Success","timestamp":"2026-03-13T20:07:16.242Z"}
{"level":"debug","message":"UserService.getAllUsers - Starting","timestamp":"2026-03-13T20:07:38.155Z"}
{"count":2,"level":"debug","message":"UserService.getAllUsers - Success","timestamp":"2026-03-13T20:07:38.182Z"}
{"level":"debug","message":"UserService.getAllUsers - Starting","timestamp":"2026-03-13T20:07:38.200Z"}
{"count":2,"level":"debug","message":"UserService.getAllUsers - Success","timestamp":"2026-03-13T20:07:38.204Z"}
{"level":"debug","message":"DeviceService.getDeviceStatus - Starting","timestamp":"2026-03-13T20:07:41.296Z"}
{"level":"debug","message":"BranchService.getAllBranches - Starting","timestamp":"2026-03-13T20:07:41.306Z"}
{"level":"debug","message":"ScheduleService.getAllSchedules - Starting","timestamp":"2026-03-13T20:07:41.316Z"}
{"count":4,"level":"debug","message":"DeviceService.getDeviceStatus - Success","timestamp":"2026-03-13T20:07:41.337Z"}
{"count":3,"level":"debug","message":"BranchService.getAllBranches - Success","timestamp":"2026-03-13T20:07:41.346Z"}
{"count":3,"level":"debug","message":"ScheduleService.getAllSchedules - Success","timestamp":"2026-03-13T20:07:41.384Z"}
{"level":"debug","message":"BranchService.getAllBranches - Starting","timestamp":"2026-03-13T20:07:41.392Z"}
{"count":3,"level":"debug","message":"BranchService.getAllBranches - Success","timestamp":"2026-03-13T20:07:41.409Z"}
{"level":"debug","message":"ScheduleService.getAllSchedules - Starting","timestamp":"2026-03-13T20:07:41.414Z"}
{"count":3,"level":"debug","message":"ScheduleService.getAllSchedules - Success","timestamp":"2026-03-13T20:07:41.452Z"}
{"level":"debug","message":"UserService.getAllUsers - Starting","timestamp":"2026-03-13T20:09:57.589Z"}
{"count":2,"level":"debug","message":"UserService.getAllUsers - Success","timestamp":"2026-03-13T20:09:57.612Z"}
{"level":"debug","message":"UserService.getAllUsers - Starting","timestamp":"2026-03-13T20:09:57.638Z"}
{"count":2,"level":"debug","message":"UserService.getAllUsers - Success","timestamp":"2026-03-13T20:09:57.645Z"}
{"level":"debug","message":"BranchService.getAllBranches - Starting","timestamp":"2026-03-13T20:10:07.752Z"}
{"count":3,"level":"debug","message":"BranchService.getAllBranches - Success","timestamp":"2026-03-13T20:10:07.768Z"}
{"level":"debug","message":"BranchService.getAllBranches - Starting","timestamp":"2026-03-13T20:10:07.780Z"}
{"count":3,"level":"debug","message":"BranchService.getAllBranches - Success","timestamp":"2026-03-13T20:10:07.788Z"}
{"level":"debug","message":"DeviceService.getDeviceStatus - Starting","timestamp":"2026-03-13T20:13:36.115Z"}
{"level":"debug","message":"ScheduleService.getAllSchedules - Starting","timestamp":"2026-03-13T20:13:36.120Z"}
{"level":"debug","message":"BranchService.getAllBranches - Starting","timestamp":"2026-03-13T20:13:36.126Z"}
{"count":4,"level":"debug","message":"DeviceService.getDeviceStatus - Success","timestamp":"2026-03-13T20:13:36.132Z"}
{"count":3,"level":"debug","message":"ScheduleService.getAllSchedules - Success","timestamp":"2026-03-13T20:13:36.137Z"}
{"count":3,"level":"debug","message":"BranchService.getAllBranches - Success","timestamp":"2026-03-13T20:13:36.141Z"}
{"level":"debug","message":"ScheduleService.getAllSchedules - Starting","timestamp":"2026-03-13T20:13:36.154Z"}
{"level":"debug","message":"BranchService.getAllBranches - Starting","timestamp":"2026-03-13T20:13:36.158Z"}
{"count":3,"level":"debug","message":"ScheduleService.getAllSchedules - Success","timestamp":"2026-03-13T20:13:36.164Z"}
{"count":3,"level":"debug","message":"BranchService.getAllBranches - Success","timestamp":"2026-03-13T20:13:36.173Z"}
{"level":"debug","message":"BranchService.getAllBranches - Starting","timestamp":"2026-03-13T20:18:04.816Z"}
{"level":"debug","message":"ScheduleService.getAllSchedules - Starting","timestamp":"2026-03-13T20:18:04.829Z"}
{"level":"debug","message":"DeviceService.getDeviceStatus - Starting","timestamp":"2026-03-13T20:18:04.835Z"}
{"count":3,"level":"debug","message":"BranchService.getAllBranches - Success","timestamp":"2026-03-13T20:18:04.907Z"}
{"count":4,"level":"debug","message":"DeviceService.getDeviceStatus - Success","timestamp":"2026-03-13T20:18:04.912Z"}
{"count":3,"level":"debug","message":"ScheduleService.getAllSchedules - Success","timestamp":"2026-03-13T20:18:04.920Z"}
{"level":"debug","message":"ScheduleService.getAllSchedules - Starting","timestamp":"2026-03-13T20:21:22.908Z"}
{"level":"debug","message":"AudioService.getAllAudios - Starting","timestamp":"2026-03-13T20:21:22.917Z"}
{"level":"debug","message":"BranchService.getAllBranches - Starting","timestamp":"2026-03-13T20:21:22.920Z"}
{"count":3,"level":"debug","message":"AudioService.getAllAudios - Success","timestamp":"2026-03-13T20:21:22.931Z"}
{"level":"debug","message":"AudioService.getAllAudios - Starting","timestamp":"2026-03-13T20:21:23.001Z"}
{"count":3,"level":"debug","message":"BranchService.getAllBranches - Success","timestamp":"2026-03-13T20:21:23.005Z"}
{"count":3,"level":"debug","message":"ScheduleService.getAllSchedules - Success","timestamp":"2026-03-13T20:21:23.011Z"}
{"count":3,"level":"debug","message":"AudioService.getAllAudios - Success","timestamp":"2026-03-13T20:21:23.014Z"}
{"level":"debug","message":"BranchService.getAllBranches - Starting","timestamp":"2026-03-13T20:21:23.024Z"}
{"level":"debug","message":"ScheduleService.getAllSchedules - Starting","timestamp":"2026-03-13T20:21:23.029Z"}
{"count":3,"level":"debug","message":"BranchService.getAllBranches - Success","timestamp":"2026-03-13T20:21:23.034Z"}
{"count":3,"level":"debug","message":"ScheduleService.getAllSchedules - Success","timestamp":"2026-03-13T20:21:23.037Z"}
{"level":"debug","message":"DeviceService.getDeviceStatus - Starting","timestamp":"2026-03-13T20:21:37.060Z"}
{"level":"debug","message":"BranchService.getAllBranches - Starting","timestamp":"2026-03-13T20:21:37.066Z"}
{"level":"debug","message":"ScheduleService.getAllSchedules - Starting","timestamp":"2026-03-13T20:21:37.071Z"}
{"count":4,"level":"debug","message":"DeviceService.getDeviceStatus - Success","timestamp":"2026-03-13T20:21:37.078Z"}
{"count":3,"level":"debug","message":"BranchService.getAllBranches - Success","timestamp":"2026-03-13T20:21:37.089Z"}
{"level":"debug","message":"BranchService.getAllBranches - Starting","timestamp":"2026-03-13T20:21:37.097Z"}
{"count":3,"level":"debug","message":"BranchService.getAllBranches - Success","timestamp":"2026-03-13T20:21:37.101Z"}
{"count":3,"level":"debug","message":"ScheduleService.getAllSchedules - Success","timestamp":"2026-03-13T20:21:37.103Z"}
{"level":"debug","message":"ScheduleService.getAllSchedules - Starting","timestamp":"2026-03-13T20:21:37.109Z"}
{"count":3,"level":"debug","message":"ScheduleService.getAllSchedules - Success","timestamp":"2026-03-13T20:21:37.113Z"}
{"level":"debug","message":"DeviceService.getDeviceStatus - Starting","timestamp":"2026-03-13T20:21:40.368Z"}
{"level":"debug","message":"BranchService.getAllBranches - Starting","timestamp":"2026-03-13T20:21:40.372Z"}
{"level":"debug","message":"ScheduleService.getAllSchedules - Starting","timestamp":"2026-03-13T20:21:40.378Z"}
{"count":4,"level":"debug","message":"DeviceService.getDeviceStatus - Success","timestamp":"2026-03-13T20:21:40.384Z"}
{"count":3,"level":"debug","message":"BranchService.getAllBranches - Success","timestamp":"2026-03-13T20:21:40.387Z"}
{"count":3,"level":"debug","message":"ScheduleService.getAllSchedules - Success","timestamp":"2026-03-13T20:21:40.392Z"}
{"level":"debug","message":"UserService.getAllUsers - Starting","timestamp":"2026-03-13T20:22:50.969Z"}
{"count":2,"level":"debug","message":"UserService.getAllUsers - Success","timestamp":"2026-03-13T20:22:50.976Z"}
{"level":"debug","message":"UserService.getAllUsers - Starting","timestamp":"2026-03-13T20:22:50.984Z"}
{"count":2,"level":"debug","message":"UserService.getAllUsers - Success","timestamp":"2026-03-13T20:22:50.987Z"}
{"level":"debug","message":"BranchService.getAllBranches - Starting","timestamp":"2026-03-13T20:22:51.947Z"}
{"count":3,"level":"debug","message":"BranchService.getAllBranches - Success","timestamp":"2026-03-13T20:22:51.963Z"}
{"level":"debug","message":"BranchService.getAllBranches - Starting","timestamp":"2026-03-13T20:22:51.976Z"}
{"count":3,"level":"debug","message":"BranchService.getAllBranches - Success","timestamp":"2026-03-13T20:22:51.981Z"}
{"level":"debug","message":"BranchService.getAllBranches - Starting","timestamp":"2026-03-13T20:22:53.383Z"}
{"level":"debug","message":"AudioService.getAllAudios - Starting","timestamp":"2026-03-13T20:22:53.411Z"}
{"count":3,"level":"debug","message":"BranchService.getAllBranches - Success","timestamp":"2026-03-13T20:22:53.434Z"}
{"count":3,"level":"debug","message":"AudioService.getAllAudios - Success","timestamp":"2026-03-13T20:22:53.453Z"}
{"level":"debug","message":"BranchService.getAllBranches - Starting","timestamp":"2026-03-13T20:22:53.457Z"}
{"count":3,"level":"debug","message":"BranchService.getAllBranches - Success","timestamp":"2026-03-13T20:22:53.472Z"}
{"level":"debug","message":"AudioService.getAllAudios - Starting","timestamp":"2026-03-13T20:22:53.475Z"}
{"count":3,"level":"debug","message":"AudioService.getAllAudios - Success","timestamp":"2026-03-13T20:22:53.483Z"}
{"0":{"audio":{"audio_type":"DAILY","duration_seconds":152,"file_url":"uploads/audio/076c5ee7-b884-4c3d-85fc-36eb68425846.mp3","id":5,"is_active":true,"language":"Hindi","title":"audio-1"},"audio_id":5,"branch_id":1,"created_at":"2026-02-27T04:31:43.000Z","id":3,"is_active":false,"order_index":0,"updated_at":"2026-03-02T07:55:10.000Z"},"1":{"audio":{"audio_type":"FESTIVAL","duration_seconds":120,"file_url":"uploads/audio/1ba0ff30-39ec-4d10-92ea-e185c0410abd.mp3","id":2,"is_active":true,"language":"Hindi","title":"Diwali Promo"},"audio_id":2,"branch_id":1,"created_at":"2026-02-27T04:18:09.000Z","id":2,"is_active":true,"order_index":1,"updated_at":"2026-03-02T07:55:39.000Z"},"2":{"audio":{"audio_type":"PRAYER","duration_seconds":180,"file_url":"uploads/audio/8cd8e649-ef13-49d7-8de8-c6b4a6125fff.mp3","id":1,"is_active":true,"language":"Hindi","title":"Morning Prayer"},"audio_id":1,"branch_id":1,"created_at":"2026-02-27T04:18:01.000Z","id":1,"is_active":true,"order_index":2,"updated_at":"2026-03-02T07:42:39.000Z"},"level":"debug","message":"playlist","timestamp":"2026-03-13T20:22:53.565Z"}
{"level":"debug","message":"BranchService.getAllBranches - Starting","timestamp":"2026-03-13T20:22:54.791Z"}
{"count":3,"level":"debug","message":"BranchService.getAllBranches - Success","timestamp":"2026-03-13T20:22:54.800Z"}
{"level":"debug","message":"BranchService.getAllBranches - Starting","timestamp":"2026-03-13T20:22:54.816Z"}
{"level":"debug","message":"DeviceService.getAllDevices - Starting","timestamp":"2026-03-13T20:22:54.821Z"}
{"count":3,"level":"debug","message":"BranchService.getAllBranches - Success","timestamp":"2026-03-13T20:22:54.825Z"}
{"count":4,"level":"debug","message":"DeviceService.getAllDevices - Success","timestamp":"2026-03-13T20:22:54.831Z"}
{"level":"debug","message":"DeviceService.getAllDevices - Starting","timestamp":"2026-03-13T20:22:54.842Z"}
{"count":4,"level":"debug","message":"DeviceService.getAllDevices - Success","timestamp":"2026-03-13T20:22:54.848Z"}
{"level":"debug","message":"BranchService.getAllBranches - Starting","timestamp":"2026-03-13T20:22:56.713Z"}
{"level":"debug","message":"AudioService.getAllAudios - Starting","timestamp":"2026-03-13T20:22:56.716Z"}
{"count":3,"level":"debug","message":"BranchService.getAllBranches - Success","timestamp":"2026-03-13T20:22:56.719Z"}
{"count":3,"level":"debug","message":"AudioService.getAllAudios - Success","timestamp":"2026-03-13T20:22:56.721Z"}
{"level":"debug","message":"BranchService.getAllBranches - Starting","timestamp":"2026-03-13T20:22:56.730Z"}
{"level":"debug","message":"AudioService.getAllAudios - Starting","timestamp":"2026-03-13T20:22:56.733Z"}
{"count":3,"level":"debug","message":"BranchService.getAllBranches - Success","timestamp":"2026-03-13T20:22:56.738Z"}
{"count":3,"level":"debug","message":"AudioService.getAllAudios - Success","timestamp":"2026-03-13T20:22:56.740Z"}
{"0":{"audio":{"audio_type":"DAILY","duration_seconds":152,"file_url":"uploads/audio/076c5ee7-b884-4c3d-85fc-36eb68425846.mp3","id":5,"is_active":true,"language":"Hindi","title":"audio-1"},"audio_id":5,"branch_id":1,"created_at":"2026-02-27T04:31:43.000Z","id":3,"is_active":false,"order_index":0,"updated_at":"2026-03-02T07:55:10.000Z"},"1":{"audio":{"audio_type":"FESTIVAL","duration_seconds":120,"file_url":"uploads/audio/1ba0ff30-39ec-4d10-92ea-e185c0410abd.mp3","id":2,"is_active":true,"language":"Hindi","title":"Diwali Promo"},"audio_id":2,"branch_id":1,"created_at":"2026-02-27T04:18:09.000Z","id":2,"is_active":true,"order_index":1,"updated_at":"2026-03-02T07:55:39.000Z"},"2":{"audio":{"audio_type":"PRAYER","duration_seconds":180,"file_url":"uploads/audio/8cd8e649-ef13-49d7-8de8-c6b4a6125fff.mp3","id":1,"is_active":true,"language":"Hindi","title":"Morning Prayer"},"audio_id":1,"branch_id":1,"created_at":"2026-02-27T04:18:01.000Z","id":1,"is_active":true,"order_index":2,"updated_at":"2026-03-02T07:42:39.000Z"},"level":"debug","message":"playlist","timestamp":"2026-03-13T20:22:56.757Z"}
{"level":"debug","message":"DeviceService.getAllDevices - Starting","timestamp":"2026-03-13T20:23:02.649Z"}
{"level":"debug","message":"BranchService.getAllBranches - Starting","timestamp":"2026-03-13T20:23:02.652Z"}
{"count":4,"level":"debug","message":"DeviceService.getAllDevices - Success","timestamp":"2026-03-13T20:23:02.654Z"}
{"count":3,"level":"debug","message":"BranchService.getAllBranches - Success","timestamp":"2026-03-13T20:23:02.657Z"}
{"level":"debug","message":"DeviceService.getAllDevices - Starting","timestamp":"2026-03-13T20:23:02.667Z"}
{"level":"debug","message":"BranchService.getAllBranches - Starting","timestamp":"2026-03-13T20:23:02.670Z"}
{"count":4,"level":"debug","message":"DeviceService.getAllDevices - Success","timestamp":"2026-03-13T20:23:02.673Z"}
{"count":3,"level":"debug","message":"BranchService.getAllBranches - Success","timestamp":"2026-03-13T20:23:02.675Z"}
{"level":"debug","message":"AudioService.getAllAudios - Starting","timestamp":"2026-03-13T20:31:05.307Z"}
{"count":3,"level":"debug","message":"AudioService.getAllAudios - Success","timestamp":"2026-03-13T20:31:05.323Z"}
{"level":"debug","message":"AudioService.getAllAudios - Starting","timestamp":"2026-03-13T20:31:05.331Z"}
{"count":3,"level":"debug","message":"AudioService.getAllAudios - Success","timestamp":"2026-03-13T20:31:05.334Z"}
{"level":"debug","message":"ScheduleService.getAllSchedules - Starting","timestamp":"2026-03-13T20:31:25.948Z"}
{"level":"debug","message":"AudioService.getAllAudios - Starting","timestamp":"2026-03-13T20:31:25.952Z"}
{"level":"debug","message":"BranchService.getAllBranches - Starting","timestamp":"2026-03-13T20:31:25.953Z"}
{"count":3,"level":"debug","message":"AudioService.getAllAudios - Success","timestamp":"2026-03-13T20:31:25.961Z"}
{"count":3,"level":"debug","message":"ScheduleService.getAllSchedules - Success","timestamp":"2026-03-13T20:31:25.966Z"}
{"count":3,"level":"debug","message":"BranchService.getAllBranches - Success","timestamp":"2026-03-13T20:31:25.971Z"}
{"level":"debug","message":"AudioService.getAllAudios - Starting","timestamp":"2026-03-13T20:31:25.985Z"}
{"level":"debug","message":"ScheduleService.getAllSchedules - Starting","timestamp":"2026-03-13T20:31:25.992Z"}
{"level":"debug","message":"BranchService.getAllBranches - Starting","timestamp":"2026-03-13T20:31:25.996Z"}
{"count":3,"level":"debug","message":"AudioService.getAllAudios - Success","timestamp":"2026-03-13T20:31:25.998Z"}
{"count":3,"level":"debug","message":"ScheduleService.getAllSchedules - Success","timestamp":"2026-03-13T20:31:26.002Z"}
{"count":3,"level":"debug","message":"BranchService.getAllBranches - Success","timestamp":"2026-03-13T20:31:26.004Z"}
{"level":"debug","message":"DeviceService.getAllDevices - Starting","timestamp":"2026-03-13T20:35:18.877Z"}
{"level":"debug","message":"BranchService.getAllBranches - Starting","timestamp":"2026-03-13T20:35:18.881Z"}
{"count":4,"level":"debug","message":"DeviceService.getAllDevices - Success","timestamp":"2026-03-13T20:35:18.890Z"}
{"level":"debug","message":"DeviceService.getAllDevices - Starting","timestamp":"2026-03-13T20:35:18.908Z"}
{"count":3,"level":"debug","message":"BranchService.getAllBranches - Success","timestamp":"2026-03-13T20:35:18.913Z"}
{"count":4,"level":"debug","message":"DeviceService.getAllDevices - Success","timestamp":"2026-03-13T20:35:18.918Z"}
{"level":"debug","message":"BranchService.getAllBranches - Starting","timestamp":"2026-03-13T20:35:18.929Z"}
{"count":3,"level":"debug","message":"BranchService.getAllBranches - Success","timestamp":"2026-03-13T20:35:18.937Z"}
{"level":"debug","message":"ScheduleService.getAllSchedules - Starting","timestamp":"2026-03-13T20:35:57.728Z"}
{"level":"debug","message":"BranchService.getAllBranches - Starting","timestamp":"2026-03-13T20:35:57.734Z"}
{"level":"debug","message":"AudioService.getAllAudios - Starting","timestamp":"2026-03-13T20:35:57.745Z"}
{"count":3,"level":"debug","message":"ScheduleService.getAllSchedules - Success","timestamp":"2026-03-13T20:35:57.757Z"}
{"count":3,"level":"debug","message":"BranchService.getAllBranches - Success","timestamp":"2026-03-13T20:35:57.765Z"}
{"count":3,"level":"debug","message":"AudioService.getAllAudios - Success","timestamp":"2026-03-13T20:35:57.770Z"}
{"level":"debug","message":"BranchService.getAllBranches - Starting","timestamp":"2026-03-13T20:35:57.785Z"}
{"count":3,"level":"debug","message":"BranchService.getAllBranches - Success","timestamp":"2026-03-13T20:35:57.790Z"}
{"level":"debug","message":"ScheduleService.getAllSchedules - Starting","timestamp":"2026-03-13T20:35:57.800Z"}
{"level":"debug","message":"AudioService.getAllAudios - Starting","timestamp":"2026-03-13T20:35:57.803Z"}
{"count":3,"level":"debug","message":"ScheduleService.getAllSchedules - Success","timestamp":"2026-03-13T20:35:57.805Z"}
{"count":3,"level":"debug","message":"AudioService.getAllAudios - Success","timestamp":"2026-03-13T20:35:57.810Z"}
{"level":"debug","message":"Validation middleware - Starting","params":{"id":"2"},"timestamp":"2026-03-13T20:49:36.323Z"}
{"body":{"audio_id":"2","end_date":"2026-11-05","is_active":true,"play_count":1,"play_time":"16:04:00","priority":10,"schedule_mode":"DATE_RANGE","start_date":"2026-10-20","targets":[{"target_type":"BRANCH","target_value":"1"},{"target_type":"BRANCH","target_value":"2"},{"target_type":"BRANCH","target_value":"3"}],"title":"Diwali Festival Promo"},"level":"debug","message":"Validation middleware - Starting","timestamp":"2026-03-13T20:49:36.331Z"}
{"id":"2","level":"debug","message":"ScheduleService.updateSchedule - Starting","timestamp":"2026-03-13T20:49:36.336Z"}
{"id":"2","level":"debug","message":"ScheduleService.updateSchedule - Success","timestamp":"2026-03-13T20:49:36.434Z"}
{"id":"2","level":"debug","message":"ScheduleService.getScheduleById - Starting","timestamp":"2026-03-13T20:49:36.435Z"}
{"level":"info","message":"System has 4 total devices. 0 are ONLINE.","timestamp":"2026-03-13T20:49:36.449Z"}
{"level":"warn","message":"Debug: First device status is [OFFLINE]","timestamp":"2026-03-13T20:49:36.449Z"}
{"id":"2","level":"debug","message":"ScheduleService.getScheduleById - Success","timestamp":"2026-03-13T20:49:36.451Z"}
{"level":"debug","message":"ScheduleService.getAllSchedules - Starting","timestamp":"2026-03-13T20:49:36.484Z"}
{"level":"debug","message":"AudioService.getAllAudios - Starting","timestamp":"2026-03-13T20:49:36.489Z"}
{"level":"debug","message":"BranchService.getAllBranches - Starting","timestamp":"2026-03-13T20:49:36.495Z"}
{"count":3,"level":"debug","message":"ScheduleService.getAllSchedules - Success","timestamp":"2026-03-13T20:49:36.499Z"}
{"count":3,"level":"debug","message":"AudioService.getAllAudios - Success","timestamp":"2026-03-13T20:49:36.505Z"}
{"count":3,"level":"debug","message":"BranchService.getAllBranches - Success","timestamp":"2026-03-13T20:49:36.508Z"}
{"level":"debug","message":"ScheduleService.getAllSchedules - Starting","timestamp":"2026-03-13T20:51:14.488Z"}
{"level":"debug","message":"BranchService.getAllBranches - Starting","timestamp":"2026-03-13T20:51:14.494Z"}
{"level":"debug","message":"AudioService.getAllAudios - Starting","timestamp":"2026-03-13T20:51:14.503Z"}
{"count":3,"level":"debug","message":"ScheduleService.getAllSchedules - Success","timestamp":"2026-03-13T20:51:14.508Z"}
{"count":3,"level":"debug","message":"BranchService.getAllBranches - Success","timestamp":"2026-03-13T20:51:14.513Z"}
{"count":3,"level":"debug","message":"AudioService.getAllAudios - Success","timestamp":"2026-03-13T20:51:14.516Z"}
{"level":"debug","message":"BranchService.getAllBranches - Starting","timestamp":"2026-03-13T20:51:28.408Z"}
{"level":"debug","message":"DeviceService.getDeviceStatus - Starting","timestamp":"2026-03-13T20:51:28.414Z"}
{"level":"debug","message":"ScheduleService.getAllSchedules - Starting","timestamp":"2026-03-13T20:51:28.420Z"}
{"count":3,"level":"debug","message":"BranchService.getAllBranches - Success","timestamp":"2026-03-13T20:51:28.427Z"}
{"count":4,"level":"debug","message":"DeviceService.getDeviceStatus - Success","timestamp":"2026-03-13T20:51:28.437Z"}
{"count":3,"level":"debug","message":"ScheduleService.getAllSchedules - Success","timestamp":"2026-03-13T20:51:28.458Z"}
{"level":"debug","message":"BranchService.getAllBranches - Starting","timestamp":"2026-03-13T20:51:28.462Z"}
{"count":3,"level":"debug","message":"BranchService.getAllBranches - Success","timestamp":"2026-03-13T20:51:28.472Z"}
{"level":"debug","message":"ScheduleService.getAllSchedules - Starting","timestamp":"2026-03-13T20:51:28.479Z"}
{"count":3,"level":"debug","message":"ScheduleService.getAllSchedules - Success","timestamp":"2026-03-13T20:51:28.490Z"}
{"level":"debug","message":"ScheduleService.getAllSchedules - Starting","timestamp":"2026-03-13T20:59:21.585Z"}
{"level":"debug","message":"BranchService.getAllBranches - Starting","timestamp":"2026-03-13T20:59:21.613Z"}
{"level":"debug","message":"DeviceService.getDeviceStatus - Starting","timestamp":"2026-03-13T20:59:21.625Z"}
{"count":3,"level":"debug","message":"ScheduleService.getAllSchedules - Success","timestamp":"2026-03-13T20:59:21.673Z"}
{"count":4,"level":"debug","message":"DeviceService.getDeviceStatus - Success","timestamp":"2026-03-13T20:59:21.679Z"}
{"count":3,"level":"debug","message":"BranchService.getAllBranches - Success","timestamp":"2026-03-13T20:59:21.682Z"}
{"body":{"email":"admin@radhakrishnajewellery.in","password":"admin@#$123"},"level":"debug","message":"Validation middleware - Starting","timestamp":"2026-03-13T21:20:18.326Z"}
{"email":"admin@radhakrishnajewellery.in","level":"debug","message":"AuthService.login - Starting","timestamp":"2026-03-13T21:20:18.349Z"}
{"email":"admin@radhakrishnajewellery.in","level":"error","message":"AuthService.login - User not found","timestamp":"2026-03-13T21:20:18.397Z"}
{"email":"admin@radhakrishnajewellery.in","error":"Invalid credentials","level":"error","message":"AuthService.login - Error","stack":"Error: Invalid credentials\n    at AuthService.login (D:\\work\\bijoy\\cloud-audio-scheduler\\backend\\src\\services\\authService.js:13:15)\n    at process.processTicksAndRejections (node:internal/process/task_queues:95:5)\n    at async login (D:\\work\\bijoy\\cloud-audio-scheduler\\backend\\src\\controllers\\authController.js:8:22)","timestamp":"2026-03-13T21:20:18.402Z"}
{"body":{"email":"admin@radhakrishnajewellery.in","password":"admin@#$123"},"level":"debug","message":"Validation middleware - Starting","timestamp":"2026-03-13T21:20:30.638Z"}
{"email":"admin@radhakrishnajewellery.in","level":"debug","message":"AuthService.login - Starting","timestamp":"2026-03-13T21:20:30.639Z"}
{"email":"admin@radhakrishnajewellery.in","level":"error","message":"AuthService.login - User not found","timestamp":"2026-03-13T21:20:30.681Z"}
{"email":"admin@radhakrishnajewellery.in","error":"Invalid credentials","level":"error","message":"AuthService.login - Error","stack":"Error: Invalid credentials\n    at AuthService.login (D:\\work\\bijoy\\cloud-audio-scheduler\\backend\\src\\services\\authService.js:13:15)\n    at process.processTicksAndRejections (node:internal/process/task_queues:95:5)\n    at async login (D:\\work\\bijoy\\cloud-audio-scheduler\\backend\\src\\controllers\\authController.js:8:22)","timestamp":"2026-03-13T21:20:30.682Z"}
{"body":{"email":"admin@radhakrishnajewellery.in","password":"admin@#$123"},"level":"debug","message":"Validation middleware - Starting","timestamp":"2026-03-13T21:20:38.989Z"}
{"email":"admin@radhakrishnajewellery.in","level":"debug","message":"AuthService.login - Starting","timestamp":"2026-03-13T21:20:38.989Z"}
{"email":"admin@radhakrishnajewellery.in","level":"error","message":"AuthService.login - User not found","timestamp":"2026-03-13T21:20:38.995Z"}
{"email":"admin@radhakrishnajewellery.in","error":"Invalid credentials","level":"error","message":"AuthService.login - Error","stack":"Error: Invalid credentials\n    at AuthService.login (D:\\work\\bijoy\\cloud-audio-scheduler\\backend\\src\\services\\authService.js:13:15)\n    at process.processTicksAndRejections (node:internal/process/task_queues:95:5)\n    at async login (D:\\work\\bijoy\\cloud-audio-scheduler\\backend\\src\\controllers\\authController.js:8:22)","timestamp":"2026-03-13T21:20:38.996Z"}
{"body":{"email":"admin@radhakrishnajewellery.in","password":"admin@#$123"},"level":"debug","message":"Validation middleware - Starting","timestamp":"2026-03-13T21:20:57.294Z"}
{"email":"admin@radhakrishnajewellery.in","level":"debug","message":"AuthService.login - Starting","timestamp":"2026-03-13T21:20:57.294Z"}
{"email":"admin@radhakrishnajewellery.in","level":"error","message":"AuthService.login - User not found","timestamp":"2026-03-13T21:20:57.332Z"}
{"email":"admin@radhakrishnajewellery.in","error":"Invalid credentials","level":"error","message":"AuthService.login - Error","stack":"Error: Invalid credentials\n    at AuthService.login (D:\\work\\bijoy\\cloud-audio-scheduler\\backend\\src\\services\\authService.js:13:15)\n    at process.processTicksAndRejections (node:internal/process/task_queues:95:5)\n    at async login (D:\\work\\bijoy\\cloud-audio-scheduler\\backend\\src\\controllers\\authController.js:8:22)","timestamp":"2026-03-13T21:20:57.332Z"}
{"body":{"email":"admin@radhakrishnajewellery.in","password":"admin@#$123"},"level":"debug","message":"Validation middleware - Starting","timestamp":"2026-03-13T21:21:01.132Z"}
{"email":"admin@radhakrishnajewellery.in","level":"debug","message":"AuthService.login - Starting","timestamp":"2026-03-13T21:21:01.133Z"}
{"email":"admin@radhakrishnajewellery.in","level":"error","message":"AuthService.login - User not found","timestamp":"2026-03-13T21:21:01.136Z"}
{"email":"admin@radhakrishnajewellery.in","error":"Invalid credentials","level":"error","message":"AuthService.login - Error","stack":"Error: Invalid credentials\n    at AuthService.login (D:\\work\\bijoy\\cloud-audio-scheduler\\backend\\src\\services\\authService.js:13:15)\n    at process.processTicksAndRejections (node:internal/process/task_queues:95:5)\n    at async login (D:\\work\\bijoy\\cloud-audio-scheduler\\backend\\src\\controllers\\authController.js:8:22)","timestamp":"2026-03-13T21:21:01.137Z"}
{"body":{"email":"admin@jewellery.com","password":"admin@#$123"},"level":"debug","message":"Validation middleware - Starting","timestamp":"2026-03-13T21:21:19.871Z"}
{"email":"admin@jewellery.com","level":"debug","message":"AuthService.login - Starting","timestamp":"2026-03-13T21:21:19.871Z"}
{"email":"admin@jewellery.com","level":"error","message":"AuthService.login - Invalid password","timestamp":"2026-03-13T21:21:19.981Z"}
{"email":"admin@jewellery.com","error":"Invalid credentials","level":"error","message":"AuthService.login - Error","stack":"Error: Invalid credentials\n    at AuthService.login (D:\\work\\bijoy\\cloud-audio-scheduler\\backend\\src\\services\\authService.js:25:15)\n    at async login (D:\\work\\bijoy\\cloud-audio-scheduler\\backend\\src\\controllers\\authController.js:8:22)","timestamp":"2026-03-13T21:21:19.981Z"}
{"body":{"email":"admin@jewellery.com","password":"admin123"},"level":"debug","message":"Validation middleware - Starting","timestamp":"2026-03-13T21:21:28.365Z"}
{"email":"admin@jewellery.com","level":"debug","message":"AuthService.login - Starting","timestamp":"2026-03-13T21:21:28.366Z"}
{"email":"admin@jewellery.com","level":"debug","message":"AuthService.login - Success","timestamp":"2026-03-13T21:21:28.458Z","userId":1}
{"level":"debug","message":"DeviceService.getDeviceStatus - Starting","timestamp":"2026-03-13T21:21:29.104Z"}
{"level":"debug","message":"BranchService.getAllBranches - Starting","timestamp":"2026-03-13T21:21:29.150Z"}
{"level":"debug","message":"ScheduleService.getAllSchedules - Starting","timestamp":"2026-03-13T21:21:29.162Z"}
{"count":4,"level":"debug","message":"DeviceService.getDeviceStatus - Success","timestamp":"2026-03-13T21:21:29.213Z"}
{"count":3,"level":"debug","message":"BranchService.getAllBranches - Success","timestamp":"2026-03-13T21:21:29.318Z"}
{"level":"debug","message":"BranchService.getAllBranches - Starting","timestamp":"2026-03-13T21:21:29.331Z"}
{"count":3,"level":"debug","message":"BranchService.getAllBranches - Success","timestamp":"2026-03-13T21:21:29.403Z"}
{"count":3,"level":"debug","message":"ScheduleService.getAllSchedules - Success","timestamp":"2026-03-13T21:21:29.418Z"}
{"level":"debug","message":"ScheduleService.getAllSchedules - Starting","timestamp":"2026-03-13T21:21:29.427Z"}
{"count":3,"level":"debug","message":"ScheduleService.getAllSchedules - Success","timestamp":"2026-03-13T21:21:29.433Z"}
{"level":"debug","message":"AudioService.getAllAudios - Starting","timestamp":"2026-03-13T21:45:03.302Z"}
{"count":3,"level":"debug","message":"AudioService.getAllAudios - Success","timestamp":"2026-03-13T21:45:03.354Z"}
{"level":"debug","message":"AudioService.getAllAudios - Starting","timestamp":"2026-03-13T21:45:16.115Z"}
{"count":3,"level":"debug","message":"AudioService.getAllAudios - Success","timestamp":"2026-03-13T21:45:16.129Z"}
{"level":"debug","message":"AudioService.getAllAudios - Starting","timestamp":"2026-03-13T21:50:27.083Z"}
{"count":3,"level":"debug","message":"AudioService.getAllAudios - Success","timestamp":"2026-03-13T21:50:27.112Z"}
{"level":"debug","message":"AudioService.getAllAudios - Starting","timestamp":"2026-03-13T21:50:36.773Z"}
{"count":3,"level":"debug","message":"AudioService.getAllAudios - Success","timestamp":"2026-03-13T21:50:36.779Z"}
