{"level":"info","message":"[PlaylistEmitter] Initialized","timestamp":"2026-02-28T05:50:10.587Z"}
{"level":"info","message":"[PlaylistEmitter] Initialized","timestamp":"2026-02-28T05:57:41.305Z"}
{"level":"info","message":"🔌 Device connected: DEV-000001-001 (branch: 1)","timestamp":"2026-02-28T05:58:08.250Z"}
{"level":"info","message":"📻 Sent playlist to DEV-000001-001 — 3 tracks","timestamp":"2026-02-28T05:58:08.442Z"}
{"current_audio":null,"level":"info","message":"💓 Heartbeat from DEV-000001-001:","status":"IDLE","timestamp":"2026-02-28T05:58:40.074Z","volume":6}
{"current_audio":null,"level":"info","message":"💓 Heartbeat from DEV-000001-001:","status":"IDLE","timestamp":"2026-02-28T05:59:25.125Z","volume":6}
{"current_audio":null,"level":"info","message":"💓 Heartbeat from DEV-000001-001:","status":"IDLE","timestamp":"2026-02-28T06:00:10.139Z","volume":6}
{"current_audio":null,"level":"info","message":"💓 Heartbeat from DEV-000001-001:","status":"IDLE","timestamp":"2026-02-28T06:00:55.261Z","volume":6}
{"current_audio":null,"level":"info","message":"💓 Heartbeat from DEV-000001-001:","status":"IDLE","timestamp":"2026-02-28T06:01:40.261Z","volume":51}
{"current_audio":null,"level":"info","message":"💓 Heartbeat from DEV-000001-001:","status":"IDLE","timestamp":"2026-02-28T06:02:25.296Z","volume":51}
{"current_audio":null,"level":"info","message":"💓 Heartbeat from DEV-000001-001:","status":"IDLE","timestamp":"2026-02-28T06:03:10.300Z","volume":51}
{"current_audio":null,"level":"info","message":"💓 Heartbeat from DEV-000001-001:","status":"IDLE","timestamp":"2026-02-28T06:03:55.301Z","volume":51}
{"current_audio":null,"level":"info","message":"💓 Heartbeat from DEV-000001-001:","status":"IDLE","timestamp":"2026-02-28T06:04:40.305Z","volume":51}
{"audioId":1,"branchId":"1","error":"Audio already exists","level":"error","message":"PlaylistService.addToPlaylist - Error","stack":"Error: Audio already exists\n    at PlaylistService.addToPlaylist (D:\\work\\bijoy\\cloud-audio-scheduler\\backend\\src\\services\\playlistService.js:345:27)\n    at process.processTicksAndRejections (node:internal/process/task_queues:95:5)\n    at async addToPlaylist (D:\\work\\bijoy\\cloud-audio-scheduler\\backend\\src\\controllers\\branchPlaylistController.js:65:24)","timestamp":"2026-02-28T06:04:55.219Z"}
{"level":"error","message":"addToPlaylist error: Audio already exists","stack":"Error: Audio already exists\n    at PlaylistService.addToPlaylist (D:\\work\\bijoy\\cloud-audio-scheduler\\backend\\src\\services\\playlistService.js:345:27)\n    at process.processTicksAndRejections (node:internal/process/task_queues:95:5)\n    at async addToPlaylist (D:\\work\\bijoy\\cloud-audio-scheduler\\backend\\src\\controllers\\branchPlaylistController.js:65:24)","timestamp":"2026-02-28T06:04:55.221Z"}
{"current_audio":null,"level":"info","message":"💓 Heartbeat from DEV-000001-001:","status":"IDLE","timestamp":"2026-02-28T06:05:25.312Z","volume":51}
{"audioId":5,"branchId":"2","level":"info","message":"Audio added to playlist","timestamp":"2026-02-28T06:05:53.615Z"}
{"level":"info","message":"[PlaylistEmitter] → branch_2 | 1 tracks","timestamp":"2026-02-28T06:05:53.663Z"}
{"audioId":2,"branchId":"2","level":"info","message":"Audio added to playlist","timestamp":"2026-02-28T06:06:06.656Z"}
{"level":"info","message":"[PlaylistEmitter] → branch_2 | 2 tracks","timestamp":"2026-02-28T06:06:06.688Z"}
{"current_audio":null,"level":"info","message":"💓 Heartbeat from DEV-000001-001:","status":"IDLE","timestamp":"2026-02-28T06:06:10.316Z","volume":51}
{"current_audio":null,"level":"info","message":"💓 Heartbeat from DEV-000001-001:","status":"IDLE","timestamp":"2026-02-28T06:06:55.322Z","volume":51}
{"current_audio":null,"level":"info","message":"💓 Heartbeat from DEV-000001-001:","status":"IDLE","timestamp":"2026-02-28T06:07:40.326Z","volume":51}
{"current_audio":null,"level":"info","message":"💓 Heartbeat from DEV-000001-001:","status":"IDLE","timestamp":"2026-02-28T06:08:25.337Z","volume":51}
{"current_audio":null,"level":"info","message":"💓 Heartbeat from DEV-000001-001:","status":"IDLE","timestamp":"2026-02-28T06:09:10.403Z","volume":51}
{"current_audio":null,"level":"info","message":"💓 Heartbeat from DEV-000001-001:","status":"IDLE","timestamp":"2026-02-28T06:09:55.404Z","volume":51}
{"current_audio":null,"level":"info","message":"💓 Heartbeat from DEV-000001-001:","status":"IDLE","timestamp":"2026-02-28T06:10:40.399Z","volume":51}
{"current_audio":null,"level":"info","message":"💓 Heartbeat from DEV-000001-001:","status":"IDLE","timestamp":"2026-02-28T06:11:25.402Z","volume":51}
{"current_audio":null,"level":"info","message":"💓 Heartbeat from DEV-000001-001:","status":"IDLE","timestamp":"2026-02-28T06:12:10.405Z","volume":51}
{"current_audio":null,"level":"info","message":"💓 Heartbeat from DEV-000001-001:","status":"IDLE","timestamp":"2026-02-28T06:12:55.409Z","volume":51}
{"current_audio":null,"level":"info","message":"💓 Heartbeat from DEV-000001-001:","status":"IDLE","timestamp":"2026-02-28T06:13:40.414Z","volume":51}
{"current_audio":null,"level":"info","message":"💓 Heartbeat from DEV-000001-001:","status":"IDLE","timestamp":"2026-02-28T06:14:25.417Z","volume":51}
{"current_audio":null,"level":"info","message":"💓 Heartbeat from DEV-000001-001:","status":"IDLE","timestamp":"2026-02-28T06:15:10.422Z","volume":51}
{"current_audio":null,"level":"info","message":"💓 Heartbeat from DEV-000001-001:","status":"IDLE","timestamp":"2026-02-28T06:15:55.424Z","volume":51}
{"current_audio":null,"level":"info","message":"💓 Heartbeat from DEV-000001-001:","status":"IDLE","timestamp":"2026-02-28T06:16:40.434Z","volume":51}
{"current_audio":null,"level":"info","message":"💓 Heartbeat from DEV-000001-001:","status":"IDLE","timestamp":"2026-02-28T06:17:25.439Z","volume":51}
{"current_audio":null,"level":"info","message":"💓 Heartbeat from DEV-000001-001:","status":"IDLE","timestamp":"2026-02-28T06:18:10.443Z","volume":51}
{"current_audio":null,"level":"info","message":"💓 Heartbeat from DEV-000001-001:","status":"IDLE","timestamp":"2026-02-28T06:18:55.446Z","volume":51}
{"current_audio":null,"level":"info","message":"💓 Heartbeat from DEV-000001-001:","status":"IDLE","timestamp":"2026-02-28T06:19:40.454Z","volume":51}
{"current_audio":null,"level":"info","message":"💓 Heartbeat from DEV-000001-001:","status":"IDLE","timestamp":"2026-02-28T06:20:25.455Z","volume":51}
{"current_audio":null,"level":"info","message":"💓 Heartbeat from DEV-000001-001:","status":"IDLE","timestamp":"2026-02-28T06:21:10.459Z","volume":51}
{"current_audio":null,"level":"info","message":"💓 Heartbeat from DEV-000001-001:","status":"IDLE","timestamp":"2026-02-28T06:21:55.463Z","volume":51}
{"current_audio":null,"level":"info","message":"💓 Heartbeat from DEV-000001-001:","status":"IDLE","timestamp":"2026-02-28T06:22:40.473Z","volume":51}
{"current_audio":null,"level":"info","message":"💓 Heartbeat from DEV-000001-001:","status":"IDLE","timestamp":"2026-02-28T06:23:25.474Z","volume":51}
{"current_audio":null,"level":"info","message":"💓 Heartbeat from DEV-000001-001:","status":"IDLE","timestamp":"2026-02-28T06:24:10.480Z","volume":51}
{"current_audio":null,"level":"info","message":"💓 Heartbeat from DEV-000001-001:","status":"IDLE","timestamp":"2026-02-28T06:24:55.482Z","volume":51}
{"current_audio":null,"level":"info","message":"💓 Heartbeat from DEV-000001-001:","status":"IDLE","timestamp":"2026-02-28T06:25:40.486Z","volume":51}
{"current_audio":null,"level":"info","message":"💓 Heartbeat from DEV-000001-001:","status":"IDLE","timestamp":"2026-02-28T06:26:25.529Z","volume":51}
{"current_audio":null,"level":"info","message":"💓 Heartbeat from DEV-000001-001:","status":"IDLE","timestamp":"2026-02-28T06:27:10.496Z","volume":51}
{"current_audio":null,"level":"info","message":"💓 Heartbeat from DEV-000001-001:","status":"IDLE","timestamp":"2026-02-28T06:27:55.500Z","volume":51}
{"current_audio":null,"level":"info","message":"💓 Heartbeat from DEV-000001-001:","status":"IDLE","timestamp":"2026-02-28T06:28:40.509Z","volume":51}
{"current_audio":"Diwali Promo","level":"info","message":"💓 Heartbeat from DEV-000001-001:","status":"PLAYING","timestamp":"2026-02-28T06:29:00.598Z","volume":51}
{"current_audio":"Diwali Promo","level":"info","message":"💓 Heartbeat from DEV-000001-001:","status":"PLAYING","timestamp":"2026-02-28T06:29:25.509Z","volume":51}
{"current_audio":"Diwali Promo","level":"info","message":"💓 Heartbeat from DEV-000001-001:","status":"PLAYING","timestamp":"2026-02-28T06:30:10.528Z","volume":51}
{"current_audio":null,"level":"info","message":"💓 Heartbeat from DEV-000001-001:","status":"IDLE","timestamp":"2026-02-28T06:30:46.353Z","volume":51}
{"current_audio":null,"level":"info","message":"💓 Heartbeat from DEV-000001-001:","status":"IDLE","timestamp":"2026-02-28T06:30:55.516Z","volume":51}
{"current_audio":"Diwali Promo","level":"info","message":"💓 Heartbeat from DEV-000001-001:","status":"PLAYING","timestamp":"2026-02-28T06:31:03.569Z","volume":51}
{"current_audio":"Diwali Promo","level":"info","message":"💓 Heartbeat from DEV-000001-001:","status":"PLAYING","timestamp":"2026-02-28T06:31:40.702Z","volume":51}
{"current_audio":"Diwali Promo","level":"info","message":"💓 Heartbeat from DEV-000001-001:","status":"PLAYING","timestamp":"2026-02-28T06:32:25.529Z","volume":51}
{"current_audio":null,"level":"info","message":"💓 Heartbeat from DEV-000001-001:","status":"IDLE","timestamp":"2026-02-28T06:32:42.657Z","volume":51}
{"current_audio":"Diwali Promo","level":"info","message":"💓 Heartbeat from DEV-000001-001:","status":"PLAYING","timestamp":"2026-02-28T06:33:05.873Z","volume":51}
{"level":"info","message":"📡 Agent DEV-000001-001 went OFFLINE","timestamp":"2026-02-28T06:33:09.482Z"}
{"level":"info","message":"🔌 Device connected: DEV-000001-001 (branch: 1)","timestamp":"2026-02-28T06:41:54.602Z"}
{"level":"info","message":"📻 Sent playlist to DEV-000001-001 — 3 tracks","timestamp":"2026-02-28T06:41:54.770Z"}
{"audio_id":null,"current_audio":null,"level":"info","message":"💓 Heartbeat from DEV-000001-001:","mode":"IDLE","position_ms":0,"status":"IDLE","timestamp":"2026-02-28T06:41:54.888Z","volume":51}
{"audio_id":null,"current_audio":null,"level":"info","message":"💓 Heartbeat from DEV-000001-001:","mode":"IDLE","position_ms":0,"status":"IDLE","timestamp":"2026-02-28T06:42:39.888Z","volume":51}
{"audio_id":null,"current_audio":null,"level":"info","message":"💓 Heartbeat from DEV-000001-001:","mode":"IDLE","position_ms":0,"status":"IDLE","timestamp":"2026-02-28T06:43:24.894Z","volume":51}
{"audio_id":null,"current_audio":null,"level":"info","message":"💓 Heartbeat from DEV-000001-001:","mode":"IDLE","position_ms":0,"status":"IDLE","timestamp":"2026-02-28T06:44:09.897Z","volume":51}
{"audio_id":null,"current_audio":null,"level":"info","message":"💓 Heartbeat from DEV-000001-001:","mode":"IDLE","position_ms":0,"status":"IDLE","timestamp":"2026-02-28T06:44:54.899Z","volume":51}
{"audio_id":null,"current_audio":null,"level":"info","message":"💓 Heartbeat from DEV-000001-001:","mode":"IDLE","position_ms":0,"status":"IDLE","timestamp":"2026-02-28T06:45:39.904Z","volume":51}
{"audio_id":null,"current_audio":null,"level":"info","message":"💓 Heartbeat from DEV-000001-001:","mode":"IDLE","position_ms":0,"status":"IDLE","timestamp":"2026-02-28T06:46:24.907Z","volume":51}
{"audio_id":null,"current_audio":null,"level":"info","message":"💓 Heartbeat from DEV-000001-001:","mode":"IDLE","position_ms":0,"status":"IDLE","timestamp":"2026-02-28T06:47:09.913Z","volume":51}
{"audio_id":null,"current_audio":null,"level":"info","message":"💓 Heartbeat from DEV-000001-001:","mode":"IDLE","position_ms":0,"status":"IDLE","timestamp":"2026-02-28T06:47:54.915Z","volume":51}
{"audio_id":null,"current_audio":null,"level":"info","message":"💓 Heartbeat from DEV-000001-001:","mode":"IDLE","position_ms":0,"status":"IDLE","timestamp":"2026-02-28T06:48:39.929Z","volume":51}
{"audio_id":null,"current_audio":null,"level":"info","message":"💓 Heartbeat from DEV-000001-001:","mode":"IDLE","position_ms":0,"status":"IDLE","timestamp":"2026-02-28T06:49:24.956Z","volume":51}
{"audio_id":null,"current_audio":null,"level":"info","message":"💓 Heartbeat from DEV-000001-001:","mode":"IDLE","position_ms":0,"status":"IDLE","timestamp":"2026-02-28T06:50:09.937Z","volume":51}
{"audio_id":null,"current_audio":null,"level":"info","message":"💓 Heartbeat from DEV-000001-001:","mode":"IDLE","position_ms":0,"status":"IDLE","timestamp":"2026-02-28T06:50:54.950Z","volume":51}
{"audio_id":null,"current_audio":null,"level":"info","message":"💓 Heartbeat from DEV-000001-001:","mode":"IDLE","position_ms":0,"status":"IDLE","timestamp":"2026-02-28T06:51:39.945Z","volume":51}
{"audio_id":null,"current_audio":null,"level":"info","message":"💓 Heartbeat from DEV-000001-001:","mode":"IDLE","position_ms":0,"status":"IDLE","timestamp":"2026-02-28T06:52:24.949Z","volume":51}
{"audio_id":null,"current_audio":null,"level":"info","message":"💓 Heartbeat from DEV-000001-001:","mode":"IDLE","position_ms":0,"status":"IDLE","timestamp":"2026-02-28T06:53:09.952Z","volume":51}
{"audio_id":null,"current_audio":null,"level":"info","message":"💓 Heartbeat from DEV-000001-001:","mode":"IDLE","position_ms":0,"status":"IDLE","timestamp":"2026-02-28T06:53:54.959Z","volume":51}
{"audio_id":null,"current_audio":null,"level":"info","message":"💓 Heartbeat from DEV-000001-001:","mode":"IDLE","position_ms":0,"status":"IDLE","timestamp":"2026-02-28T06:54:39.961Z","volume":51}
{"audio_id":null,"current_audio":null,"level":"info","message":"💓 Heartbeat from DEV-000001-001:","mode":"IDLE","position_ms":0,"status":"IDLE","timestamp":"2026-02-28T06:55:24.995Z","volume":51}
{"audio_id":null,"current_audio":null,"level":"info","message":"💓 Heartbeat from DEV-000001-001:","mode":"IDLE","position_ms":0,"status":"IDLE","timestamp":"2026-02-28T06:56:09.988Z","volume":51}
{"audio_id":null,"current_audio":null,"level":"info","message":"💓 Heartbeat from DEV-000001-001:","mode":"IDLE","position_ms":0,"status":"IDLE","timestamp":"2026-02-28T06:56:55.002Z","volume":51}
{"level":"info","message":"[PlaylistEmitter] Initialized","timestamp":"2026-02-28T06:57:30.897Z"}
{"level":"info","message":"🔌 Device connected: DEV-000001-001 (branch: 1)","timestamp":"2026-02-28T06:57:37.077Z"}
{"level":"info","message":"📻 Sent playlist to DEV-000001-001 — 3 tracks","timestamp":"2026-02-28T06:57:37.143Z"}
{"audio_id":null,"current_audio":null,"level":"info","message":"💓 Heartbeat from DEV-000001-001:","mode":"IDLE","position_ms":0,"status":"IDLE","timestamp":"2026-02-28T06:57:39.989Z","volume":51}
{"audio_id":null,"current_audio":null,"level":"info","message":"💓 Heartbeat from DEV-000001-001:","mode":"IDLE","position_ms":0,"status":"IDLE","timestamp":"2026-02-28T06:58:25.004Z","volume":51}
{"audio_id":null,"current_audio":null,"level":"info","message":"💓 Heartbeat from DEV-000001-001:","mode":"IDLE","position_ms":0,"status":"IDLE","timestamp":"2026-02-28T06:59:10.014Z","volume":51}
{"audio_id":null,"current_audio":null,"level":"info","message":"💓 Heartbeat from DEV-000001-001:","mode":"IDLE","position_ms":0,"status":"IDLE","timestamp":"2026-02-28T06:59:55.097Z","volume":51}
{"audio_id":null,"current_audio":null,"level":"info","message":"💓 Heartbeat from DEV-000001-001:","mode":"IDLE","position_ms":0,"status":"IDLE","timestamp":"2026-02-28T07:00:40.097Z","volume":51}
{"audio_id":null,"current_audio":null,"level":"info","message":"💓 Heartbeat from DEV-000001-001:","mode":"IDLE","position_ms":0,"status":"IDLE","timestamp":"2026-02-28T07:01:25.101Z","volume":51}
{"audio_id":null,"current_audio":null,"level":"info","message":"💓 Heartbeat from DEV-000001-001:","mode":"IDLE","position_ms":0,"status":"IDLE","timestamp":"2026-02-28T07:02:10.106Z","volume":51}
{"audio_id":null,"current_audio":null,"level":"info","message":"💓 Heartbeat from DEV-000001-001:","mode":"IDLE","position_ms":0,"status":"IDLE","timestamp":"2026-02-28T07:02:55.109Z","volume":51}
{"audio_id":null,"current_audio":null,"level":"info","message":"💓 Heartbeat from DEV-000001-001:","mode":"IDLE","position_ms":0,"status":"IDLE","timestamp":"2026-02-28T07:03:40.111Z","volume":51}
{"audio_id":null,"current_audio":null,"level":"info","message":"💓 Heartbeat from DEV-000001-001:","mode":"IDLE","position_ms":0,"status":"IDLE","timestamp":"2026-02-28T07:04:25.116Z","volume":51}
{"audio_id":null,"current_audio":null,"level":"info","message":"💓 Heartbeat from DEV-000001-001:","mode":"IDLE","position_ms":0,"status":"IDLE","timestamp":"2026-02-28T07:05:10.119Z","volume":51}
{"audio_id":null,"current_audio":null,"level":"info","message":"💓 Heartbeat from DEV-000001-001:","mode":"IDLE","position_ms":0,"status":"IDLE","timestamp":"2026-02-28T07:05:55.123Z","volume":51}
{"audio_id":null,"current_audio":null,"level":"info","message":"💓 Heartbeat from DEV-000001-001:","mode":"IDLE","position_ms":0,"status":"IDLE","timestamp":"2026-02-28T07:06:40.128Z","volume":51}
{"audio_id":null,"current_audio":null,"level":"info","message":"💓 Heartbeat from DEV-000001-001:","mode":"IDLE","position_ms":0,"status":"IDLE","timestamp":"2026-02-28T07:07:25.130Z","volume":51}
{"audio_id":null,"current_audio":null,"level":"info","message":"💓 Heartbeat from DEV-000001-001:","mode":"IDLE","position_ms":0,"status":"IDLE","timestamp":"2026-02-28T07:08:10.141Z","volume":51}
{"audio_id":null,"current_audio":null,"level":"info","message":"💓 Heartbeat from DEV-000001-001:","mode":"IDLE","position_ms":0,"status":"IDLE","timestamp":"2026-02-28T07:08:55.204Z","volume":51}
{"audio_id":null,"current_audio":null,"level":"info","message":"💓 Heartbeat from DEV-000001-001:","mode":"IDLE","position_ms":0,"status":"IDLE","timestamp":"2026-02-28T07:09:40.166Z","volume":51}
{"audio_id":null,"current_audio":null,"level":"info","message":"💓 Heartbeat from DEV-000001-001:","mode":"IDLE","position_ms":0,"status":"IDLE","timestamp":"2026-02-28T07:10:25.167Z","volume":51}
{"audio_id":null,"current_audio":null,"level":"info","message":"💓 Heartbeat from DEV-000001-001:","mode":"IDLE","position_ms":0,"status":"IDLE","timestamp":"2026-02-28T07:11:10.174Z","volume":51}
{"audio_id":null,"current_audio":null,"level":"info","message":"💓 Heartbeat from DEV-000001-001:","mode":"IDLE","position_ms":0,"status":"IDLE","timestamp":"2026-02-28T07:11:55.174Z","volume":51}
{"audio_id":null,"current_audio":null,"level":"info","message":"💓 Heartbeat from DEV-000001-001:","mode":"IDLE","position_ms":0,"status":"IDLE","timestamp":"2026-02-28T07:12:40.178Z","volume":51}
{"errors":[{"field":"id","message":"\"id\" is required"},{"field":"branchId","message":"\"branchId\" is not allowed"},{"field":"itemId","message":"\"itemId\" is not allowed"}],"level":"error","message":"Validation middleware - Error","timestamp":"2026-02-28T07:12:50.654Z"}
{"errors":[{"field":"id","message":"\"id\" is required"},{"field":"branchId","message":"\"branchId\" is not allowed"},{"field":"itemId","message":"\"itemId\" is not allowed"}],"level":"error","message":"Validation middleware - Error","timestamp":"2026-02-28T07:12:53.971Z"}
{"errors":[{"field":"id","message":"\"id\" is required"},{"field":"branchId","message":"\"branchId\" is not allowed"},{"field":"itemId","message":"\"itemId\" is not allowed"}],"level":"error","message":"Validation middleware - Error","timestamp":"2026-02-28T07:13:07.394Z"}
{"level":"error","message":"clearPlaylist error: playlistService.clearPlaylist is not a function","stack":"TypeError: playlistService.clearPlaylist is not a function\n    at clearPlaylist (D:\\work\\bijoy\\cloud-audio-scheduler\\backend\\src\\controllers\\branchPlaylistController.js:157:31)\n    at Layer.handle [as handle_request] (D:\\work\\bijoy\\cloud-audio-scheduler\\backend\\node_modules\\.pnpm\\express@4.22.1\\node_modules\\express\\lib\\router\\layer.js:95:5)\n    at next (D:\\work\\bijoy\\cloud-audio-scheduler\\backend\\node_modules\\.pnpm\\express@4.22.1\\node_modules\\express\\lib\\router\\route.js:149:13)\n    at D:\\work\\bijoy\\cloud-audio-scheduler\\backend\\src\\middleware\\auth.js:71:5\n    at Layer.handle [as handle_request] (D:\\work\\bijoy\\cloud-audio-scheduler\\backend\\node_modules\\.pnpm\\express@4.22.1\\node_modules\\express\\lib\\router\\layer.js:95:5)\n    at next (D:\\work\\bijoy\\cloud-audio-scheduler\\backend\\node_modules\\.pnpm\\express@4.22.1\\node_modules\\express\\lib\\router\\route.js:149:13)\n    at authenticate (D:\\work\\bijoy\\cloud-audio-scheduler\\backend\\src\\middleware\\auth.js:33:5)\n    at process.processTicksAndRejections (node:internal/process/task_queues:95:5)","timestamp":"2026-02-28T07:13:16.786Z"}
{"audio_id":null,"current_audio":null,"level":"info","message":"💓 Heartbeat from DEV-000001-001:","mode":"IDLE","position_ms":0,"status":"IDLE","timestamp":"2026-02-28T07:13:25.183Z","volume":51}
{"branchId":"1","level":"info","message":"Playlist reordered","timestamp":"2026-02-28T07:13:28.802Z"}
{"level":"info","message":"[PlaylistEmitter] → branch_1 | 3 tracks","timestamp":"2026-02-28T07:13:28.820Z"}
{"branchId":"1","level":"info","message":"Playlist reordered","timestamp":"2026-02-28T07:13:31.376Z"}
{"level":"info","message":"[PlaylistEmitter] → branch_1 | 3 tracks","timestamp":"2026-02-28T07:13:31.389Z"}
{"branchId":"2","level":"info","message":"Playlist reordered","timestamp":"2026-02-28T07:13:50.239Z"}
{"level":"info","message":"[PlaylistEmitter] → branch_2 | 2 tracks","timestamp":"2026-02-28T07:13:50.247Z"}
{"branchId":"2","level":"info","message":"Playlist reordered","timestamp":"2026-02-28T07:14:01.098Z"}
{"level":"info","message":"[PlaylistEmitter] → branch_2 | 2 tracks","timestamp":"2026-02-28T07:14:01.108Z"}
{"audio_id":null,"current_audio":null,"level":"info","message":"💓 Heartbeat from DEV-000001-001:","mode":"IDLE","position_ms":0,"status":"IDLE","timestamp":"2026-02-28T07:14:10.186Z","volume":51}
{"audio_id":null,"current_audio":null,"level":"info","message":"💓 Heartbeat from DEV-000001-001:","mode":"IDLE","position_ms":0,"status":"IDLE","timestamp":"2026-02-28T08:27:29.149Z","volume":51}
{"audio_id":null,"current_audio":null,"level":"info","message":"💓 Heartbeat from DEV-000001-001:","mode":"IDLE","position_ms":0,"status":"IDLE","timestamp":"2026-02-28T08:28:14.191Z","volume":51}
{"audio_id":null,"current_audio":null,"level":"info","message":"💓 Heartbeat from DEV-000001-001:","mode":"IDLE","position_ms":0,"status":"IDLE","timestamp":"2026-02-28T08:28:59.164Z","volume":51}
{"errors":[{"field":"id","message":"\"id\" is required"},{"field":"branchId","message":"\"branchId\" is not allowed"},{"field":"itemId","message":"\"itemId\" is not allowed"}],"level":"error","message":"Validation middleware - Error","timestamp":"2026-02-28T08:29:02.260Z"}
{"audio_id":null,"current_audio":null,"level":"info","message":"💓 Heartbeat from DEV-000001-001:","mode":"IDLE","position_ms":0,"status":"IDLE","timestamp":"2026-02-28T08:29:44.156Z","volume":51}
{"audio_id":null,"current_audio":null,"level":"info","message":"💓 Heartbeat from DEV-000001-001:","mode":"IDLE","position_ms":0,"status":"IDLE","timestamp":"2026-02-28T08:30:29.160Z","volume":51}
{"level":"error","message":"clearPlaylist error: playlistService.clearPlaylist is not a function","stack":"TypeError: playlistService.clearPlaylist is not a function\n    at clearPlaylist (D:\\work\\bijoy\\cloud-audio-scheduler\\backend\\src\\controllers\\branchPlaylistController.js:157:31)\n    at Layer.handle [as handle_request] (D:\\work\\bijoy\\cloud-audio-scheduler\\backend\\node_modules\\.pnpm\\express@4.22.1\\node_modules\\express\\lib\\router\\layer.js:95:5)\n    at next (D:\\work\\bijoy\\cloud-audio-scheduler\\backend\\node_modules\\.pnpm\\express@4.22.1\\node_modules\\express\\lib\\router\\route.js:149:13)\n    at D:\\work\\bijoy\\cloud-audio-scheduler\\backend\\src\\middleware\\auth.js:71:5\n    at Layer.handle [as handle_request] (D:\\work\\bijoy\\cloud-audio-scheduler\\backend\\node_modules\\.pnpm\\express@4.22.1\\node_modules\\express\\lib\\router\\layer.js:95:5)\n    at next (D:\\work\\bijoy\\cloud-audio-scheduler\\backend\\node_modules\\.pnpm\\express@4.22.1\\node_modules\\express\\lib\\router\\route.js:149:13)\n    at authenticate (D:\\work\\bijoy\\cloud-audio-scheduler\\backend\\src\\middleware\\auth.js:33:5)\n    at process.processTicksAndRejections (node:internal/process/task_queues:95:5)","timestamp":"2026-02-28T08:30:38.614Z"}
{"audio_id":null,"current_audio":null,"level":"info","message":"💓 Heartbeat from DEV-000001-001:","mode":"IDLE","position_ms":0,"status":"IDLE","timestamp":"2026-02-28T08:31:14.162Z","volume":51}
{"audio_id":null,"current_audio":null,"level":"info","message":"💓 Heartbeat from DEV-000001-001:","mode":"IDLE","position_ms":0,"status":"IDLE","timestamp":"2026-02-28T08:31:59.168Z","volume":51}
{"audio_id":null,"current_audio":null,"level":"info","message":"💓 Heartbeat from DEV-000001-001:","mode":"IDLE","position_ms":0,"status":"IDLE","timestamp":"2026-02-28T08:32:44.176Z","volume":51}
{"audio_id":null,"current_audio":null,"level":"info","message":"💓 Heartbeat from DEV-000001-001:","mode":"IDLE","position_ms":0,"status":"IDLE","timestamp":"2026-02-28T08:33:29.177Z","volume":51}
{"audio_id":null,"current_audio":null,"level":"info","message":"💓 Heartbeat from DEV-000001-001:","mode":"IDLE","position_ms":0,"status":"IDLE","timestamp":"2026-02-28T08:34:14.182Z","volume":51}
{"audio_id":null,"current_audio":null,"level":"info","message":"💓 Heartbeat from DEV-000001-001:","mode":"IDLE","position_ms":0,"status":"IDLE","timestamp":"2026-02-28T08:34:59.186Z","volume":51}
{"audio_id":null,"current_audio":null,"level":"info","message":"💓 Heartbeat from DEV-000001-001:","mode":"IDLE","position_ms":0,"status":"IDLE","timestamp":"2026-02-28T08:35:44.203Z","volume":51}
{"audio_id":null,"current_audio":null,"level":"info","message":"💓 Heartbeat from DEV-000001-001:","mode":"IDLE","position_ms":0,"status":"IDLE","timestamp":"2026-02-28T08:36:29.231Z","volume":51}
{"audio_id":null,"current_audio":null,"level":"info","message":"💓 Heartbeat from DEV-000001-001:","mode":"IDLE","position_ms":0,"status":"IDLE","timestamp":"2026-02-28T08:37:14.209Z","volume":51}
{"level":"info","message":"[PlaylistEmitter] Initialized","timestamp":"2026-02-28T08:57:24.691Z"}
{"level":"info","message":"🔌 Device connected: DEV-000001-001 (branch: 1)","timestamp":"2026-02-28T08:57:32.077Z"}
{"level":"info","message":"📻 Sent playlist to DEV-000001-001 — 3 tracks","timestamp":"2026-02-28T08:57:32.204Z"}
{"audio_id":null,"current_audio":null,"level":"info","message":"💓 Heartbeat from DEV-000001-001:","mode":"IDLE","position_ms":0,"status":"IDLE","timestamp":"2026-02-28T08:58:14.316Z","volume":51}
{"audio_id":null,"current_audio":null,"level":"info","message":"💓 Heartbeat from DEV-000001-001:","mode":"IDLE","position_ms":0,"status":"IDLE","timestamp":"2026-02-28T08:58:59.321Z","volume":51}
{"audio_id":null,"current_audio":null,"level":"info","message":"💓 Heartbeat from DEV-000001-001:","mode":"IDLE","position_ms":0,"status":"IDLE","timestamp":"2026-02-28T08:59:44.340Z","volume":51}
{"audio_id":null,"current_audio":null,"level":"info","message":"💓 Heartbeat from DEV-000001-001:","mode":"IDLE","position_ms":0,"status":"IDLE","timestamp":"2026-02-28T09:00:29.342Z","volume":51}
{"audio_id":null,"current_audio":null,"level":"info","message":"💓 Heartbeat from DEV-000001-001:","mode":"IDLE","position_ms":0,"status":"IDLE","timestamp":"2026-02-28T09:01:14.354Z","volume":51}
{"audio_id":null,"current_audio":null,"level":"info","message":"💓 Heartbeat from DEV-000001-001:","mode":"IDLE","position_ms":0,"status":"IDLE","timestamp":"2026-02-28T09:01:59.371Z","volume":51}
{"audio_id":null,"current_audio":null,"level":"info","message":"💓 Heartbeat from DEV-000001-001:","mode":"IDLE","position_ms":0,"status":"IDLE","timestamp":"2026-02-28T09:02:44.365Z","volume":51}
{"audio_id":null,"current_audio":null,"level":"info","message":"💓 Heartbeat from DEV-000001-001:","mode":"IDLE","position_ms":0,"status":"IDLE","timestamp":"2026-02-28T09:03:29.371Z","volume":51}
{"audio_id":null,"current_audio":null,"level":"info","message":"💓 Heartbeat from DEV-000001-001:","mode":"IDLE","position_ms":0,"status":"IDLE","timestamp":"2026-02-28T09:04:14.374Z","volume":51}
{"audio_id":null,"current_audio":null,"level":"info","message":"💓 Heartbeat from DEV-000001-001:","mode":"IDLE","position_ms":0,"status":"IDLE","timestamp":"2026-02-28T09:04:59.380Z","volume":51}
{"audio_id":null,"current_audio":null,"level":"info","message":"💓 Heartbeat from DEV-000001-001:","mode":"IDLE","position_ms":0,"status":"IDLE","timestamp":"2026-02-28T09:05:44.383Z","volume":51}
{"audio_id":null,"current_audio":null,"level":"info","message":"💓 Heartbeat from DEV-000001-001:","mode":"IDLE","position_ms":0,"status":"IDLE","timestamp":"2026-02-28T09:06:29.388Z","volume":51}
{"audio_id":null,"current_audio":null,"level":"info","message":"💓 Heartbeat from DEV-000001-001:","mode":"IDLE","position_ms":0,"status":"IDLE","timestamp":"2026-02-28T09:07:14.391Z","volume":51}
{"audio_id":null,"current_audio":null,"level":"info","message":"💓 Heartbeat from DEV-000001-001:","mode":"IDLE","position_ms":0,"status":"IDLE","timestamp":"2026-02-28T09:07:59.400Z","volume":51}
{"level":"error","message":"togglePlaylistItem error: playlistService.toggleItem is not a function","stack":"TypeError: playlistService.toggleItem is not a function\n    at togglePlaylistItem (D:\\work\\bijoy\\cloud-audio-scheduler\\backend\\src\\controllers\\branchPlaylistController.js:111:46)\n    at Layer.handle [as handle_request] (D:\\work\\bijoy\\cloud-audio-scheduler\\backend\\node_modules\\.pnpm\\express@4.22.1\\node_modules\\express\\lib\\router\\layer.js:95:5)\n    at next (D:\\work\\bijoy\\cloud-audio-scheduler\\backend\\node_modules\\.pnpm\\express@4.22.1\\node_modules\\express\\lib\\router\\route.js:149:13)\n    at D:\\work\\bijoy\\cloud-audio-scheduler\\backend\\src\\middleware\\auth.js:71:5\n    at Layer.handle [as handle_request] (D:\\work\\bijoy\\cloud-audio-scheduler\\backend\\node_modules\\.pnpm\\express@4.22.1\\node_modules\\express\\lib\\router\\layer.js:95:5)\n    at next (D:\\work\\bijoy\\cloud-audio-scheduler\\backend\\node_modules\\.pnpm\\express@4.22.1\\node_modules\\express\\lib\\router\\route.js:149:13)\n    at authenticate (D:\\work\\bijoy\\cloud-audio-scheduler\\backend\\src\\middleware\\auth.js:33:5)\n    at process.processTicksAndRejections (node:internal/process/task_queues:95:5)","timestamp":"2026-02-28T09:08:09.823Z"}
{"audio_id":null,"current_audio":null,"level":"info","message":"💓 Heartbeat from DEV-000001-001:","mode":"IDLE","position_ms":0,"status":"IDLE","timestamp":"2026-02-28T09:08:44.403Z","volume":51}
{"audio_id":null,"current_audio":null,"level":"info","message":"💓 Heartbeat from DEV-000001-001:","mode":"IDLE","position_ms":0,"status":"IDLE","timestamp":"2026-02-28T09:09:29.408Z","volume":51}
{"audio_id":null,"current_audio":null,"level":"info","message":"💓 Heartbeat from DEV-000001-001:","mode":"IDLE","position_ms":0,"status":"IDLE","timestamp":"2026-02-28T09:10:14.452Z","volume":51}
{"audio_id":null,"current_audio":null,"level":"info","message":"💓 Heartbeat from DEV-000001-001:","mode":"IDLE","position_ms":0,"status":"IDLE","timestamp":"2026-02-28T09:10:59.459Z","volume":51}
{"audio_id":null,"current_audio":null,"level":"info","message":"💓 Heartbeat from DEV-000001-001:","mode":"IDLE","position_ms":0,"status":"IDLE","timestamp":"2026-02-28T09:11:44.460Z","volume":51}
{"audio_id":null,"current_audio":null,"level":"info","message":"💓 Heartbeat from DEV-000001-001:","mode":"IDLE","position_ms":0,"status":"IDLE","timestamp":"2026-02-28T09:12:29.464Z","volume":51}
{"audio_id":null,"current_audio":null,"level":"info","message":"💓 Heartbeat from DEV-000001-001:","mode":"IDLE","position_ms":0,"status":"IDLE","timestamp":"2026-02-28T09:13:14.469Z","volume":51}
{"audio_id":null,"current_audio":null,"level":"info","message":"💓 Heartbeat from DEV-000001-001:","mode":"IDLE","position_ms":0,"status":"IDLE","timestamp":"2026-02-28T09:13:59.472Z","volume":51}
{"audio_id":null,"current_audio":null,"level":"info","message":"💓 Heartbeat from DEV-000001-001:","mode":"IDLE","position_ms":0,"status":"IDLE","timestamp":"2026-02-28T09:14:44.482Z","volume":51}
{"audio_id":null,"current_audio":null,"level":"info","message":"💓 Heartbeat from DEV-000001-001:","mode":"IDLE","position_ms":0,"status":"IDLE","timestamp":"2026-02-28T09:15:29.488Z","volume":51}
{"audio_id":null,"current_audio":null,"level":"info","message":"💓 Heartbeat from DEV-000001-001:","mode":"IDLE","position_ms":0,"status":"IDLE","timestamp":"2026-02-28T09:16:14.509Z","volume":51}
{"audio_id":null,"current_audio":null,"level":"info","message":"💓 Heartbeat from DEV-000001-001:","mode":"IDLE","position_ms":0,"status":"IDLE","timestamp":"2026-02-28T09:16:59.506Z","volume":51}
{"audio_id":null,"current_audio":null,"level":"info","message":"💓 Heartbeat from DEV-000001-001:","mode":"IDLE","position_ms":0,"status":"IDLE","timestamp":"2026-02-28T09:17:44.511Z","volume":51}
{"audio_id":null,"current_audio":null,"level":"info","message":"💓 Heartbeat from DEV-000001-001:","mode":"IDLE","position_ms":0,"status":"IDLE","timestamp":"2026-02-28T09:18:29.517Z","volume":51}
{"audio_id":null,"current_audio":null,"level":"info","message":"💓 Heartbeat from DEV-000001-001:","mode":"IDLE","position_ms":0,"status":"IDLE","timestamp":"2026-02-28T09:19:14.545Z","volume":51}
{"audio_id":null,"current_audio":null,"level":"info","message":"💓 Heartbeat from DEV-000001-001:","mode":"IDLE","position_ms":0,"status":"IDLE","timestamp":"2026-02-28T09:19:59.597Z","volume":51}
{"audio_id":null,"current_audio":null,"level":"info","message":"💓 Heartbeat from DEV-000001-001:","mode":"IDLE","position_ms":0,"status":"IDLE","timestamp":"2026-02-28T09:20:44.605Z","volume":51}
{"audio_id":null,"current_audio":null,"level":"info","message":"💓 Heartbeat from DEV-000001-001:","mode":"IDLE","position_ms":0,"status":"IDLE","timestamp":"2026-02-28T09:21:29.633Z","volume":51}
{"audio_id":null,"current_audio":null,"level":"info","message":"💓 Heartbeat from DEV-000001-001:","mode":"IDLE","position_ms":0,"status":"IDLE","timestamp":"2026-02-28T09:22:14.598Z","volume":51}
{"audio_id":null,"current_audio":null,"level":"info","message":"💓 Heartbeat from DEV-000001-001:","mode":"IDLE","position_ms":0,"status":"IDLE","timestamp":"2026-02-28T09:22:59.602Z","volume":51}
{"audio_id":null,"current_audio":null,"level":"info","message":"💓 Heartbeat from DEV-000001-001:","mode":"IDLE","position_ms":0,"status":"IDLE","timestamp":"2026-02-28T09:23:44.606Z","volume":51}
{"audio_id":null,"current_audio":null,"level":"info","message":"💓 Heartbeat from DEV-000001-001:","mode":"IDLE","position_ms":0,"status":"IDLE","timestamp":"2026-02-28T09:24:29.679Z","volume":51}
{"audio_id":null,"current_audio":null,"level":"info","message":"💓 Heartbeat from DEV-000001-001:","mode":"IDLE","position_ms":0,"status":"IDLE","timestamp":"2026-02-28T09:25:14.719Z","volume":51}
{"audio_id":null,"current_audio":null,"level":"info","message":"💓 Heartbeat from DEV-000001-001:","mode":"IDLE","position_ms":0,"status":"IDLE","timestamp":"2026-02-28T09:25:59.710Z","volume":51}
{"audio_id":null,"current_audio":null,"level":"info","message":"💓 Heartbeat from DEV-000001-001:","mode":"IDLE","position_ms":0,"status":"IDLE","timestamp":"2026-02-28T09:26:44.738Z","volume":51}
{"audio_id":null,"current_audio":null,"level":"info","message":"💓 Heartbeat from DEV-000001-001:","mode":"IDLE","position_ms":0,"status":"IDLE","timestamp":"2026-02-28T09:27:29.867Z","volume":51}
{"audio_id":null,"current_audio":null,"level":"info","message":"💓 Heartbeat from DEV-000001-001:","mode":"IDLE","position_ms":0,"status":"IDLE","timestamp":"2026-02-28T09:28:14.889Z","volume":51}
{"audio_id":null,"current_audio":null,"level":"info","message":"💓 Heartbeat from DEV-000001-001:","mode":"IDLE","position_ms":0,"status":"IDLE","timestamp":"2026-02-28T09:28:59.829Z","volume":51}
{"audio_id":null,"current_audio":null,"level":"info","message":"💓 Heartbeat from DEV-000001-001:","mode":"IDLE","position_ms":0,"status":"IDLE","timestamp":"2026-02-28T09:29:44.837Z","volume":51}
{"audio_id":null,"current_audio":null,"level":"info","message":"💓 Heartbeat from DEV-000001-001:","mode":"IDLE","position_ms":0,"status":"IDLE","timestamp":"2026-02-28T09:30:29.840Z","volume":51}
{"audio_id":null,"current_audio":null,"level":"info","message":"💓 Heartbeat from DEV-000001-001:","mode":"IDLE","position_ms":0,"status":"IDLE","timestamp":"2026-02-28T09:31:14.882Z","volume":51}
{"audio_id":null,"current_audio":null,"level":"info","message":"💓 Heartbeat from DEV-000001-001:","mode":"IDLE","position_ms":0,"status":"IDLE","timestamp":"2026-02-28T09:31:59.911Z","volume":51}
{"audio_id":null,"current_audio":null,"level":"info","message":"💓 Heartbeat from DEV-000001-001:","mode":"IDLE","position_ms":0,"status":"IDLE","timestamp":"2026-02-28T09:32:45.549Z","volume":51}
{"audio_id":null,"current_audio":null,"level":"info","message":"💓 Heartbeat from DEV-000001-001:","mode":"IDLE","position_ms":0,"status":"IDLE","timestamp":"2026-02-28T09:33:30.070Z","volume":51}
{"audio_id":null,"current_audio":null,"level":"info","message":"💓 Heartbeat from DEV-000001-001:","mode":"IDLE","position_ms":0,"status":"IDLE","timestamp":"2026-02-28T09:34:15.320Z","volume":51}
{"audio_id":null,"current_audio":null,"level":"info","message":"💓 Heartbeat from DEV-000001-001:","mode":"IDLE","position_ms":0,"status":"IDLE","timestamp":"2026-02-28T09:35:00.174Z","volume":51}
{"audio_id":null,"current_audio":null,"level":"info","message":"💓 Heartbeat from DEV-000001-001:","mode":"IDLE","position_ms":0,"status":"IDLE","timestamp":"2026-02-28T09:35:45.178Z","volume":51}
{"audio_id":null,"current_audio":null,"level":"info","message":"💓 Heartbeat from DEV-000001-001:","mode":"IDLE","position_ms":0,"status":"IDLE","timestamp":"2026-02-28T09:36:30.186Z","volume":51}
{"audio_id":null,"current_audio":null,"level":"info","message":"💓 Heartbeat from DEV-000001-001:","mode":"IDLE","position_ms":0,"status":"IDLE","timestamp":"2026-02-28T09:37:15.264Z","volume":51}
{"audio_id":null,"current_audio":null,"level":"info","message":"💓 Heartbeat from DEV-000001-001:","mode":"IDLE","position_ms":0,"status":"IDLE","timestamp":"2026-02-28T09:38:00.239Z","volume":51}
{"audio_id":null,"current_audio":null,"level":"info","message":"💓 Heartbeat from DEV-000001-001:","mode":"IDLE","position_ms":0,"status":"IDLE","timestamp":"2026-02-28T09:38:45.303Z","volume":51}
{"audio_id":null,"current_audio":null,"level":"info","message":"💓 Heartbeat from DEV-000001-001:","mode":"IDLE","position_ms":0,"status":"IDLE","timestamp":"2026-02-28T09:39:30.371Z","volume":51}
{"audio_id":null,"current_audio":null,"level":"info","message":"💓 Heartbeat from DEV-000001-001:","mode":"IDLE","position_ms":0,"status":"IDLE","timestamp":"2026-02-28T09:40:15.324Z","volume":51}
{"audio_id":null,"current_audio":null,"level":"info","message":"💓 Heartbeat from DEV-000001-001:","mode":"IDLE","position_ms":0,"status":"IDLE","timestamp":"2026-02-28T09:41:00.360Z","volume":51}
{"audio_id":null,"current_audio":null,"level":"info","message":"💓 Heartbeat from DEV-000001-001:","mode":"IDLE","position_ms":0,"status":"IDLE","timestamp":"2026-02-28T09:41:45.360Z","volume":51}
{"audio_id":null,"current_audio":null,"level":"info","message":"💓 Heartbeat from DEV-000001-001:","mode":"IDLE","position_ms":0,"status":"IDLE","timestamp":"2026-02-28T09:42:30.417Z","volume":51}
{"audio_id":null,"current_audio":null,"level":"info","message":"💓 Heartbeat from DEV-000001-001:","mode":"IDLE","position_ms":0,"status":"IDLE","timestamp":"2026-02-28T09:43:15.375Z","volume":51}
{"audio_id":null,"current_audio":null,"level":"info","message":"💓 Heartbeat from DEV-000001-001:","mode":"IDLE","position_ms":0,"status":"IDLE","timestamp":"2026-02-28T09:44:00.400Z","volume":51}
{"audio_id":null,"current_audio":null,"level":"info","message":"💓 Heartbeat from DEV-000001-001:","mode":"IDLE","position_ms":0,"status":"IDLE","timestamp":"2026-02-28T09:44:45.395Z","volume":51}
{"audio_id":null,"current_audio":null,"level":"info","message":"💓 Heartbeat from DEV-000001-001:","mode":"IDLE","position_ms":0,"status":"IDLE","timestamp":"2026-02-28T09:45:30.397Z","volume":51}
{"audio_id":null,"current_audio":null,"level":"info","message":"💓 Heartbeat from DEV-000001-001:","mode":"IDLE","position_ms":0,"status":"IDLE","timestamp":"2026-02-28T09:46:15.401Z","volume":51}
{"audio_id":null,"current_audio":null,"level":"info","message":"💓 Heartbeat from DEV-000001-001:","mode":"IDLE","position_ms":0,"status":"IDLE","timestamp":"2026-02-28T09:47:00.425Z","volume":51}
{"audio_id":null,"current_audio":null,"level":"info","message":"💓 Heartbeat from DEV-000001-001:","mode":"IDLE","position_ms":0,"status":"IDLE","timestamp":"2026-02-28T09:47:45.430Z","volume":51}
{"audio_id":null,"current_audio":null,"level":"info","message":"💓 Heartbeat from DEV-000001-001:","mode":"IDLE","position_ms":0,"status":"IDLE","timestamp":"2026-02-28T09:48:30.437Z","volume":51}
{"audio_id":null,"current_audio":null,"level":"info","message":"💓 Heartbeat from DEV-000001-001:","mode":"IDLE","position_ms":0,"status":"IDLE","timestamp":"2026-02-28T09:49:15.440Z","volume":51}
{"audio_id":null,"current_audio":null,"level":"info","message":"💓 Heartbeat from DEV-000001-001:","mode":"IDLE","position_ms":0,"status":"IDLE","timestamp":"2026-02-28T09:50:00.444Z","volume":51}
{"audio_id":null,"current_audio":null,"level":"info","message":"💓 Heartbeat from DEV-000001-001:","mode":"IDLE","position_ms":0,"status":"IDLE","timestamp":"2026-02-28T09:50:45.448Z","volume":51}
{"audio_id":null,"current_audio":null,"level":"info","message":"💓 Heartbeat from DEV-000001-001:","mode":"IDLE","position_ms":0,"status":"IDLE","timestamp":"2026-02-28T09:51:30.453Z","volume":51}
{"audio_id":null,"current_audio":null,"level":"info","message":"💓 Heartbeat from DEV-000001-001:","mode":"IDLE","position_ms":0,"status":"IDLE","timestamp":"2026-02-28T09:52:15.457Z","volume":51}
{"audio_id":null,"current_audio":null,"level":"info","message":"💓 Heartbeat from DEV-000001-001:","mode":"IDLE","position_ms":0,"status":"IDLE","timestamp":"2026-02-28T09:53:00.490Z","volume":51}
{"audio_id":null,"current_audio":null,"level":"info","message":"💓 Heartbeat from DEV-000001-001:","mode":"IDLE","position_ms":0,"status":"IDLE","timestamp":"2026-02-28T09:53:45.613Z","volume":51}
{"audio_id":null,"current_audio":null,"level":"info","message":"💓 Heartbeat from DEV-000001-001:","mode":"IDLE","position_ms":0,"status":"IDLE","timestamp":"2026-02-28T09:54:30.578Z","volume":51}
{"audio_id":null,"current_audio":null,"level":"info","message":"💓 Heartbeat from DEV-000001-001:","mode":"IDLE","position_ms":0,"status":"IDLE","timestamp":"2026-02-28T09:55:15.576Z","volume":51}
{"audio_id":null,"current_audio":null,"level":"info","message":"💓 Heartbeat from DEV-000001-001:","mode":"IDLE","position_ms":0,"status":"IDLE","timestamp":"2026-02-28T09:56:00.613Z","volume":51}
{"audio_id":null,"current_audio":null,"level":"info","message":"💓 Heartbeat from DEV-000001-001:","mode":"IDLE","position_ms":0,"status":"IDLE","timestamp":"2026-02-28T09:56:45.590Z","volume":51}
{"audio_id":null,"current_audio":null,"level":"info","message":"💓 Heartbeat from DEV-000001-001:","mode":"IDLE","position_ms":0,"status":"IDLE","timestamp":"2026-02-28T09:57:30.598Z","volume":51}
{"audio_id":null,"current_audio":null,"level":"info","message":"💓 Heartbeat from DEV-000001-001:","mode":"IDLE","position_ms":0,"status":"IDLE","timestamp":"2026-02-28T09:58:15.747Z","volume":51}
{"audio_id":null,"current_audio":null,"level":"info","message":"💓 Heartbeat from DEV-000001-001:","mode":"IDLE","position_ms":0,"status":"IDLE","timestamp":"2026-02-28T09:59:00.734Z","volume":51}
{"audio_id":null,"current_audio":null,"level":"info","message":"💓 Heartbeat from DEV-000001-001:","mode":"IDLE","position_ms":0,"status":"IDLE","timestamp":"2026-02-28T09:59:45.737Z","volume":51}
{"audio_id":null,"current_audio":null,"level":"info","message":"💓 Heartbeat from DEV-000001-001:","mode":"IDLE","position_ms":0,"status":"IDLE","timestamp":"2026-02-28T10:00:30.747Z","volume":51}
{"audio_id":null,"current_audio":null,"level":"info","message":"💓 Heartbeat from DEV-000001-001:","mode":"IDLE","position_ms":0,"status":"IDLE","timestamp":"2026-02-28T10:01:15.722Z","volume":51}
{"level":"info","message":"📡 Agent DEV-000001-001 went OFFLINE","timestamp":"2026-02-28T10:01:34.924Z"}
{"level":"info","message":"🔌 Device connected: DEV-000001-001 (branch: 1)","timestamp":"2026-02-28T10:10:44.971Z"}
{"level":"info","message":"📻 Sent playlist to DEV-000001-001 — 3 tracks","timestamp":"2026-02-28T10:10:45.437Z"}
{"audio_id":null,"current_audio":null,"level":"info","message":"💓 Heartbeat from DEV-000001-001:","mode":"IDLE","position_ms":0,"status":"IDLE","timestamp":"2026-02-28T10:11:30.364Z","volume":51}
{"audio_id":null,"current_audio":null,"level":"info","message":"💓 Heartbeat from DEV-000001-001:","mode":"IDLE","position_ms":0,"status":"IDLE","timestamp":"2026-02-28T10:12:15.203Z","volume":51}
{"audio_id":null,"current_audio":null,"level":"info","message":"💓 Heartbeat from DEV-000001-001:","mode":"IDLE","position_ms":0,"status":"IDLE","timestamp":"2026-02-28T10:13:00.223Z","volume":51}
{"audio_id":null,"current_audio":null,"level":"info","message":"💓 Heartbeat from DEV-000001-001:","mode":"IDLE","position_ms":0,"status":"IDLE","timestamp":"2026-02-28T10:13:45.215Z","volume":51}
{"audio_id":null,"current_audio":null,"level":"info","message":"💓 Heartbeat from DEV-000001-001:","mode":"IDLE","position_ms":0,"status":"IDLE","timestamp":"2026-02-28T10:14:30.224Z","volume":51}
{"audio_id":null,"current_audio":null,"level":"info","message":"💓 Heartbeat from DEV-000001-001:","mode":"IDLE","position_ms":0,"status":"IDLE","timestamp":"2026-02-28T10:15:15.229Z","volume":51}
{"audio_id":null,"current_audio":null,"level":"info","message":"💓 Heartbeat from DEV-000001-001:","mode":"IDLE","position_ms":0,"status":"IDLE","timestamp":"2026-02-28T10:16:00.773Z","volume":51}
{"audio_id":null,"current_audio":null,"level":"info","message":"💓 Heartbeat from DEV-000001-001:","mode":"IDLE","position_ms":0,"status":"IDLE","timestamp":"2026-02-28T10:16:45.389Z","volume":51}
{"audio_id":null,"current_audio":null,"level":"info","message":"💓 Heartbeat from DEV-000001-001:","mode":"IDLE","position_ms":0,"status":"IDLE","timestamp":"2026-02-28T10:17:30.486Z","volume":51}
{"level":"info","message":"📡 Agent DEV-000001-001 went OFFLINE","timestamp":"2026-02-28T10:17:32.553Z"}
{"level":"info","message":"🔌 Device connected: DEV-000001-001 (branch: 1)","timestamp":"2026-02-28T10:20:40.781Z"}
{"level":"info","message":"📻 Sent playlist to DEV-000001-001 — 3 tracks","timestamp":"2026-02-28T10:20:40.977Z"}
{"audio_id":5,"current_audio":"audio-1","level":"info","message":"💓 Heartbeat from DEV-000001-001:","mode":"PLAYLIST","position_ms":-1,"status":"PLAYING","timestamp":"2026-02-28T10:20:40.985Z","volume":51}
{"audio_id":5,"current_audio":"audio-1","level":"info","message":"💓 Heartbeat from DEV-000001-001:","mode":"PLAYLIST","position_ms":0,"status":"PLAYING","timestamp":"2026-02-28T10:20:41.288Z","volume":51}
{"audio_id":5,"current_audio":"audio-1","level":"info","message":"💓 Heartbeat from DEV-000001-001:","mode":"PLAYLIST","position_ms":39134,"status":"PLAYING","timestamp":"2026-02-28T10:21:25.935Z","volume":51}
{"audio_id":5,"current_audio":"audio-1","level":"info","message":"💓 Heartbeat from DEV-000001-001:","mode":"PLAYLIST","position_ms":84086,"status":"PLAYING","timestamp":"2026-02-28T10:22:10.939Z","volume":51}
{"audio_id":5,"current_audio":"audio-1","level":"info","message":"💓 Heartbeat from DEV-000001-001:","mode":"PLAYLIST","position_ms":129174,"status":"PLAYING","timestamp":"2026-02-28T10:22:55.954Z","volume":51}
{"level":"info","message":"System has 4 total devices. 1 are ONLINE.","timestamp":"2026-02-28T10:23:00.518Z"}
{"level":"info","message":"📡 Checking Map for Device ID 1 (DEV-000001-001): MATCH FOUND","timestamp":"2026-02-28T10:23:00.518Z"}
{"level":"info","message":"📤 Schedule pushed → DEV-000001-001","timestamp":"2026-02-28T10:23:00.557Z"}
{"audio_id":2,"current_audio":"Diwali Promo","level":"info","message":"💓 Heartbeat from DEV-000001-001:","mode":"PLAYLIST","position_ms":149654,"status":"PLAYING","timestamp":"2026-02-28T10:23:16.458Z","volume":51}
{"audio_id":2,"current_audio":"Diwali Promo","level":"info","message":"💓 Heartbeat from DEV-000001-001:","mode":"PLAYLIST","position_ms":0,"status":"PLAYING","timestamp":"2026-02-28T10:23:16.832Z","volume":51}
{"audio_id":2,"current_audio":"Diwali Promo","level":"info","message":"💓 Heartbeat from DEV-000001-001:","mode":"PLAYLIST","position_ms":23932,"status":"PLAYING","timestamp":"2026-02-28T10:23:40.950Z","volume":51}
{"audio_id":2,"current_audio":"Diwali Promo","level":"info","message":"💓 Heartbeat from DEV-000001-001:","mode":"PLAYLIST","position_ms":69144,"status":"PLAYING","timestamp":"2026-02-28T10:24:25.958Z","volume":51}
{"audio_id":2,"current_audio":"Diwali Promo","level":"info","message":"💓 Heartbeat from DEV-000001-001:","mode":"PLAYLIST","position_ms":98468,"status":"PLAYING","timestamp":"2026-02-28T10:24:55.434Z","volume":51}
{"audio_id":1,"current_audio":"Morning Prayer","level":"info","message":"💓 Heartbeat from DEV-000001-001:","mode":"PLAYLIST","position_ms":98468,"status":"PLAYING","timestamp":"2026-02-28T10:24:55.662Z","volume":51}
{"audio_id":1,"current_audio":"Morning Prayer","level":"info","message":"💓 Heartbeat from DEV-000001-001:","mode":"PLAYLIST","position_ms":0,"status":"PLAYING","timestamp":"2026-02-28T10:24:55.978Z","volume":51}
{"audio_id":1,"current_audio":"Morning Prayer","level":"info","message":"💓 Heartbeat from DEV-000001-001:","mode":"PLAYLIST","position_ms":14809,"status":"PLAYING","timestamp":"2026-02-28T10:25:10.949Z","volume":51}
{"audio_id":1,"current_audio":"Morning Prayer","level":"info","message":"💓 Heartbeat from DEV-000001-001:","mode":"PLAYLIST","position_ms":59766,"status":"PLAYING","timestamp":"2026-02-28T10:25:55.955Z","volume":51}
{"audio_id":1,"current_audio":"Morning Prayer","level":"info","message":"💓 Heartbeat from DEV-000001-001:","mode":"PLAYLIST","position_ms":104984,"status":"PLAYING","timestamp":"2026-02-28T10:26:40.956Z","volume":51}
{"audio_id":1,"current_audio":"Morning Prayer","level":"info","message":"💓 Heartbeat from DEV-000001-001:","mode":"PLAYLIST","position_ms":126365,"status":"PLAYING","timestamp":"2026-02-28T10:27:02.591Z","volume":51}
{"audio_id":5,"current_audio":"audio-1","level":"info","message":"💓 Heartbeat from DEV-000001-001:","mode":"PLAYLIST","position_ms":126365,"status":"PLAYING","timestamp":"2026-02-28T10:27:02.752Z","volume":51}
{"audio_id":5,"current_audio":"audio-1","level":"info","message":"💓 Heartbeat from DEV-000001-001:","mode":"PLAYLIST","position_ms":129,"status":"PLAYING","timestamp":"2026-02-28T10:27:03.055Z","volume":51}
{"audio_id":5,"current_audio":"audio-1","level":"info","message":"💓 Heartbeat from DEV-000001-001:","mode":"PLAYLIST","position_ms":22777,"status":"PLAYING","timestamp":"2026-02-28T10:27:25.959Z","volume":51}
{"audio_id":"Morning Prayer","current_audio":"Morning Prayer","level":"info","message":"💓 Heartbeat from DEV-000001-001:","mode":"SCHEDULE","position_ms":0,"status":"PLAYING","timestamp":"2026-02-28T10:28:00.568Z","volume":51}
{"audio_id":"Morning Prayer","current_audio":"Morning Prayer","level":"info","message":"💓 Heartbeat from DEV-000001-001:","mode":"SCHEDULE","position_ms":0,"status":"PLAYING","timestamp":"2026-02-28T10:28:10.962Z","volume":51}
{"audio_id":"Morning Prayer","current_audio":"Morning Prayer","level":"info","message":"💓 Heartbeat from DEV-000001-001:","mode":"SCHEDULE","position_ms":0,"status":"PLAYING","timestamp":"2026-02-28T10:28:55.969Z","volume":51}
{"audio_id":"Morning Prayer","current_audio":"Morning Prayer","level":"info","message":"💓 Heartbeat from DEV-000001-001:","mode":"SCHEDULE","position_ms":0,"status":"PLAYING","timestamp":"2026-02-28T10:29:40.973Z","volume":51}
{"audio_id":null,"current_audio":null,"level":"info","message":"💓 Heartbeat from DEV-000001-001:","mode":"SCHEDULE","position_ms":0,"status":"IDLE","timestamp":"2026-02-28T10:30:07.174Z","volume":51}
{"audio_id":null,"current_audio":null,"level":"info","message":"💓 Heartbeat from DEV-000001-001:","mode":"SCHEDULE","position_ms":0,"status":"IDLE","timestamp":"2026-02-28T10:30:07.202Z","volume":51}
{"audio_id":null,"current_audio":null,"level":"info","message":"💓 Heartbeat from DEV-000001-001:","mode":"SCHEDULE","position_ms":0,"status":"IDLE","timestamp":"2026-02-28T10:30:25.973Z","volume":51}
{"audio_id":null,"current_audio":null,"level":"info","message":"💓 Heartbeat from DEV-000001-001:","mode":"SCHEDULE","position_ms":0,"status":"IDLE","timestamp":"2026-02-28T10:31:02.088Z","volume":51}
{"audio_id":5,"current_audio":"audio-1","level":"info","message":"💓 Heartbeat from DEV-000001-001:","mode":"PLAYLIST","position_ms":126364,"status":"PLAYING","timestamp":"2026-02-28T10:31:02.201Z","volume":51}
{"audio_id":5,"current_audio":"audio-1","level":"info","message":"💓 Heartbeat from DEV-000001-001:","mode":"PLAYLIST","position_ms":57206,"status":"PLAYING","timestamp":"2026-02-28T10:31:02.535Z","volume":51}
{"audio_id":5,"current_audio":"audio-1","level":"info","message":"💓 Heartbeat from DEV-000001-001:","mode":"PLAYLIST","position_ms":65380,"status":"PLAYING","timestamp":"2026-02-28T10:31:10.977Z","volume":51}
{"audio_id":5,"current_audio":"audio-1","level":"info","message":"💓 Heartbeat from DEV-000001-001:","mode":"PLAYLIST","position_ms":110341,"status":"PLAYING","timestamp":"2026-02-28T10:31:55.983Z","volume":51}
{"level":"info","message":"System has 4 total devices. 1 are ONLINE.","timestamp":"2026-02-28T10:32:09.815Z"}
{"level":"info","message":"📡 Checking Map for Device ID 1 (DEV-000001-001): MATCH FOUND","timestamp":"2026-02-28T10:32:09.815Z"}
{"level":"info","message":"📤 Schedule pushed → DEV-000001-001","timestamp":"2026-02-28T10:32:09.875Z"}
{"audio_id":"audio-1","current_audio":"audio-1","level":"info","message":"💓 Heartbeat from DEV-000001-001:","mode":"SCHEDULE","position_ms":0,"status":"PLAYING","timestamp":"2026-02-28T10:32:10.684Z","volume":51}
{"audio_id":"audio-1","current_audio":"audio-1","level":"info","message":"💓 Heartbeat from DEV-000001-001:","mode":"SCHEDULE","position_ms":0,"status":"PLAYING","timestamp":"2026-02-28T10:32:41.007Z","volume":51}
{"level":"info","message":"System has 4 total devices. 1 are ONLINE.","timestamp":"2026-02-28T10:33:01.796Z"}
{"level":"info","message":"📡 Checking Map for Device ID 1 (DEV-000001-001): MATCH FOUND","timestamp":"2026-02-28T10:33:01.797Z"}
{"level":"info","message":"📤 Schedule pushed → DEV-000001-001","timestamp":"2026-02-28T10:33:01.836Z"}
{"audio_id":"audio-1","current_audio":"audio-1","level":"info","message":"💓 Heartbeat from DEV-000001-001:","mode":"SCHEDULE","position_ms":0,"status":"PLAYING","timestamp":"2026-02-28T10:33:25.992Z","volume":51}
{"audio_id":"audio-1","current_audio":"audio-1","level":"info","message":"💓 Heartbeat from DEV-000001-001:","mode":"SCHEDULE","position_ms":0,"status":"PLAYING","timestamp":"2026-02-28T10:34:10.992Z","volume":51}
{"audio_id":null,"current_audio":null,"level":"info","message":"💓 Heartbeat from DEV-000001-001:","mode":"SCHEDULE","position_ms":0,"status":"IDLE","timestamp":"2026-02-28T10:34:43.314Z","volume":51}
{"audio_id":null,"current_audio":null,"level":"info","message":"💓 Heartbeat from DEV-000001-001:","mode":"SCHEDULE","position_ms":0,"status":"IDLE","timestamp":"2026-02-28T10:34:44.187Z","volume":51}
{"audio_id":5,"current_audio":"audio-1","level":"info","message":"💓 Heartbeat from DEV-000001-001:","mode":"PLAYLIST","position_ms":152229,"status":"PLAYING","timestamp":"2026-02-28T10:34:44.301Z","volume":51}
{"audio_id":5,"current_audio":"audio-1","level":"info","message":"💓 Heartbeat from DEV-000001-001:","mode":"PLAYLIST","position_ms":124837,"status":"PLAYING","timestamp":"2026-02-28T10:34:44.614Z","volume":51}
{"audio_id":5,"current_audio":"audio-1","level":"info","message":"💓 Heartbeat from DEV-000001-001:","mode":"PLAYLIST","position_ms":136147,"status":"PLAYING","timestamp":"2026-02-28T10:34:55.996Z","volume":51}
{"audio_id":5,"current_audio":"audio-1","level":"info","message":"💓 Heartbeat from DEV-000001-001:","mode":"PLAYLIST","position_ms":152448,"status":"PLAYING","timestamp":"2026-02-28T10:35:12.634Z","volume":51}
{"audio_id":2,"current_audio":"Diwali Promo","level":"info","message":"💓 Heartbeat from DEV-000001-001:","mode":"PLAYLIST","position_ms":152448,"status":"PLAYING","timestamp":"2026-02-28T10:35:12.862Z","volume":51}
{"audio_id":2,"current_audio":"Diwali Promo","level":"info","message":"💓 Heartbeat from DEV-000001-001:","mode":"PLAYLIST","position_ms":0,"status":"PLAYING","timestamp":"2026-02-28T10:35:13.163Z","volume":51}
{"audio_id":2,"current_audio":"Diwali Promo","level":"info","message":"💓 Heartbeat from DEV-000001-001:","mode":"PLAYLIST","position_ms":27766,"status":"PLAYING","timestamp":"2026-02-28T10:35:41.000Z","volume":51}
{"audio_id":2,"current_audio":"Diwali Promo","level":"info","message":"💓 Heartbeat from DEV-000001-001:","mode":"PLAYLIST","position_ms":72698,"status":"PLAYING","timestamp":"2026-02-28T10:36:26.003Z","volume":51}
{"audio_id":2,"current_audio":"Diwali Promo","level":"info","message":"💓 Heartbeat from DEV-000001-001:","mode":"PLAYLIST","position_ms":98381,"status":"PLAYING","timestamp":"2026-02-28T10:36:51.776Z","volume":51}
{"audio_id":1,"current_audio":"Morning Prayer","level":"info","message":"💓 Heartbeat from DEV-000001-001:","mode":"PLAYLIST","position_ms":98381,"status":"PLAYING","timestamp":"2026-02-28T10:36:52.039Z","volume":51}
{"audio_id":1,"current_audio":"Morning Prayer","level":"info","message":"💓 Heartbeat from DEV-000001-001:","mode":"PLAYLIST","position_ms":129,"status":"PLAYING","timestamp":"2026-02-28T10:36:52.340Z","volume":51}
{"audio_id":1,"current_audio":"Morning Prayer","level":"info","message":"💓 Heartbeat from DEV-000001-001:","mode":"PLAYLIST","position_ms":18519,"status":"PLAYING","timestamp":"2026-02-28T10:37:11.006Z","volume":51}
{"audio_id":1,"current_audio":"Morning Prayer","level":"info","message":"💓 Heartbeat from DEV-000001-001:","mode":"PLAYLIST","position_ms":63740,"status":"PLAYING","timestamp":"2026-02-28T10:37:56.010Z","volume":51}
{"level":"info","message":"System has 4 total devices. 1 are ONLINE.","timestamp":"2026-02-28T10:38:23.072Z"}
{"level":"info","message":"📡 Checking Map for Device ID 1 (DEV-000001-001): MATCH FOUND","timestamp":"2026-02-28T10:38:23.073Z"}
{"level":"info","message":"📤 Schedule pushed → DEV-000001-001","timestamp":"2026-02-28T10:38:23.103Z"}
{"audio_id":1,"current_audio":"Morning Prayer","level":"info","message":"💓 Heartbeat from DEV-000001-001:","mode":"PLAYLIST","position_ms":108694,"status":"PLAYING","timestamp":"2026-02-28T10:38:41.014Z","volume":51}
{"audio_id":1,"current_audio":"Morning Prayer","level":"info","message":"💓 Heartbeat from DEV-000001-001:","mode":"PLAYLIST","position_ms":126364,"status":"PLAYING","timestamp":"2026-02-28T10:38:58.949Z","volume":51}
{"audio_id":5,"current_audio":"audio-1","level":"info","message":"💓 Heartbeat from DEV-000001-001:","mode":"PLAYLIST","position_ms":126364,"status":"PLAYING","timestamp":"2026-02-28T10:38:59.101Z","volume":51}
{"audio_id":5,"current_audio":"audio-1","level":"info","message":"💓 Heartbeat from DEV-000001-001:","mode":"PLAYLIST","position_ms":51,"status":"PLAYING","timestamp":"2026-02-28T10:38:59.411Z","volume":51}
{"audio_id":"Morning Prayer","current_audio":"Morning Prayer","level":"info","message":"💓 Heartbeat from DEV-000001-001:","mode":"SCHEDULE","position_ms":0,"status":"PLAYING","timestamp":"2026-02-28T10:39:00.828Z","volume":51}
{"audio_id":"Morning Prayer","current_audio":"Morning Prayer","level":"info","message":"💓 Heartbeat from DEV-000001-001:","mode":"SCHEDULE","position_ms":0,"status":"PLAYING","timestamp":"2026-02-28T10:39:26.016Z","volume":51}
{"audio_id":"Morning Prayer","current_audio":"Morning Prayer","level":"info","message":"💓 Heartbeat from DEV-000001-001:","mode":"SCHEDULE","position_ms":0,"status":"PLAYING","timestamp":"2026-02-28T10:40:11.020Z","volume":51}
{"audio_id":"Morning Prayer","current_audio":"Morning Prayer","level":"info","message":"💓 Heartbeat from DEV-000001-001:","mode":"SCHEDULE","position_ms":0,"status":"PLAYING","timestamp":"2026-02-28T10:40:56.027Z","volume":51}
{"audio_id":null,"current_audio":null,"level":"info","message":"💓 Heartbeat from DEV-000001-001:","mode":"SCHEDULE","position_ms":0,"status":"IDLE","timestamp":"2026-02-28T10:41:07.429Z","volume":51}
{"audio_id":null,"current_audio":null,"level":"info","message":"💓 Heartbeat from DEV-000001-001:","mode":"SCHEDULE","position_ms":0,"status":"IDLE","timestamp":"2026-02-28T10:41:07.513Z","volume":51}
{"audio_id":null,"current_audio":null,"level":"info","message":"💓 Heartbeat from DEV-000001-001:","mode":"SCHEDULE","position_ms":0,"status":"IDLE","timestamp":"2026-02-28T10:41:41.027Z","volume":51}
{"audio_id":null,"current_audio":null,"level":"info","message":"💓 Heartbeat from DEV-000001-001:","mode":"SCHEDULE","position_ms":0,"status":"IDLE","timestamp":"2026-02-28T10:42:02.332Z","volume":51}
{"audio_id":5,"current_audio":"audio-1","level":"info","message":"💓 Heartbeat from DEV-000001-001:","mode":"PLAYLIST","position_ms":126262,"status":"PLAYING","timestamp":"2026-02-28T10:42:02.530Z","volume":51}
{"audio_id":5,"current_audio":"audio-1","level":"info","message":"💓 Heartbeat from DEV-000001-001:","mode":"PLAYLIST","position_ms":887,"status":"PLAYING","timestamp":"2026-02-28T10:42:02.833Z","volume":51}
{"audio_id":5,"current_audio":"audio-1","level":"info","message":"💓 Heartbeat from DEV-000001-001:","mode":"PLAYLIST","position_ms":23846,"status":"PLAYING","timestamp":"2026-02-28T10:42:26.032Z","volume":51}
{"audio_id":5,"current_audio":"audio-1","level":"info","message":"💓 Heartbeat from DEV-000001-001:","mode":"PLAYLIST","position_ms":68781,"status":"PLAYING","timestamp":"2026-02-28T10:43:11.057Z","volume":51}
{"audio_id":5,"current_audio":"audio-1","level":"info","message":"💓 Heartbeat from DEV-000001-001:","mode":"PLAYLIST","position_ms":114021,"status":"PLAYING","timestamp":"2026-02-28T10:43:56.039Z","volume":51}
{"audio_id":5,"current_audio":"audio-1","level":"info","message":"💓 Heartbeat from DEV-000001-001:","mode":"PLAYLIST","position_ms":152449,"status":"PLAYING","timestamp":"2026-02-28T10:44:35.005Z","volume":51}
{"audio_id":2,"current_audio":"Diwali Promo","level":"info","message":"💓 Heartbeat from DEV-000001-001:","mode":"PLAYLIST","position_ms":152449,"status":"PLAYING","timestamp":"2026-02-28T10:44:35.165Z","volume":51}
{"audio_id":2,"current_audio":"Diwali Promo","level":"info","message":"💓 Heartbeat from DEV-000001-001:","mode":"PLAYLIST","position_ms":76,"status":"PLAYING","timestamp":"2026-02-28T10:44:35.446Z","volume":51}
{"audio_id":2,"current_audio":"Diwali Promo","level":"info","message":"💓 Heartbeat from DEV-000001-001:","mode":"PLAYLIST","position_ms":5432,"status":"PLAYING","timestamp":"2026-02-28T10:44:41.049Z","volume":51}
{"audio_id":2,"current_audio":"Diwali Promo","level":"info","message":"💓 Heartbeat from DEV-000001-001:","mode":"PLAYLIST","position_ms":50649,"status":"PLAYING","timestamp":"2026-02-28T10:45:26.069Z","volume":51}
{"audio_id":2,"current_audio":"Diwali Promo","level":"info","message":"💓 Heartbeat from DEV-000001-001:","mode":"PLAYLIST","position_ms":95606,"status":"PLAYING","timestamp":"2026-02-28T10:46:11.055Z","volume":51}
{"audio_id":2,"current_audio":"Diwali Promo","level":"info","message":"💓 Heartbeat from DEV-000001-001:","mode":"PLAYLIST","position_ms":98465,"status":"PLAYING","timestamp":"2026-02-28T10:46:14.525Z","volume":51}
{"audio_id":1,"current_audio":"Morning Prayer","level":"info","message":"💓 Heartbeat from DEV-000001-001:","mode":"PLAYLIST","position_ms":98465,"status":"PLAYING","timestamp":"2026-02-28T10:46:14.568Z","volume":51}
{"audio_id":1,"current_audio":"Morning Prayer","level":"info","message":"💓 Heartbeat from DEV-000001-001:","mode":"PLAYLIST","position_ms":0,"status":"PLAYING","timestamp":"2026-02-28T10:46:14.873Z","volume":51}
{"audio_id":1,"current_audio":"Morning Prayer","level":"info","message":"💓 Heartbeat from DEV-000001-001:","mode":"PLAYLIST","position_ms":40853,"status":"PLAYING","timestamp":"2026-02-28T10:46:56.060Z","volume":51}
{"audio_id":1,"current_audio":"Morning Prayer","level":"info","message":"💓 Heartbeat from DEV-000001-001:","mode":"PLAYLIST","position_ms":85784,"status":"PLAYING","timestamp":"2026-02-28T10:47:41.083Z","volume":51}
{"audio_id":1,"current_audio":"Morning Prayer","level":"info","message":"💓 Heartbeat from DEV-000001-001:","mode":"PLAYLIST","position_ms":126270,"status":"PLAYING","timestamp":"2026-02-28T10:48:21.992Z","volume":51}
{"audio_id":5,"current_audio":"audio-1","level":"info","message":"💓 Heartbeat from DEV-000001-001:","mode":"PLAYLIST","position_ms":126270,"status":"PLAYING","timestamp":"2026-02-28T10:48:22.235Z","volume":51}
{"audio_id":5,"current_audio":"audio-1","level":"info","message":"💓 Heartbeat from DEV-000001-001:","mode":"PLAYLIST","position_ms":102,"status":"PLAYING","timestamp":"2026-02-28T10:48:22.536Z","volume":51}
{"audio_id":5,"current_audio":"audio-1","level":"info","message":"💓 Heartbeat from DEV-000001-001:","mode":"PLAYLIST","position_ms":3446,"status":"PLAYING","timestamp":"2026-02-28T10:48:26.064Z","volume":51}
{"audio_id":5,"current_audio":"audio-1","level":"info","message":"💓 Heartbeat from DEV-000001-001:","mode":"PLAYLIST","position_ms":48378,"status":"PLAYING","timestamp":"2026-02-28T10:49:11.086Z","volume":51}
{"audio_id":5,"current_audio":"audio-1","level":"info","message":"💓 Heartbeat from DEV-000001-001:","mode":"PLAYLIST","position_ms":93624,"status":"PLAYING","timestamp":"2026-02-28T10:49:56.089Z","volume":51}
{"audio_id":5,"current_audio":"audio-1","level":"info","message":"💓 Heartbeat from DEV-000001-001:","mode":"PLAYLIST","position_ms":138551,"status":"PLAYING","timestamp":"2026-02-28T10:50:41.104Z","volume":51}
{"audio_id":5,"current_audio":"audio-1","level":"info","message":"💓 Heartbeat from DEV-000001-001:","mode":"PLAYLIST","position_ms":152250,"status":"PLAYING","timestamp":"2026-02-28T10:50:55.156Z","volume":51}
{"audio_id":2,"current_audio":"Diwali Promo","level":"info","message":"💓 Heartbeat from DEV-000001-001:","mode":"PLAYLIST","position_ms":152250,"status":"PLAYING","timestamp":"2026-02-28T10:50:55.424Z","volume":51}
{"audio_id":2,"current_audio":"Diwali Promo","level":"info","message":"💓 Heartbeat from DEV-000001-001:","mode":"PLAYLIST","position_ms":104,"status":"PLAYING","timestamp":"2026-02-28T10:50:55.730Z","volume":51}
{"audio_id":2,"current_audio":"Diwali Promo","level":"info","message":"💓 Heartbeat from DEV-000001-001:","mode":"PLAYLIST","position_ms":30456,"status":"PLAYING","timestamp":"2026-02-28T10:51:26.088Z","volume":51}
{"audio_id":2,"current_audio":"Diwali Promo","level":"info","message":"💓 Heartbeat from DEV-000001-001:","mode":"PLAYLIST","position_ms":75413,"status":"PLAYING","timestamp":"2026-02-28T10:52:11.082Z","volume":51}
{"audio_id":2,"current_audio":"Diwali Promo","level":"info","message":"💓 Heartbeat from DEV-000001-001:","mode":"PLAYLIST","position_ms":98465,"status":"PLAYING","timestamp":"2026-02-28T10:52:34.314Z","volume":51}
{"audio_id":1,"current_audio":"Morning Prayer","level":"info","message":"💓 Heartbeat from DEV-000001-001:","mode":"PLAYLIST","position_ms":98465,"status":"PLAYING","timestamp":"2026-02-28T10:52:34.552Z","volume":51}
{"audio_id":1,"current_audio":"Morning Prayer","level":"info","message":"💓 Heartbeat from DEV-000001-001:","mode":"PLAYLIST","position_ms":0,"status":"PLAYING","timestamp":"2026-02-28T10:52:34.853Z","volume":51}
{"audio_id":1,"current_audio":"Morning Prayer","level":"info","message":"💓 Heartbeat from DEV-000001-001:","mode":"PLAYLIST","position_ms":21210,"status":"PLAYING","timestamp":"2026-02-28T10:52:56.097Z","volume":51}
{"audio_id":1,"current_audio":"Morning Prayer","level":"info","message":"💓 Heartbeat from DEV-000001-001:","mode":"PLAYLIST","position_ms":66167,"status":"PLAYING","timestamp":"2026-02-28T10:53:41.096Z","volume":51}
{"audio_id":1,"current_audio":"Morning Prayer","level":"info","message":"💓 Heartbeat from DEV-000001-001:","mode":"PLAYLIST","position_ms":111098,"status":"PLAYING","timestamp":"2026-02-28T10:54:26.096Z","volume":51}
{"audio_id":1,"current_audio":"Morning Prayer","level":"info","message":"💓 Heartbeat from DEV-000001-001:","mode":"PLAYLIST","position_ms":126283,"status":"PLAYING","timestamp":"2026-02-28T10:54:41.466Z","volume":51}
{"audio_id":5,"current_audio":"audio-1","level":"info","message":"💓 Heartbeat from DEV-000001-001:","mode":"PLAYLIST","position_ms":126283,"status":"PLAYING","timestamp":"2026-02-28T10:54:41.623Z","volume":51}
{"audio_id":5,"current_audio":"audio-1","level":"info","message":"💓 Heartbeat from DEV-000001-001:","mode":"PLAYLIST","position_ms":77,"status":"PLAYING","timestamp":"2026-02-28T10:54:41.934Z","volume":51}
{"audio_id":5,"current_audio":"audio-1","level":"info","message":"💓 Heartbeat from DEV-000001-001:","mode":"PLAYLIST","position_ms":29048,"status":"PLAYING","timestamp":"2026-02-28T10:55:11.112Z","volume":51}
{"audio_id":5,"current_audio":"audio-1","level":"info","message":"💓 Heartbeat from DEV-000001-001:","mode":"PLAYLIST","position_ms":73976,"status":"PLAYING","timestamp":"2026-02-28T10:55:56.132Z","volume":51}
{"audio_id":5,"current_audio":"audio-1","level":"info","message":"💓 Heartbeat from DEV-000001-001:","mode":"PLAYLIST","position_ms":119222,"status":"PLAYING","timestamp":"2026-02-28T10:56:41.113Z","volume":51}
{"audio_id":5,"current_audio":"audio-1","level":"info","message":"💓 Heartbeat from DEV-000001-001:","mode":"PLAYLIST","position_ms":152232,"status":"PLAYING","timestamp":"2026-02-28T10:57:14.548Z","volume":51}
{"audio_id":2,"current_audio":"Diwali Promo","level":"info","message":"💓 Heartbeat from DEV-000001-001:","mode":"PLAYLIST","position_ms":152232,"status":"PLAYING","timestamp":"2026-02-28T10:57:14.824Z","volume":51}
{"audio_id":2,"current_audio":"Diwali Promo","level":"info","message":"💓 Heartbeat from DEV-000001-001:","mode":"PLAYLIST","position_ms":77,"status":"PLAYING","timestamp":"2026-02-28T10:57:15.125Z","volume":51}
{"audio_id":2,"current_audio":"Diwali Promo","level":"info","message":"💓 Heartbeat from DEV-000001-001:","mode":"PLAYLIST","position_ms":10840,"status":"PLAYING","timestamp":"2026-02-28T10:57:26.110Z","volume":51}
{"audio_id":2,"current_audio":"Diwali Promo","level":"info","message":"💓 Heartbeat from DEV-000001-001:","mode":"PLAYLIST","position_ms":56058,"status":"PLAYING","timestamp":"2026-02-28T10:58:11.131Z","volume":51}
{"audio_id":2,"current_audio":"Diwali Promo","level":"info","message":"💓 Heartbeat from DEV-000001-001:","mode":"PLAYLIST","position_ms":98470,"status":"PLAYING","timestamp":"2026-02-28T10:58:53.729Z","volume":51}
{"audio_id":1,"current_audio":"Morning Prayer","level":"info","message":"💓 Heartbeat from DEV-000001-001:","mode":"PLAYLIST","position_ms":98470,"status":"PLAYING","timestamp":"2026-02-28T10:58:53.946Z","volume":51}
{"audio_id":1,"current_audio":"Morning Prayer","level":"info","message":"💓 Heartbeat from DEV-000001-001:","mode":"PLAYLIST","position_ms":50,"status":"PLAYING","timestamp":"2026-02-28T10:58:54.254Z","volume":51}
{"audio_id":1,"current_audio":"Morning Prayer","level":"info","message":"💓 Heartbeat from DEV-000001-001:","mode":"PLAYLIST","position_ms":1723,"status":"PLAYING","timestamp":"2026-02-28T10:58:56.116Z","volume":51}
{"audio_id":1,"current_audio":"Morning Prayer","level":"info","message":"💓 Heartbeat from DEV-000001-001:","mode":"PLAYLIST","position_ms":46679,"status":"PLAYING","timestamp":"2026-02-28T10:59:41.148Z","volume":51}
{"audio_id":1,"current_audio":"Morning Prayer","level":"info","message":"💓 Heartbeat from DEV-000001-001:","mode":"PLAYLIST","position_ms":91900,"status":"PLAYING","timestamp":"2026-02-28T11:00:26.139Z","volume":51}
{"audio_id":1,"current_audio":"Morning Prayer","level":"info","message":"💓 Heartbeat from DEV-000001-001:","mode":"PLAYLIST","position_ms":126365,"status":"PLAYING","timestamp":"2026-02-28T11:01:00.876Z","volume":51}
{"audio_id":5,"current_audio":"audio-1","level":"info","message":"💓 Heartbeat from DEV-000001-001:","mode":"PLAYLIST","position_ms":126365,"status":"PLAYING","timestamp":"2026-02-28T11:01:01.008Z","volume":51}
{"audio_id":5,"current_audio":"audio-1","level":"info","message":"💓 Heartbeat from DEV-000001-001:","mode":"PLAYLIST","position_ms":25,"status":"PLAYING","timestamp":"2026-02-28T11:01:01.310Z","volume":51}
{"audio_id":5,"current_audio":"audio-1","level":"info","message":"💓 Heartbeat from DEV-000001-001:","mode":"PLAYLIST","position_ms":9690,"status":"PLAYING","timestamp":"2026-02-28T11:01:11.128Z","volume":51}
{"audio_id":5,"current_audio":"audio-1","level":"info","message":"💓 Heartbeat from DEV-000001-001:","mode":"PLAYLIST","position_ms":54647,"status":"PLAYING","timestamp":"2026-02-28T11:01:56.150Z","volume":51}
{"audio_id":5,"current_audio":"audio-1","level":"info","message":"💓 Heartbeat from DEV-000001-001:","mode":"PLAYLIST","position_ms":99864,"status":"PLAYING","timestamp":"2026-02-28T11:02:41.188Z","volume":51}
{"audio_id":5,"current_audio":"audio-1","level":"info","message":"💓 Heartbeat from DEV-000001-001:","mode":"PLAYLIST","position_ms":144825,"status":"PLAYING","timestamp":"2026-02-28T11:03:26.159Z","volume":51}
{"audio_id":5,"current_audio":"audio-1","level":"info","message":"💓 Heartbeat from DEV-000001-001:","mode":"PLAYLIST","position_ms":152230,"status":"PLAYING","timestamp":"2026-02-28T11:03:33.921Z","volume":51}
{"audio_id":2,"current_audio":"Diwali Promo","level":"info","message":"💓 Heartbeat from DEV-000001-001:","mode":"PLAYLIST","position_ms":152230,"status":"PLAYING","timestamp":"2026-02-28T11:03:34.193Z","volume":51}
{"audio_id":2,"current_audio":"Diwali Promo","level":"info","message":"💓 Heartbeat from DEV-000001-001:","mode":"PLAYLIST","position_ms":78,"status":"PLAYING","timestamp":"2026-02-28T11:03:34.494Z","volume":51}
{"audio_id":2,"current_audio":"Diwali Promo","level":"info","message":"💓 Heartbeat from DEV-000001-001:","mode":"PLAYLIST","position_ms":36726,"status":"PLAYING","timestamp":"2026-02-28T11:04:11.173Z","volume":51}
{"level":"info","message":"📡 Agent DEV-000001-001 went OFFLINE","timestamp":"2026-02-28T11:04:56.312Z"}
